2017-10-05 23:17:51_0.67299300 1507216671 :/standard/dictionaries

2017-10-05 23:17:52_0.04689400 1507216672 :/base/ajaxSectionList?sort=id&order=desc&limit=10&offset=0

2017-10-05 23:17:52_0.28416500 1507216672 :/favicon.ico

2017-10-05 23:18:30_0.24567200 1507216710 :/standard/dictionaries

2017-10-05 23:18:30_0.59109700 1507216710 :/base/ajaxSectionList?sort=id&order=desc&limit=10&offset=0

2017-10-05 23:18:33_0.19953200 1507216713 :/favicon.ico

2017-10-05 23:19:10_0.03645000 1507216750 :/standard/dictionaries

2017-10-05 23:19:10_0.37676500 1507216750 :/base/ajaxSectionList?sort=id&order=desc&limit=10&offset=0

2017-10-05 23:19:10_0.57496500 1507216750 :/favicon.ico

2017-10-05 23:19:11_0.55894500 1507216751 :/standard/dictionaries

2017-10-05 23:19:11_0.88765700 1507216751 :/base/ajaxSectionList?sort=id&order=desc&limit=10&offset=0

2017-10-05 23:19:12_0.08870700 1507216752 :/favicon.ico

2017-10-05 23:29:23_0.32924300 1507217363 :/standard/dictionaries

2017-10-05 23:29:23_0.77067300 1507217363 :/base/ajaxSectionList?sort=id&order=desc&limit=10&offset=0

2017-10-05 23:29:25_0.77821700 1507217365 :/favicon.ico

2017-10-05 23:29:37_0.75585200 1507217377 :/standard/dictionaries

2017-10-05 23:29:38_0.08723300 1507217378 :/base/ajaxSectionList?sort=id&order=desc&limit=10&offset=0

2017-10-05 23:29:38_0.30006900 1507217378 :/favicon.ico

2017-10-05 23:29:40_0.44804800 1507217380 :/standard/dictionaries

2017-10-05 23:29:40_0.73293000 1507217380 :/base/ajaxSectionList?sort=id&order=desc&limit=10&offset=0

2017-10-05 23:29:42_0.56718800 1507217382 :/favicon.ico

2017-10-05 23:30:33_0.10203900 1507217433 :/standard/dictionaries

2017-10-05 23:30:33_0.40745900 1507217433 :/base/ajaxSectionList?sort=id&order=desc&limit=10&offset=0

2017-10-05 23:30:33_0.76275800 1507217433 :/favicon.ico

2017-10-05 23:30:34_0.02094900 1507217434 :/standard/dictionaries

2017-10-05 23:30:34_0.30952300 1507217434 :/base/ajaxSectionList?sort=id&order=desc&limit=10&offset=0

2017-10-05 23:30:34_0.49815600 1507217434 :/favicon.ico

2017-10-05 23:30:34_0.86058700 1507217434 :/standard/dictionaries

2017-10-05 23:30:35_0.14503000 1507217435 :/base/ajaxSectionList?sort=id&order=desc&limit=10&offset=0

2017-10-05 23:30:35_0.32350500 1507217435 :/favicon.ico

2017-10-05 23:30:37_0.49094500 1507217437 :/standard/dictionaries

2017-10-05 23:30:37_0.80220800 1507217437 :/base/ajaxSectionList?sort=id&order=desc&limit=10&offset=0

2017-10-05 23:30:38_0.00862000 1507217438 :/favicon.ico

2017-10-05 23:30:41_0.65244000 1507217441 :/base/section

2017-10-05 23:30:41_0.98252400 1507217441 :/base/ajaxSectionList?sort=id&order=desc&limit=10&offset=0

2017-10-05 23:30:42_0.15867700 1507217442 :/favicon.ico

2017-10-05 23:30:42_0.79833000 1507217442 :/base/section

2017-10-05 23:30:43_0.12814700 1507217443 :/base/ajaxSectionList?sort=id&order=desc&limit=10&offset=0

2017-10-05 23:30:43_0.30721400 1507217443 :/favicon.ico

2017-10-05 23:30:52_0.25358300 1507217452 :/base/section

2017-10-05 23:30:52_0.59316500 1507217452 :/base/ajaxSectionList?sort=id&order=desc&limit=10&offset=0

2017-10-05 23:30:52_0.80021700 1507217452 :/favicon.ico

2017-10-05 23:30:53_0.26892500 1507217453 :/base/section

2017-10-05 23:30:53_0.56604200 1507217453 :/base/ajaxSectionList?sort=id&order=desc&limit=10&offset=0

2017-10-05 23:30:53_0.72943000 1507217453 :/favicon.ico

2017-10-05 23:30:54_0.20285700 1507217454 :/base/section

2017-10-05 23:30:54_0.54881700 1507217454 :/base/ajaxSectionList?sort=id&order=desc&limit=10&offset=0

2017-10-05 23:30:54_0.71584200 1507217454 :/favicon.ico

2017-10-05 23:30:56_0.46607900 1507217456 :/base/section

2017-10-05 23:30:56_0.78540800 1507217456 :/base/ajaxSectionList?sort=id&order=desc&limit=10&offset=0

2017-10-05 23:30:58_0.57342700 1507217458 :/favicon.ico

2017-10-05 23:31:15_0.20261700 1507217475 :/standard/dictionaries

2017-10-05 23:31:15_0.54902000 1507217475 :/base/ajaxSectionList?sort=id&order=desc&limit=10&offset=0

2017-10-05 23:31:15_0.76957700 1507217475 :/favicon.ico

2017-10-05 23:33:31_0.18941600 1507217611 :/standard/dictionaries

2017-10-05 23:33:31_0.51721900 1507217611 :/base/ajaxSectionList?sort=id&order=desc&limit=10&offset=0

2017-10-05 23:33:31_0.73429300 1507217611 :/favicon.ico

2017-10-05 23:33:34_0.02035700 1507217614 :/standard/dictionaries

2017-10-05 23:33:34_0.33226600 1507217614 :/base/ajaxSectionList?sort=id&order=desc&limit=10&offset=0

2017-10-05 23:33:34_0.53917200 1507217614 :/favicon.ico

2017-10-05 23:39:46_0.48654000 1507217986 :/standard/dictionaries

2017-10-05 23:39:46_0.80822100 1507217986 :/base/ajaxSectionList?sort=id&order=desc&limit=10&offset=0

2017-10-05 23:39:47_0.02891900 1507217987 :/favicon.ico

2017-10-05 23:39:47_0.35714000 1507217987 :/standard/dictionaries

2017-10-05 23:39:47_0.66816400 1507217987 :/base/ajaxSectionList?sort=id&order=desc&limit=10&offset=0

2017-10-05 23:39:47_0.85527400 1507217987 :/favicon.ico

2017-10-05 23:39:48_0.15461300 1507217988 :/standard/dictionaries

2017-10-05 23:39:48_0.46914300 1507217988 :/base/ajaxSectionList?sort=id&order=desc&limit=10&offset=0

2017-10-05 23:39:48_0.66090800 1507217988 :/favicon.ico

2017-10-05 23:39:48_0.92463200 1507217988 :/standard/dictionaries

2017-10-05 23:39:49_0.21249100 1507217989 :/base/ajaxSectionList?sort=id&order=desc&limit=10&offset=0

2017-10-05 23:39:49_0.39867100 1507217989 :/favicon.ico

2017-10-05 23:39:51_0.74657200 1507217991 :/standard/dictionaries

2017-10-05 23:39:52_0.06050900 1507217992 :/base/ajaxSectionList?sort=id&order=desc&limit=10&offset=0

2017-10-05 23:39:52_0.62476400 1507217992 :/favicon.ico

2017-10-05 23:40:01_0.30881800 1507218001 :/base/section

2017-10-05 23:40:01_0.53535600 1507218001 :/base/ajaxSectionList?sort=id&order=desc&limit=10&offset=0

2017-10-05 23:40:01_0.71543000 1507218001 :/favicon.ico

2017-10-05 23:42:59_0.17515400 1507218179 :/base/section

2017-10-05 23:42:59_0.37203300 1507218179 :/base/ajaxSectionList?sort=id&order=desc&limit=10&offset=0

2017-10-05 23:42:59_0.57073500 1507218179 :/favicon.ico

2017-10-05 23:43:04_0.17830600 1507218184 :/standard/dictionaries

2017-10-05 23:43:04_0.29153500 1507218184 :/base/ajaxSectionList?sort=id&order=desc&limit=10&offset=0

2017-10-05 23:43:04_0.38210100 1507218184 :/favicon.ico

2017-10-05 23:43:11_0.14719700 1507218191 :/standard/dictionaries

2017-10-05 23:43:11_0.45768700 1507218191 :/Standard/ajaxDictionaryList?sort=id&order=desc&limit=10&offset=0

2017-10-05 23:43:11_0.64963300 1507218191 :/favicon.ico

2017-10-05 23:44:14_0.57906500 1507218254 :/standard/dictionaries

2017-10-05 23:44:14_0.91744300 1507218254 :/Standard/ajaxDictionaryList?sort=id&order=desc&limit=10&offset=0

2017-10-05 23:44:15_0.66563600 1507218255 :/favicon.ico

2017-10-05 23:44:17_0.35590300 1507218257 :/standard/dictionaries

2017-10-05 23:44:17_0.64280900 1507218257 :/Standard/ajaxDictionaryList?sort=id&order=desc&limit=10&offset=0

2017-10-05 23:44:17_0.81836200 1507218257 :/favicon.ico

2017-10-05 23:44:19_0.39026700 1507218259 :/standard/dictionaries

2017-10-05 23:44:19_0.69486000 1507218259 :/Standard/ajaxDictionaryList?sort=id&order=desc&limit=10&offset=0

2017-10-05 23:44:19_0.90130600 1507218259 :/favicon.ico

