2017-10-14 00:21:38_0.08155500 1507911698 :/standard/export_data

2017-10-14 00:21:38_0.58784300 1507911698 :/base/ajaxSectionList?sort=id&order=desc&limit=10&offset=0

2017-10-14 00:21:46_0.32724300 1507911706 :/standard/edit_data

2017-10-14 00:21:46_0.63800800 1507911706 :/Standard/ajaxEditImportDataList?sort=id&order=asc&limit=10&offset=0

2017-10-14 00:21:49_0.59136600 1507911709 :/standard/import_data

2017-10-14 00:21:50_0.00308300 1507911710 :/Standard/ajaxGetExportDictionary

2017-10-14 00:21:51_0.66301100 1507911711 :/standard/summary_month

2017-10-14 00:21:52_0.02693300 1507911712 :/Standard/ajaxGetSummaryMonthList?sort=id&order=asc&limit=10&offset=0

2017-10-14 00:22:57_0.55060200 1507911777 :/standard/export_data

2017-10-14 00:22:57_0.89841200 1507911777 :/base/ajaxSectionList?sort=id&order=desc&limit=10&offset=0

2017-10-14 00:23:24_0.74320300 1507911804 :/standard/export_data

2017-10-14 00:23:25_0.09205900 1507911805 :/base/ajaxSectionList?sort=id&order=desc&limit=10&offset=0

2017-10-14 00:23:27_0.10045100 1507911807 :/standard/export_data

2017-10-14 00:23:27_0.43187800 1507911807 :/Standard/ajaxGetReportDepartment

2017-10-14 00:23:40_0.91568400 1507911820 :/standard/export_data

2017-10-14 00:23:41_0.10942700 1507911821 :/favicon.ico

2017-10-14 00:24:04_0.75928600 1507911844 :/standard/export_data

2017-10-14 00:24:05_0.16761200 1507911845 :/Standard/ajaxGetReportDepartment

2017-10-14 00:24:06_0.65917600 1507911846 :/standard/export_data

2017-10-14 00:24:06_0.98642400 1507911846 :/Standard/ajaxGetReportDepartment

2017-10-14 00:24:08_0.11827600 1507911848 :/standard/export_data

2017-10-14 00:24:08_0.47696000 1507911848 :/Standard/ajaxGetReportDepartment

2017-10-14 00:24:10_0.37623900 1507911850 :/standard/export_data

2017-10-14 00:24:10_0.71302800 1507911850 :/Standard/ajaxGetReportDepartment

2017-10-14 00:24:11_0.40219300 1507911851 :/standard/export_data

2017-10-14 00:24:11_0.72561600 1507911851 :/Standard/ajaxGetReportDepartment

2017-10-14 00:24:13_0.84367000 1507911853 :/standard/export_data

2017-10-14 00:24:14_0.20420800 1507911854 :/Standard/ajaxGetReportDepartment

2017-10-14 00:24:16_0.09200900 1507911856 :/standard/summary_month

2017-10-14 00:24:16_0.38032000 1507911856 :/Standard/ajaxGetSummaryMonthList?sort=id&order=asc&limit=10&offset=0

2017-10-14 00:24:17_0.75029100 1507911857 :/standard/summary_section

2017-10-14 00:24:18_0.08368600 1507911858 :/Standard/ajaxGetSummarySectionList?sort=id&order=asc&limit=10&offset=0

2017-10-14 00:24:19_0.38768400 1507911859 :/standard/summary_month

2017-10-14 00:24:19_0.67984600 1507911859 :/Standard/ajaxGetSummaryMonthList?sort=id&order=asc&limit=10&offset=0

2017-10-14 00:25:01_0.14675200 1507911901 :/standard/export_data

2017-10-14 00:25:01_0.52648900 1507911901 :/Standard/ajaxGetReportDepartment

2017-10-14 00:25:05_0.45238600 1507911905 :/standard/report_department

2017-10-14 00:25:05_0.80809400 1507911905 :/Standard/ajaxGetReportDepartment

2017-10-14 00:25:08_0.00425100 1507911908 :/standard/export_data

2017-10-14 00:25:08_0.35037400 1507911908 :/Standard/ajaxGetReportDepartment

2017-10-14 00:25:10_0.11421800 1507911910 :/standard/export_data

2017-10-14 00:25:10_0.44075000 1507911910 :/Standard/ajaxGetReportDepartment

2017-10-14 00:25:11_0.35455900 1507911911 :/standard/export_data

2017-10-14 00:25:11_0.67334600 1507911911 :/Standard/ajaxGetReportDepartment

2017-10-14 00:26:05_0.17641200 1507911965 :/standard/export_data

2017-10-14 00:26:05_0.52416500 1507911965 :/Standard/ajaxGetReportDepartment

2017-10-14 00:26:07_0.07824200 1507911967 :/standard/export_data

2017-10-14 00:26:07_0.41411600 1507911967 :/Standard/ajaxGetReportDepartment

2017-10-14 00:26:08_0.44784900 1507911968 :/standard/report_department

2017-10-14 00:26:08_0.87193400 1507911968 :/Standard/ajaxGetReportDepartment

2017-10-14 00:26:10_0.56862000 1507911970 :/standard/report_indicators

2017-10-14 00:26:10_0.86970300 1507911970 :/Standard/ajaxGetReportIndicators?sort=id&order=asc&limit=10&offset=0

2017-10-14 00:26:10_0.88225200 1507911970 :/Standard/ajaxDictionaryGetAllChild?sort=id&order=asc&limit=10&offset=0

2017-10-14 00:26:12_0.80195600 1507911972 :/standard/export_dictionary

2017-10-14 00:26:13_0.13868500 1507911973 :/Standard/ajaxGetExportDictionary

2017-10-14 00:26:17_0.35428400 1507911977 :/standard/export_dictionary

2017-10-14 00:26:17_0.69562600 1507911977 :/Standard/ajaxGetExportDictionary

2017-10-14 00:26:20_0.06821000 1507911980 :/standard/import_data

2017-10-14 00:26:20_0.46551500 1507911980 :/Standard/ajaxGetExportDictionary

2017-10-14 00:26:22_0.33989200 1507911982 :/standard/edit_data

2017-10-14 00:26:22_0.68926300 1507911982 :/Standard/ajaxEditImportDataList?sort=id&order=asc&limit=10&offset=0

2017-10-14 00:26:23_0.75228300 1507911983 :/standard/summary_month

2017-10-14 00:26:24_0.03685900 1507911984 :/Standard/ajaxGetSummaryMonthList?sort=id&order=asc&limit=10&offset=0

2017-10-14 00:26:25_0.20956500 1507911985 :/standard/summary_section

2017-10-14 00:26:25_0.51939600 1507911985 :/Standard/ajaxGetSummarySectionList?sort=id&order=asc&limit=10&offset=0

2017-10-14 00:26:27_0.69756800 1507911987 :/standard/summary_month

2017-10-14 00:26:27_0.98364400 1507911987 :/Standard/ajaxGetSummaryMonthList?sort=id&order=asc&limit=10&offset=0

2017-10-14 00:26:50_0.42427100 1507912010 :/standard/summary_month

2017-10-14 00:26:50_0.73780800 1507912010 :/Standard/ajaxGetSummaryMonthList?sort=id&order=asc&limit=10&offset=0

2017-10-14 00:26:52_0.89658500 1507912012 :/standard/export_data

2017-10-14 00:26:53_0.08126500 1507912013 :/favicon.ico

2017-10-14 00:27:24_0.27712200 1507912044 :/standard/export_data

2017-10-14 00:27:24_0.67297100 1507912044 :/Standard/ajaxGetReportDepartment

2017-10-14 00:27:26_0.38614800 1507912046 :/standard/export_data

2017-10-14 00:27:26_0.72356300 1507912046 :/Standard/ajaxGetReportDepartment

2017-10-14 00:27:29_0.53202200 1507912049 :/standard/export_data

2017-10-14 00:27:29_0.88525500 1507912049 :/Standard/ajaxGetReportDepartment

2017-10-14 00:27:31_0.46553200 1507912051 :/standard/export_data

2017-10-14 00:27:31_0.79598200 1507912051 :/Standard/ajaxGetReportDepartment

2017-10-14 00:27:39_0.05623200 1507912059 :/standard/export_data

2017-10-14 00:27:39_0.39032700 1507912059 :/Standard/ajaxGetReportDepartment

2017-10-14 00:28:47_0.02482500 1507912127 :/standard/export_data

2017-10-14 00:28:47_0.39018300 1507912127 :/Standard/ajaxGetReportDepartment

2017-10-14 00:28:50_0.83909700 1507912130 :/standard/export_data

2017-10-14 00:28:51_0.20975300 1507912131 :/Standard/ajaxGetReportDepartment

2017-10-14 00:28:53_0.70951900 1507912133 :/standard/export_data

2017-10-14 00:28:54_0.08277600 1507912134 :/Standard/ajaxGetReportDepartment

2017-10-14 00:28:56_0.21449900 1507912136 :/standard/list_data

2017-10-14 00:28:56_0.53257400 1507912136 :/Standard/ajaxImportDataList?sort=id&order=asc&limit=10&offset=0

2017-10-14 00:28:58_0.09329600 1507912138 :/standard/report_department

2017-10-14 00:28:58_0.41686900 1507912138 :/Standard/ajaxGetReportDepartment

2017-10-14 00:29:00_0.36498300 1507912140 :/standard/export_data

2017-10-14 00:29:00_0.69430900 1507912140 :/Standard/ajaxGetReportDepartment

2017-10-14 00:29:03_0.09265400 1507912143 :/standard/export_data

2017-10-14 00:29:03_0.42323500 1507912143 :/Standard/ajaxGetReportDepartment

2017-10-14 00:29:14_0.23728600 1507912154 :/standard/report_indicators

2017-10-14 00:29:14_0.53312900 1507912154 :/Standard/ajaxGetReportIndicators?sort=id&order=asc&limit=10&offset=0

2017-10-14 00:29:14_0.54761000 1507912154 :/Standard/ajaxDictionaryGetAllChild?sort=id&order=asc&limit=10&offset=0

2017-10-14 00:29:19_0.40378300 1507912159 :/standard/report_department

2017-10-14 00:29:19_0.74030500 1507912159 :/Standard/ajaxGetReportDepartment

2017-10-14 00:29:20_0.42000300 1507912160 :/standard/export_data

2017-10-14 00:29:20_0.79132000 1507912160 :/Standard/ajaxGetReportDepartment

2017-10-14 00:29:25_0.57580400 1507912165 :/standard/summary_section

2017-10-14 00:29:25_0.87566200 1507912165 :/Standard/ajaxGetSummarySectionList?sort=id&order=asc&limit=10&offset=0

2017-10-14 00:29:27_0.20333700 1507912167 :/standard/export_data

2017-10-14 00:29:27_0.52767000 1507912167 :/Standard/ajaxGetReportDepartment

2017-10-14 00:30:17_0.48208900 1507912217 :/standard/export_data

2017-10-14 00:30:17_0.84417200 1507912217 :/Standard/ajaxGetReportDepartment

2017-10-14 00:30:22_0.94431800 1507912222 :/standard/export_data

2017-10-14 00:30:23_0.54595100 1507912223 :/Standard/ajaxGetReportDepartment

2017-10-14 00:30:32_0.23862000 1507912232 :/standard/export_data

2017-10-14 00:30:32_0.24117600 1507912232 request_uri:/standard/

2017-10-14 00:30:32_0.24125900 1507912232 list:["\/welcome\/","\/abnormal\/","\/examine\/"]

2017-10-14 00:30:34_0.06470300 1507912234 :/

2017-10-14 00:30:35_0.13935200 1507912235 :/system/captcha

2017-10-14 00:30:42_0.58270400 1507912242 :/system/ajaxLogin

2017-10-14 00:30:42_0.77282300 1507912242 :/welcome/index

2017-10-14 00:30:47_0.89991400 1507912247 :/standard/export_data

2017-10-14 00:30:49_0.10986600 1507912249 :/Standard/ajaxGetReportDepartment

2017-10-14 00:30:54_0.16672100 1507912254 :/standard/export_data

2017-10-14 00:30:55_0.42552100 1507912255 :/Standard/ajaxGetReportDepartment

2017-10-14 00:31:18_0.33372000 1507912278 :/standard/export_data

2017-10-14 00:31:18_0.70877700 1507912278 :/Standard/ajaxGetReportDepartment

2017-10-14 00:32:45_0.74548400 1507912365 :/standard/export_data

2017-10-14 00:32:46_0.09833600 1507912366 :/Standard/ajaxGetReportDepartment

2017-10-14 00:32:47_0.45709500 1507912367 :/standard/export_data

2017-10-14 00:32:47_0.79856600 1507912367 :/Standard/ajaxGetReportDepartment

2017-10-14 00:32:48_0.60196100 1507912368 :/standard/export_data

2017-10-14 00:32:48_0.79837200 1507912368 :/favicon.ico

2017-10-14 00:32:54_0.10571000 1507912374 :/standard/export_data

2017-10-14 00:32:54_0.30660900 1507912374 :/favicon.ico

2017-10-14 00:32:55_0.57858000 1507912375 :/standard/export_data

2017-10-14 00:32:55_0.77122400 1507912375 :/favicon.ico

2017-10-14 00:32:56_0.54028400 1507912376 :/standard/export_data

2017-10-14 00:32:56_0.73722700 1507912376 :/favicon.ico

2017-10-14 00:32:57_0.24399200 1507912377 :/standard/export_data

2017-10-14 00:32:57_0.56307900 1507912377 :/Standard/ajaxGetSummaryMonthList?sort=id&order=asc&limit=10&offset=0

2017-10-14 00:33:47_0.78449900 1507912427 :/standard/export_data

2017-10-14 00:33:48_0.10969900 1507912428 :/Standard/ajaxGetSummaryMonthList?sort=id&order=asc&limit=10&offset=0

2017-10-14 00:33:49_0.10234300 1507912429 :/standard/export_data

2017-10-14 00:33:49_0.40845000 1507912429 :/Standard/ajaxGetSummaryMonthList?sort=id&order=asc&limit=10&offset=0

2017-10-14 00:33:50_0.68387200 1507912430 :/standard/export_data

2017-10-14 00:33:50_0.97327600 1507912430 :/Standard/ajaxGetSummaryMonthList?sort=id&order=asc&limit=10&offset=0

2017-10-14 00:34:31_0.62599500 1507912471 :/standard/export_data

2017-10-14 00:34:31_0.93834000 1507912471 :/Standard/ajaxGetSummaryMonthList?sort=id&order=asc&limit=10&offset=0

2017-10-14 00:34:32_0.54889300 1507912472 :/standard/export_data

2017-10-14 00:34:32_0.85313400 1507912472 :/Standard/ajaxGetSummaryMonthList?sort=id&order=asc&limit=10&offset=0

2017-10-14 00:34:33_0.29432600 1507912473 :/standard/export_data

2017-10-14 00:34:33_0.59364900 1507912473 :/Standard/ajaxGetSummaryMonthList?sort=id&order=asc&limit=10&offset=0

2017-10-14 00:34:34_0.11758700 1507912474 :/standard/export_data

2017-10-14 00:34:34_0.38292500 1507912474 :/Standard/ajaxGetExportDataList?sort=id&order=asc&limit=10&offset=0

2017-10-14 00:34:34_0.92651300 1507912474 :/standard/export_data

2017-10-14 00:34:35_0.19818500 1507912475 :/Standard/ajaxGetExportDataList?sort=id&order=asc&limit=10&offset=0

2017-10-14 00:35:23_0.20716800 1507912523 :/standard/export_data

2017-10-14 00:35:23_0.50883600 1507912523 :/Standard/ajaxGetExportDataList?sort=id&order=asc&limit=10&offset=0

2017-10-14 00:35:24_0.13343400 1507912524 :/standard/export_data

2017-10-14 00:35:24_0.42233600 1507912524 :/Standard/ajaxGetExportDataList?sort=id&order=asc&limit=10&offset=0

2017-10-14 00:35:25_0.33955800 1507912525 :/standard/export_data

2017-10-14 00:35:25_0.61593600 1507912525 :/Standard/ajaxGetExportDataList?sort=id&order=asc&limit=10&offset=0

2017-10-14 01:51:10_0.06690400 1507917070 :/standard/export_data

2017-10-14 01:51:10_0.39154700 1507917070 :/Standard/ajaxGetExportDataList?sort=id&order=asc&limit=10&offset=0

2017-10-14 01:51:11_0.48669700 1507917071 :/standard/export_data

2017-10-14 01:51:11_0.78409200 1507917071 :/Standard/ajaxGetExportDataList?sort=id&order=asc&limit=10&offset=0

2017-10-14 01:51:12_0.89815100 1507917072 :/standard/export_data

2017-10-14 01:51:13_0.19346000 1507917073 :/Standard/ajaxGetExportDataList?sort=id&order=asc&limit=10&offset=0

2017-10-14 01:51:14_0.53444600 1507917074 :/standard/export_data

2017-10-14 01:51:14_0.81909000 1507917074 :/Standard/ajaxGetExportDataList?sort=id&order=asc&limit=10&offset=0

2017-10-14 01:51:53_0.27849200 1507917113 :/standard/export_dictionary

2017-10-14 01:51:53_0.65301600 1507917113 :/Standard/ajaxGetExportDictionary

2017-10-14 01:51:56_0.12847500 1507917116 :/standard/import_data

2017-10-14 01:51:56_0.67619300 1507917116 :/Standard/ajaxGetExportDictionary

2017-10-14 01:52:30_0.91418100 1507917150 :/standard/import_data

2017-10-14 01:52:31_0.49749600 1507917151 :/Standard/ajaxGetExportDictionary

2017-10-14 01:53:12_0.44114300 1507917192 :/standard/import_data

2017-10-14 01:53:13_0.04095800 1507917193 :/Standard/ajaxGetExportDictionary

2017-10-14 01:53:13_0.62649200 1507917193 :/standard/import_data

2017-10-14 01:53:14_0.27763900 1507917194 :/Standard/ajaxGetExportDictionary

2017-10-14 01:53:15_0.15920300 1507917195 :/standard/import_data

2017-10-14 01:53:16_0.35100500 1507917196 :/standard/import_data

2017-10-14 01:53:18_0.16556600 1507917198 :/standard/import_data

2017-10-14 01:53:57_0.15193500 1507917237 :/standard/import_data

2017-10-14 01:53:58_0.71770800 1507917238 :/standard/import_data

2017-10-14 01:54:00_0.67556400 1507917240 :/standard/import_data

2017-10-14 01:54:03_0.17314400 1507917243 :/standard/import_data

2017-10-14 01:54:06_0.79630600 1507917246 :/standard/import_data

2017-10-14 01:54:08_0.12471400 1507917248 :/standard/import_data

2017-10-14 01:54:10_0.66340000 1507917250 :/standard/import_data

2017-10-14 01:54:28_0.08937000 1507917268 :/standard/import_data

2017-10-14 01:54:30_0.02392500 1507917270 :/standard/import_data

2017-10-14 01:54:36_0.76305000 1507917276 :/standard/import_data

2017-10-14 01:54:37_0.90902400 1507917277 :/standard/import_data

2017-10-14 01:54:39_0.02531400 1507917279 :/standard/import_data

2017-10-14 01:54:39_0.53584900 1507917279 :/Standard/ajaxGetExportDictionary

2017-10-14 01:54:40_0.44432400 1507917280 :/standard/import_data

2017-10-14 01:54:40_0.89199900 1507917280 :/Standard/ajaxGetExportDictionary

2017-10-14 01:54:47_0.71675900 1507917287 :/standard/import_data

2017-10-14 01:54:48_0.23303000 1507917288 :/Standard/ajaxGetExportDictionary

2017-10-14 01:54:48_0.95038700 1507917288 :/standard/import_data

2017-10-14 01:54:49_0.44103400 1507917289 :/Standard/ajaxGetExportDictionary

2017-10-14 01:54:49_0.92537600 1507917289 :/standard/import_data

2017-10-14 01:54:50_0.54901900 1507917290 :/Standard/ajaxGetExportDictionary

2017-10-14 01:54:53_0.49904700 1507917293 :/standard/import_data

2017-10-14 01:54:59_0.31103900 1507917299 :/standard/import_data

2017-10-14 01:55:35_0.45122300 1507917335 :/standard/import_data

2017-10-14 01:55:36_0.48842700 1507917336 :/standard/import_data

2017-10-14 01:55:37_0.71840100 1507917337 :/standard/import_data

2017-10-14 01:55:38_0.85038400 1507917338 :/standard/import_data

2017-10-14 01:55:39_0.96317700 1507917339 :/standard/import_data

2017-10-14 01:55:41_0.07471800 1507917341 :/standard/import_data

2017-10-14 01:56:17_0.59822400 1507917377 :/standard/import_data

2017-10-14 01:56:19_0.03950900 1507917379 :/standard/import_data

2017-10-14 01:56:20_0.51921900 1507917380 :/standard/import_data

2017-10-14 01:56:20_0.98383800 1507917380 :/Standard/ajaxGetExportDictionary

2017-10-14 01:56:22_0.55016100 1507917382 :/standard/import_data

2017-10-14 01:56:23_0.02691200 1507917383 :/Standard/ajaxGetExportDictionary

2017-10-14 01:57:05_0.47038000 1507917425 :/standard/import_data

2017-10-14 01:57:06_0.07147100 1507917426 :/Standard/ajaxGetExportDictionary

2017-10-14 01:57:06_0.97149300 1507917426 :/standard/import_data

2017-10-14 01:57:07_0.55660100 1507917427 :/Standard/ajaxGetExportDictionary

2017-10-14 01:57:08_0.34340300 1507917428 :/standard/import_data

2017-10-14 01:57:18_0.42173700 1507917438 :/standard/import_data

2017-10-14 01:57:20_0.16029900 1507917440 :/standard/import_data

2017-10-14 01:57:21_0.95307600 1507917441 :/standard/import_data

2017-10-14 01:57:22_0.41925800 1507917442 :/Standard/ajaxGetExportDictionary

2017-10-14 01:58:16_0.12414400 1507917496 :/standard/import_data

2017-10-14 01:58:16_0.66249900 1507917496 :/Standard/ajaxGetExportDictionary

2017-10-14 01:58:18_0.10874400 1507917498 :/standard/import_data

2017-10-14 01:58:18_0.71036000 1507917498 :/Standard/ajaxGetExportDictionary

2017-10-14 01:58:19_0.69112000 1507917499 :/standard/import_data

2017-10-14 01:58:20_0.16247300 1507917500 :/Standard/ajaxGetExportDictionary

2017-10-14 01:58:52_0.07303700 1507917532 :/standard/import_data

2017-10-14 01:58:52_0.61284400 1507917532 :/Standard/ajaxGetExportDictionary

2017-10-14 01:58:53_0.91627400 1507917533 :/standard/import_data

2017-10-14 01:58:54_0.41071700 1507917534 :/Standard/ajaxGetExportDictionary

2017-10-14 01:58:55_0.05670100 1507917535 :/standard/import_data

2017-10-14 01:58:55_0.51835100 1507917535 :/Standard/ajaxGetExportDictionary

2017-10-14 01:58:56_0.12307500 1507917536 :/standard/import_data

2017-10-14 01:58:56_0.65553000 1507917536 :/Standard/ajaxGetExportDictionary

2017-10-14 01:58:57_0.35888300 1507917537 :/standard/import_data

2017-10-14 01:58:57_0.87722000 1507917537 :/Standard/ajaxGetExportDictionary

2017-10-14 01:59:24_0.24672700 1507917564 :/standard/import_data

2017-10-14 01:59:24_0.83874700 1507917564 :/Standard/ajaxGetExportDictionary

2017-10-14 01:59:25_0.46423400 1507917565 :/standard/import_data

2017-10-14 01:59:25_0.95525200 1507917565 :/Standard/ajaxGetExportDictionary

2017-10-14 01:59:26_0.63903800 1507917566 :/standard/import_data

2017-10-14 01:59:27_0.15262500 1507917567 :/Standard/ajaxGetExportDictionary

2017-10-14 01:59:27_0.78488100 1507917567 :/standard/import_data

2017-10-14 01:59:28_0.30933400 1507917568 :/Standard/ajaxGetExportDictionary

2017-10-14 01:59:50_0.22902300 1507917590 :/standard/export_data

2017-10-14 01:59:50_0.62098800 1507917590 :/Standard/ajaxGetExportDataList?sort=id&order=asc&limit=10&offset=0

2017-10-14 02:01:36_0.36632400 1507917696 :/standard/export_data

2017-10-14 02:01:36_0.68614000 1507917696 :/Standard/ajaxGetExportDataList?sort=id&order=asc&limit=10&offset=0

2017-10-14 02:01:38_0.31702900 1507917698 :/standard/export_data

2017-10-14 02:01:38_0.61157800 1507917698 :/Standard/ajaxGetExportDataList?sort=id&order=asc&limit=10&offset=0

2017-10-14 02:01:40_0.70496000 1507917700 :/standard/export_data

2017-10-14 02:01:41_0.00707800 1507917701 :/Standard/ajaxGetExportDataList?sort=id&order=asc&limit=10&offset=0

2017-10-14 02:01:55_0.83748000 1507917715 :/standard/report_department

2017-10-14 02:01:56_0.26110400 1507917716 :/Standard/ajaxGetReportDepartment

2017-10-14 02:01:58_0.51053700 1507917718 :/standard/report_department

2017-10-14 02:01:58_0.86317600 1507917718 :/Standard/ajaxGetReportDepartment

2017-10-14 02:02:06_0.24159600 1507917726 :/standard/report_indicators

2017-10-14 02:02:06_0.56002300 1507917726 :/Standard/ajaxGetReportIndicators?sort=id&order=asc&limit=10&offset=0

2017-10-14 02:02:06_0.57474300 1507917726 :/Standard/ajaxDictionaryGetAllChild?sort=id&order=asc&limit=10&offset=0

2017-10-14 02:02:13_0.87575300 1507917733 :/standard/list_data

2017-10-14 02:02:14_0.20283700 1507917734 :/Standard/ajaxImportDataList?sort=id&order=asc&limit=10&offset=0

2017-10-14 02:02:30_0.08175300 1507917750 :/standard/list_data

2017-10-14 02:02:30_0.44489800 1507917750 :/Standard/ajaxImportDataList?sort=id&order=asc&limit=10&offset=0

2017-10-14 02:02:31_0.78058700 1507917751 :/standard/import_data

2017-10-14 02:02:32_0.27569000 1507917752 :/Standard/ajaxGetExportDictionary

2017-10-14 02:03:06_0.87468400 1507917786 :/standard/export_data

2017-10-14 02:03:07_0.19843700 1507917787 :/Standard/ajaxGetExportDataList?sort=id&order=asc&limit=10&offset=0

2017-10-14 02:03:07_0.82772000 1507917787 :/standard/export_data

2017-10-14 02:03:08_0.14472500 1507917788 :/Standard/ajaxGetExportDataList?sort=id&order=asc&limit=10&offset=0

2017-10-14 02:03:09_0.59523900 1507917789 :/standard/export_data

2017-10-14 02:03:09_0.89143100 1507917789 :/Standard/ajaxGetExportDataList?sort=id&order=asc&limit=10&offset=0

2017-10-14 02:03:10_0.66431600 1507917790 :/standard/export_data

2017-10-14 02:03:10_0.96475900 1507917790 :/Standard/ajaxGetExportDataList?sort=id&order=asc&limit=10&offset=0

2017-10-14 02:03:11_0.71786200 1507917791 :/standard/export_data

2017-10-14 02:03:12_0.01091300 1507917792 :/Standard/ajaxGetExportDataList?sort=id&order=asc&limit=10&offset=0

2017-10-14 02:03:12_0.72529800 1507917792 :/standard/export_data

2017-10-14 02:03:13_0.01500900 1507917793 :/Standard/ajaxGetExportDataList?sort=id&order=asc&limit=10&offset=0

2017-10-14 02:03:14_0.49764400 1507917794 :/standard/export_data

2017-10-14 02:03:14_0.79038300 1507917794 :/Standard/ajaxGetExportDataList?sort=id&order=asc&limit=10&offset=0

2017-10-14 02:03:15_0.91596900 1507917795 :/standard/export_data

2017-10-14 02:03:16_0.20010600 1507917796 :/Standard/ajaxGetExportDataList?sort=id&order=asc&limit=10&offset=0

2017-10-14 02:03:20_0.25592300 1507917800 :/standard/export_data

2017-10-14 02:03:20_0.55229100 1507917800 :/Standard/ajaxGetExportDataList?sort=id&order=asc&limit=10&offset=0

2017-10-14 02:03:48_0.38348500 1507917828 :/standard/export_data

2017-10-14 02:03:48_0.70633500 1507917828 :/Standard/ajaxGetExportDataList?sort=id&order=asc&limit=10&offset=0

2017-10-14 02:03:49_0.88657800 1507917829 :/standard/export_data

2017-10-14 02:03:50_0.20778200 1507917830 :/Standard/ajaxGetExportDataList?sort=id&order=asc&limit=10&offset=0

2017-10-14 02:03:51_0.30483800 1507917831 :/standard/export_data

2017-10-14 02:03:51_0.60118100 1507917831 :/Standard/ajaxGetExportDataList?sort=id&order=asc&limit=10&offset=0

2017-10-14 02:04:14_0.83682800 1507917854 :/standard/export_data

2017-10-14 02:04:15_0.14880600 1507917855 :/Standard/ajaxGetExportDataList?sort=id&order=asc&limit=10&offset=0

2017-10-14 02:04:16_0.40770400 1507917856 :/standard/export_data

2017-10-14 02:04:16_0.71773600 1507917856 :/Standard/ajaxGetExportDataList?sort=id&order=asc&limit=10&offset=0

2017-10-14 02:04:54_0.50439300 1507917894 :/standard/export_data

2017-10-14 02:04:54_0.82909500 1507917894 :/Standard/ajaxGetExportDataList?sort=id&order=asc&limit=10&offset=0

2017-10-14 02:04:55_0.60391500 1507917895 :/standard/export_data

2017-10-14 02:04:55_0.89694000 1507917895 :/Standard/ajaxGetExportDataList?sort=id&order=asc&limit=10&offset=0

2017-10-14 02:04:56_0.48918800 1507917896 :/standard/export_data

2017-10-14 02:04:56_0.80738800 1507917896 :/Standard/ajaxGetExportDataList?sort=id&order=asc&limit=10&offset=0

2017-10-14 02:04:58_0.47725400 1507917898 :/standard/export_data

2017-10-14 02:04:58_0.79063700 1507917898 :/Standard/ajaxGetExportDataList?sort=id&order=asc&limit=10&offset=0

2017-10-14 02:06:00_0.64074200 1507917960 :/standard/export_data

2017-10-14 02:06:00_0.96933000 1507917960 :/Standard/ajaxGetExportDataList?sort=id&order=asc&limit=10&offset=0

2017-10-14 02:06:01_0.59355100 1507917961 :/standard/export_data

2017-10-14 02:06:01_0.90768500 1507917961 :/Standard/ajaxGetExportDataList?sort=id&order=asc&limit=10&offset=0

2017-10-14 02:06:02_0.50184300 1507917962 :/standard/export_data

2017-10-14 02:06:02_0.80040300 1507917962 :/Standard/ajaxGetExportDataList?sort=id&order=asc&limit=10&offset=0

2017-10-14 02:06:03_0.37904200 1507917963 :/standard/export_data

2017-10-14 02:06:03_0.66636900 1507917963 :/Standard/ajaxGetExportDataList?sort=id&order=asc&limit=10&offset=0

2017-10-14 02:06:04_0.86951700 1507917964 :/standard/export_data

2017-10-14 02:06:05_0.15843400 1507917965 :/Standard/ajaxGetExportDataList?sort=id&order=asc&limit=10&offset=0

2017-10-14 02:06:29_0.90490500 1507917989 :/standard/export_data

2017-10-14 02:06:30_0.22155600 1507917990 :/Standard/ajaxGetExportDataList?sort=id&order=asc&limit=10&offset=0

2017-10-14 02:06:30_0.86095000 1507917990 :/standard/export_data

2017-10-14 02:06:31_0.15395900 1507917991 :/Standard/ajaxGetExportDataList?sort=id&order=asc&limit=10&offset=0

2017-10-14 02:06:31_0.76433900 1507917991 :/standard/export_data

2017-10-14 02:06:32_0.13240300 1507917992 :/Standard/ajaxGetExportDataList?sort=id&order=asc&limit=10&offset=0

2017-10-14 02:06:32_0.70188300 1507917992 :/standard/export_data

2017-10-14 02:06:33_0.00735900 1507917993 :/Standard/ajaxGetExportDataList?sort=id&order=asc&limit=10&offset=0

2017-10-14 02:08:21_0.81103600 1507918101 :/standard/export_data

2017-10-14 02:08:22_0.12820000 1507918102 :/Standard/ajaxGetExportDataList?sort=id&order=asc&limit=10&offset=0

2017-10-14 02:08:22_0.76187800 1507918102 :/standard/export_data

2017-10-14 02:08:23_0.06096100 1507918103 :/Standard/ajaxGetExportDataList?sort=id&order=asc&limit=10&offset=0

2017-10-14 02:08:23_0.72971800 1507918103 :/standard/export_data

2017-10-14 02:08:24_0.03581500 1507918104 :/Standard/ajaxGetExportDataList?sort=id&order=asc&limit=10&offset=0

2017-10-14 02:08:24_0.59045500 1507918104 :/standard/export_data

2017-10-14 02:08:24_0.91008300 1507918104 :/Standard/ajaxGetExportDataList?sort=id&order=asc&limit=10&offset=0

2017-10-14 02:08:25_0.42548700 1507918105 :/standard/export_data

2017-10-14 02:08:25_0.87856700 1507918105 :/Standard/ajaxGetExportDataList?sort=id&order=asc&limit=10&offset=0

2017-10-14 02:08:26_0.48031600 1507918106 :/standard/export_data

2017-10-14 02:08:26_0.85275800 1507918106 :/Standard/ajaxGetExportDataList?sort=id&order=asc&limit=10&offset=0

2017-10-14 02:08:27_0.44351600 1507918107 :/standard/export_data

2017-10-14 02:08:27_0.77028600 1507918107 :/Standard/ajaxGetExportDataList?sort=id&order=asc&limit=10&offset=0

2017-10-14 02:08:28_0.47344300 1507918108 :/standard/export_data

2017-10-14 02:08:28_0.81948700 1507918108 :/Standard/ajaxGetExportDataList?sort=id&order=asc&limit=10&offset=0

2017-10-14 02:08:29_0.45862800 1507918109 :/standard/export_data

2017-10-14 02:08:29_0.78800000 1507918109 :/Standard/ajaxGetExportDataList?sort=id&order=asc&limit=10&offset=0

2017-10-14 02:08:31_0.42648600 1507918111 :/standard/export_data

2017-10-14 02:08:31_0.75368200 1507918111 :/Standard/ajaxGetExportDataList?sort=id&order=asc&limit=10&offset=0

2017-10-14 02:08:54_0.84126900 1507918134 :/standard/export_data

2017-10-14 02:08:55_0.24366200 1507918135 :/Standard/ajaxGetExportDataList?sort=id&order=asc&limit=10&offset=0

2017-10-14 02:09:11_0.75194400 1507918151 :/standard/export_data

2017-10-14 02:09:12_0.14487300 1507918152 :/Standard/ajaxGetExportDataList?sort=id&order=asc&limit=10&offset=0

2017-10-14 02:09:13_0.45928200 1507918153 :/standard/export_data

2017-10-14 02:09:13_0.79790500 1507918153 :/Standard/ajaxGetExportDataList?sort=id&order=asc&limit=10&offset=0

2017-10-14 02:09:14_0.40168900 1507918154 :/standard/export_data

2017-10-14 02:09:14_0.73277400 1507918154 :/Standard/ajaxGetExportDataList?sort=id&order=asc&limit=10&offset=0

2017-10-14 02:09:21_0.69618600 1507918161 :/standard/export_data

2017-10-14 02:09:22_0.06830200 1507918162 :/Standard/ajaxGetExportDataList?sort=id&order=asc&limit=10&offset=0

2017-10-14 02:09:22_0.67035100 1507918162 :/standard/export_data

2017-10-14 02:09:23_0.02503700 1507918163 :/Standard/ajaxGetExportDataList?sort=id&order=asc&limit=10&offset=0

2017-10-14 02:09:23_0.72548100 1507918163 :/standard/export_data

2017-10-14 02:09:24_0.07417400 1507918164 :/Standard/ajaxGetExportDataList?sort=id&order=asc&limit=10&offset=0

2017-10-14 02:09:24_0.73313600 1507918164 :/standard/export_data

2017-10-14 02:09:25_0.07684800 1507918165 :/Standard/ajaxGetExportDataList?sort=id&order=asc&limit=10&offset=0

2017-10-14 02:11:30_0.97934400 1507918290 :/standard/export_data

2017-10-14 02:11:31_0.40367500 1507918291 :/Standard/ajaxGetExportDataList?sort=id&order=asc&limit=10&offset=0

2017-10-14 02:12:29_0.41375300 1507918349 :/standard/export_data

2017-10-14 02:12:29_0.74847500 1507918349 :/Standard/ajaxGetExportDataList?sort=id&order=asc&limit=10&offset=0

2017-10-14 02:12:30_0.33855000 1507918350 :/standard/export_data

2017-10-14 02:12:30_0.65696800 1507918350 :/Standard/ajaxGetExportDataList?sort=id&order=asc&limit=10&offset=0

2017-10-14 02:12:31_0.54354700 1507918351 :/standard/export_data

2017-10-14 02:12:31_0.85365100 1507918351 :/Standard/ajaxGetExportDataList?sort=id&order=asc&limit=10&offset=0

2017-10-14 02:12:51_0.80563900 1507918371 :/standard/export_data

2017-10-14 02:12:52_0.14069400 1507918372 :/Standard/ajaxGetExportDataList?sort=id&order=asc&limit=10&offset=0

2017-10-14 02:12:52_0.70663200 1507918372 :/standard/export_data

2017-10-14 02:12:53_0.02163600 1507918373 :/Standard/ajaxGetExportDataList?sort=id&order=asc&limit=10&offset=0

2017-10-14 02:12:53_0.56112000 1507918373 :/standard/export_data

2017-10-14 02:12:53_0.90688900 1507918373 :/Standard/ajaxGetExportDataList?sort=id&order=asc&limit=10&offset=0

2017-10-14 02:12:54_0.42379600 1507918374 :/standard/export_data

2017-10-14 02:12:54_0.75345500 1507918374 :/Standard/ajaxGetExportDataList?sort=id&order=asc&limit=10&offset=0

2017-10-14 02:16:54_0.20730200 1507918614 :/standard/export_data

2017-10-14 02:16:54_0.63744100 1507918614 :/Standard/ajaxGetExportDataList?sort=id&order=asc&limit=10&offset=0

2017-10-14 02:17:03_0.80659400 1507918623 :/standard/export_data

2017-10-14 02:17:04_0.19931900 1507918624 :/Standard/ajaxGetExportDataList?sort=id&order=asc&limit=10&offset=0

2017-10-14 02:18:40_0.82775900 1507918720 :/standard/export_data

2017-10-14 02:18:41_0.19366200 1507918721 :/Standard/ajaxGetExportDataList?sort=id&order=asc&limit=10&offset=0

2017-10-14 02:18:43_0.47726300 1507918723 :/standard/export_data

2017-10-14 02:18:43_0.90716500 1507918723 :/Standard/ajaxGetExportDataList?sort=id&order=asc&limit=10&offset=0

2017-10-14 02:18:47_0.74594200 1507918727 :/standard/export_data

2017-10-14 02:18:48_0.10506300 1507918728 :/Standard/ajaxGetExportDataList?sort=id&order=asc&limit=10&offset=0

2017-10-14 02:19:56_0.72323000 1507918796 :/standard/export_data

2017-10-14 02:19:57_0.16821100 1507918797 :/Standard/ajaxGetExportDataList?sort=id&order=asc&limit=10&offset=0

2017-10-14 02:19:59_0.06518200 1507918799 :/standard/export_data

2017-10-14 02:19:59_0.40743900 1507918799 :/Standard/ajaxGetExportDataList?sort=id&order=asc&limit=10&offset=0

2017-10-14 02:20:12_0.40246800 1507918812 :/standard/export_data

2017-10-14 02:20:12_0.75620700 1507918812 :/Standard/ajaxGetExportDataList?sort=id&order=asc&limit=10&offset=0

2017-10-14 02:20:13_0.53127400 1507918813 :/standard/export_data

2017-10-14 02:20:13_0.90828000 1507918813 :/Standard/ajaxGetExportDataList?sort=id&order=asc&limit=10&offset=0

2017-10-14 02:20:14_0.43654400 1507918814 :/standard/export_data

2017-10-14 02:20:14_0.87390600 1507918814 :/Standard/ajaxGetExportDataList?sort=id&order=asc&limit=10&offset=0

2017-10-14 02:20:15_0.43497100 1507918815 :/standard/export_data

2017-10-14 02:20:15_0.77073600 1507918815 :/Standard/ajaxGetExportDataList?sort=id&order=asc&limit=10&offset=0

2017-10-14 02:23:39_0.36528500 1507919019 :/standard/export_data

2017-10-14 02:23:39_0.82601600 1507919019 :/Standard/ajaxGetExportDataList?sort=id&order=asc&limit=10&offset=0

2017-10-14 02:23:51_0.06610900 1507919031 :/standard/export_data

2017-10-14 02:23:51_0.42970400 1507919031 :/Standard/ajaxGetExportDataList?sort=id&order=asc&limit=10&offset=0

2017-10-14 02:24:43_0.31994900 1507919083 :/standard/export_data

2017-10-14 02:24:43_0.70278700 1507919083 :/Standard/ajaxGetExportDataList?sort=id&order=asc&limit=10&offset=0

2017-10-14 02:24:44_0.99748400 1507919084 :/standard/export_data

2017-10-14 02:24:45_0.35038200 1507919085 :/Standard/ajaxGetExportDataList?sort=id&order=asc&limit=10&offset=0

2017-10-14 02:26:33_0.02988200 1507919193 :/standard/import_data

2017-10-14 02:26:33_0.49308700 1507919193 :/Standard/ajaxGetExportDictionary

2017-10-14 02:27:49_0.73159500 1507919269 :/standard/export_data

2017-10-14 02:27:50_0.22339400 1507919270 :/Standard/ajaxGetExportDataList?sort=id&order=asc&limit=10&offset=0

2017-10-14 02:39:19_0.47576200 1507919959 :/standard/export_data

2017-10-14 02:39:19_0.84093700 1507919959 :/Standard/ajaxGetExportDataList?sort=id&order=asc&limit=10&offset=0

2017-10-14 02:39:20_0.51013200 1507919960 :/standard/export_data

2017-10-14 02:39:20_0.82972400 1507919960 :/Standard/ajaxGetExportDataList?sort=id&order=asc&limit=10&offset=0

2017-10-14 02:39:21_0.45100000 1507919961 :/standard/export_data

2017-10-14 02:39:21_0.88223200 1507919961 :/Standard/ajaxGetExportDataList?sort=id&order=asc&limit=10&offset=0

2017-10-14 02:39:22_0.39032700 1507919962 :/standard/export_data

2017-10-14 02:39:22_0.69453000 1507919962 :/Standard/ajaxGetExportDataList?sort=id&order=asc&limit=10&offset=0

2017-10-14 02:39:25_0.30209200 1507919965 :/standard/export_data

2017-10-14 02:39:25_0.65079400 1507919965 :/Standard/ajaxGetExportDataList?sort=id&order=asc&limit=10&offset=0

2017-10-14 02:39:26_0.31054700 1507919966 :/standard/export_data

2017-10-14 02:39:26_0.67344900 1507919966 :/Standard/ajaxGetExportDataList?sort=id&order=asc&limit=10&offset=0

2017-10-14 02:39:27_0.30962300 1507919967 :/standard/export_data

2017-10-14 02:39:27_0.65757100 1507919967 :/Standard/ajaxGetExportDataList?sort=id&order=asc&limit=10&offset=0

2017-10-14 02:39:42_0.54040700 1507919982 :/standard/export_data

2017-10-14 02:39:42_0.85800500 1507919982 :/Standard/ajaxGetExportDataList?sort=id&order=asc&limit=10&offset=0

2017-10-14 02:39:43_0.53946900 1507919983 :/standard/export_data

2017-10-14 02:39:43_0.86171200 1507919983 :/Standard/ajaxGetExportDataList?sort=id&order=asc&limit=10&offset=0

2017-10-14 02:39:44_0.60277000 1507919984 :/standard/export_data

2017-10-14 02:39:44_0.92151700 1507919984 :/Standard/ajaxGetExportDataList?sort=id&order=asc&limit=10&offset=0

2017-10-14 02:39:45_0.46574400 1507919985 :/standard/export_data

2017-10-14 02:39:45_0.78190200 1507919985 :/Standard/ajaxGetExportDataList?sort=id&order=asc&limit=10&offset=0

2017-10-14 02:40:49_0.18692900 1507920049 :/standard/edit_data

2017-10-14 02:40:49_0.68641500 1507920049 :/Standard/ajaxEditImportDataList?sort=id&order=asc&limit=10&offset=0

2017-10-14 02:42:09_0.38568500 1507920129 :/standard/export_data

2017-10-14 02:42:09_0.71983400 1507920129 :/Standard/ajaxGetExportDataList?sort=id&order=asc&limit=10&offset=0

2017-10-14 02:42:10_0.39486500 1507920130 :/standard/export_data

2017-10-14 02:42:10_0.71906500 1507920130 :/Standard/ajaxGetExportDataList?sort=id&order=asc&limit=10&offset=0

2017-10-14 02:42:12_0.08004900 1507920132 :/standard/export_data

2017-10-14 02:42:12_0.37254100 1507920132 :/Standard/ajaxGetExportDataList?sort=id&order=asc&limit=10&offset=0

2017-10-14 02:43:45_0.06350500 1507920225 :/standard/export_data

2017-10-14 02:43:45_0.48892000 1507920225 :/Standard/ajaxGetExportDataList?sort=id&order=asc&limit=10&offset=0

2017-10-14 02:44:47_0.55713200 1507920287 :/standard/export_data

2017-10-14 02:44:47_0.91294600 1507920287 :/Standard/ajaxGetExportDataList?sort=id&order=asc&limit=10&offset=0

2017-10-14 02:46:12_0.78350300 1507920372 :/standard/export_data

2017-10-14 02:46:13_0.11192400 1507920373 :/Standard/ajaxGetExportDataList?sort=id&order=asc&limit=10&offset=0

2017-10-14 02:46:14_0.46969000 1507920374 :/standard/export_data

2017-10-14 02:46:14_0.76843000 1507920374 :/Standard/ajaxGetExportDataList?sort=id&order=asc&limit=10&offset=0

2017-10-14 02:46:15_0.19030000 1507920375 :/standard/export_data

2017-10-14 02:46:15_0.49217100 1507920375 :/Standard/ajaxGetExportDataList?sort=id&order=asc&limit=10&offset=0

2017-10-14 02:46:15_0.99673500 1507920375 :/standard/export_data

2017-10-14 02:46:16_0.29825500 1507920376 :/Standard/ajaxGetExportDataList?sort=id&order=asc&limit=10&offset=0

2017-10-14 02:46:56_0.81558500 1507920416 :/standard/export_data

2017-10-14 02:46:57_0.13791300 1507920417 :/Standard/ajaxGetExportDataList?sort=id&order=asc&limit=10&offset=0

2017-10-14 02:46:57_0.79124000 1507920417 :/standard/export_data

2017-10-14 02:46:58_0.11555000 1507920418 :/Standard/ajaxGetExportDataList?sort=id&order=asc&limit=10&offset=0

2017-10-14 02:46:58_0.64827700 1507920418 :/standard/export_data

2017-10-14 02:46:58_0.96701900 1507920418 :/Standard/ajaxGetExportDataList?sort=id&order=asc&limit=10&offset=0

2017-10-14 02:46:59_0.46329100 1507920419 :/standard/export_data

2017-10-14 02:46:59_0.74624100 1507920419 :/Standard/ajaxGetExportDataList?sort=id&order=asc&limit=10&offset=0

2017-10-14 02:47:02_0.10213900 1507920422 :/standard/export_data

2017-10-14 02:47:02_0.39759900 1507920422 :/Standard/ajaxGetExportDataList?sort=id&order=asc&limit=10&offset=0

2017-10-14 02:47:14_0.03946000 1507920434 :/standard/export_data

2017-10-14 02:47:14_0.33972200 1507920434 :/Standard/ajaxGetExportDataList?sort=id&order=asc&limit=10&offset=0

2017-10-14 02:47:14_0.92478500 1507920434 :/standard/export_data

2017-10-14 02:47:15_0.21409400 1507920435 :/Standard/ajaxGetExportDataList?sort=id&order=asc&limit=10&offset=0

2017-10-14 02:47:15_0.68586300 1507920435 :/standard/export_data

2017-10-14 02:47:16_0.05377200 1507920436 :/Standard/ajaxGetExportDataList?sort=id&order=asc&limit=10&offset=0

2017-10-14 02:47:16_0.53448200 1507920436 :/standard/export_data

2017-10-14 02:47:16_0.85045700 1507920436 :/Standard/ajaxGetExportDataList?sort=id&order=asc&limit=10&offset=0

2017-10-14 02:47:17_0.27795600 1507920437 :/standard/export_data

2017-10-14 02:47:17_0.55044800 1507920437 :/Standard/ajaxGetExportDataList?sort=id&order=asc&limit=10&offset=0

2017-10-14 02:47:18_0.07771000 1507920438 :/standard/export_data

2017-10-14 02:47:18_0.37084700 1507920438 :/Standard/ajaxGetExportDataList?sort=id&order=asc&limit=10&offset=0

2017-10-14 02:47:18_0.79759500 1507920438 :/standard/export_data

2017-10-14 02:47:19_0.07609900 1507920439 :/Standard/ajaxGetExportDataList?sort=id&order=asc&limit=10&offset=0

2017-10-14 02:47:19_0.61369100 1507920439 :/standard/export_data

2017-10-14 02:47:19_0.90053900 1507920439 :/Standard/ajaxGetExportDataList?sort=id&order=asc&limit=10&offset=0

2017-10-14 02:47:31_0.44302800 1507920451 :/standard/export_data

2017-10-14 02:47:31_0.76895500 1507920451 :/Standard/ajaxGetExportDataList?sort=id&order=asc&limit=10&offset=0

2017-10-14 02:47:32_0.86226200 1507920452 :/standard/export_data

2017-10-14 02:47:33_0.15814700 1507920453 :/Standard/ajaxGetExportDataList?sort=id&order=asc&limit=10&offset=0

2017-10-14 02:47:33_0.67716000 1507920453 :/standard/export_data

2017-10-14 02:47:33_0.97197400 1507920453 :/Standard/ajaxGetExportDataList?sort=id&order=asc&limit=10&offset=0

2017-10-14 02:47:34_0.74911600 1507920454 :/standard/export_data

2017-10-14 02:47:35_0.03759700 1507920455 :/Standard/ajaxGetExportDataList?sort=id&order=asc&limit=10&offset=0

2017-10-14 02:47:35_0.62092800 1507920455 :/standard/export_data

2017-10-14 02:47:35_0.90255000 1507920455 :/Standard/ajaxGetExportDataList?sort=id&order=asc&limit=10&offset=0

2017-10-14 02:47:36_0.48489700 1507920456 :/standard/export_data

2017-10-14 02:47:36_0.79186800 1507920456 :/Standard/ajaxGetExportDataList?sort=id&order=asc&limit=10&offset=0

2017-10-14 02:47:39_0.00924300 1507920459 :/standard/export_data

2017-10-14 02:47:39_0.32584000 1507920459 :/Standard/ajaxGetExportDataList?sort=id&order=asc&limit=10&offset=0

2017-10-14 02:48:17_0.66540600 1507920497 :/standard/export_data

2017-10-14 02:48:17_0.96211000 1507920497 :/Standard/ajaxGetExportDataList?sort=id&order=asc&limit=10&offset=0

2017-10-14 02:48:18_0.33285600 1507920498 :/standard/export_data

2017-10-14 02:48:18_0.62807500 1507920498 :/Standard/ajaxGetExportDataList?sort=id&order=asc&limit=10&offset=0

2017-10-14 02:48:19_0.08391300 1507920499 :/standard/export_data

2017-10-14 02:48:19_0.41588500 1507920499 :/Standard/ajaxGetExportDataList?sort=id&order=asc&limit=10&offset=0

2017-10-14 02:48:19_0.83614400 1507920499 :/standard/export_data

2017-10-14 02:48:20_0.11817300 1507920500 :/Standard/ajaxGetExportDataList?sort=id&order=asc&limit=10&offset=0

2017-10-14 02:48:20_0.58860600 1507920500 :/standard/export_data

2017-10-14 02:48:20_0.91247600 1507920500 :/Standard/ajaxGetExportDataList?sort=id&order=asc&limit=10&offset=0

2017-10-14 02:48:21_0.30119500 1507920501 :/standard/export_data

2017-10-14 02:48:21_0.62881600 1507920501 :/Standard/ajaxGetExportDataList?sort=id&order=asc&limit=10&offset=0

2017-10-14 03:42:38_0.42435500 1507923758 :/standard/summary_section

2017-10-14 03:42:38_0.76318500 1507923758 :/Standard/ajaxGetSummarySectionList?sort=id&order=asc&limit=10&offset=0

2017-10-14 03:42:41_0.91950500 1507923761 :/Standard/ajaxGetSummarySectionList?sort=id&order=asc&limit=10&offset=0&report_time=2017-09

2017-10-14 03:42:44_0.55911700 1507923764 :/Standard/ajaxGetSummarySectionList?sort=id&order=asc&limit=10&offset=0&report_time=2017-11

2017-10-14 03:42:45_0.77287000 1507923765 :/Standard/ajaxGetSummarySectionList?sort=id&order=asc&limit=10&offset=0&report_time=2017-09

2017-10-14 03:44:36_0.06653400 1507923876 :/standard/export_data

2017-10-14 03:44:36_0.43297700 1507923876 :/Standard/ajaxGetExportDataList?sort=id&order=asc&limit=10&offset=0

2017-10-14 03:45:51_0.42929700 1507923951 :/standard/export_data

2017-10-14 03:45:51_0.85404700 1507923951 :/Standard/ajaxGetExportDataList?sort=id&order=asc&limit=10&offset=0

2017-10-14 03:45:53_0.98358100 1507923953 :/standard/export_data

2017-10-14 03:45:54_0.39074700 1507923954 :/Standard/ajaxGetExportDataList?sort=id&order=asc&limit=10&offset=0

2017-10-14 03:45:54_0.78926000 1507923954 :/standard/export_data

2017-10-14 03:45:55_0.31522600 1507923955 :/Standard/ajaxGetExportDataList?sort=id&order=asc&limit=10&offset=0

2017-10-14 03:45:58_0.44316200 1507923958 :/Standard/ajaxGetExportDataList?sort=id&order=asc&limit=10&offset=0&report_time_start=2017-09-01&report_time_end=2017-10-14

2017-10-14 03:46:00_0.71027900 1507923960 :/Standard/ajaxGetExportDataList?sort=id&order=asc&limit=10&offset=0&report_time_start=2017-09-01&report_time_end=2017-10-14

2017-10-14 03:47:15_0.82708700 1507924035 :/standard/export_data

2017-10-14 03:47:16_0.20807900 1507924036 :/Standard/ajaxGetExportDataList?sort=id&order=asc&limit=10&offset=0

2017-10-14 03:47:27_0.56811700 1507924047 :/Standard/ajaxGetExportDataList?sort=id&order=asc&limit=10&offset=0&report_time_start=2017-10-09&report_time_end=2017-10-14

2017-10-14 03:47:28_0.43982400 1507924048 :/Standard/ajaxGetExportDataList?sort=id&order=asc&limit=10&offset=0&report_time_start=2017-10-09&report_time_end=2017-10-14

2017-10-14 03:47:31_0.51705900 1507924051 :/Standard/ajaxGetExportDataList?sort=id&order=asc&limit=10&offset=0&report_time_start=2017-10-09&report_time_end=2017-09-30

2017-10-14 03:47:32_0.06873900 1507924052 :/Standard/ajaxGetExportDataList?sort=id&order=asc&limit=10&offset=0&report_time_start=2017-10-09&report_time_end=2017-09-30

2017-10-14 03:47:41_0.24020100 1507924061 :/Standard/ajaxGetExportDataList?sort=id&order=asc&limit=10&offset=0&report_time_start=2017-09-09&report_time_end=2017-09-30

2017-10-14 03:47:42_0.44362000 1507924062 :/Standard/ajaxGetExportDataList?sort=id&order=asc&limit=10&offset=0&report_time_start=2017-09-09&report_time_end=2017-09-30

2017-10-14 03:47:44_0.41629700 1507924064 :/Standard/ajaxGetExportDataList?sort=id&order=asc&limit=10&offset=0&report_time_start=2017-09-01&report_time_end=2017-09-30

2017-10-14 03:47:44_0.89939700 1507924064 :/Standard/ajaxGetExportDataList?sort=id&order=asc&limit=10&offset=0&report_time_start=2017-09-01&report_time_end=2017-09-30

2017-10-14 03:49:02_0.60993500 1507924142 :/favicon.ico

2017-10-14 03:49:10_0.52519800 1507924150 :/standard/export_data

2017-10-14 03:49:10_0.91565600 1507924150 :/Standard/ajaxGetExportDataList?sort=id&order=asc&limit=10&offset=0

2017-10-14 03:49:15_0.37292500 1507924155 :/Standard/ajaxGetExportDataList?sort=id&order=asc&limit=10&offset=0&report_time_start=2017-09-01&report_time_end=2017-10-14

2017-10-14 03:49:17_0.42635900 1507924157 :/Standard/ajaxGetExportDataList?sort=id&order=asc&limit=10&offset=0&report_time_start=2017-09-01&report_time_end=2017-10-14

2017-10-14 03:49:26_0.57426000 1507924166 :/standard/export_data

2017-10-14 03:49:26_0.94082700 1507924166 :/Standard/ajaxGetExportDataList?sort=id&order=asc&limit=10&offset=0

2017-10-14 03:49:32_0.15705100 1507924172 :/standard/summary_section

2017-10-14 03:49:32_0.47603500 1507924172 :/Standard/ajaxGetSummarySectionList?sort=id&order=asc&limit=10&offset=0

2017-10-14 03:49:33_0.76076100 1507924173 :/standard/summary_month

2017-10-14 03:49:34_0.05452800 1507924174 :/Standard/ajaxGetSummaryMonthList?sort=id&order=asc&limit=10&offset=0

2017-10-14 03:50:37_0.31521100 1507924237 :/standard/export_data

2017-10-14 03:50:37_0.66075100 1507924237 :/Standard/ajaxGetExportDataList?sort=id&order=asc&limit=10&offset=0

2017-10-14 03:50:52_0.95201100 1507924252 :/Standard/ajaxGetExportDataList?sort=id&order=asc&limit=10&offset=0&report_time_start=2017-09-01&report_time_end=2017-10-14

2017-10-14 03:51:06_0.01039700 1507924266 :/standard/export_data

2017-10-14 03:51:06_0.36135900 1507924266 :/Standard/ajaxGetExportDataList?sort=id&order=asc&limit=10&offset=0

2017-10-14 03:52:20_0.72739000 1507924340 :/Standard/ajaxGetExportDataList?sort=id&order=asc&limit=10&offset=0&report_time_start=2017-09-01&report_time_end=2017-10-14

2017-10-14 03:52:55_0.89693300 1507924375 :/Standard/ajaxGetExportDataList?sort=id&order=asc&limit=10&offset=0&report_time_start=2017-09-01&report_time_end=2017-10-14

2017-10-14 03:53:09_0.82518600 1507924389 :/Standard/ajaxGetExportDataList?sort=id&order=asc&limit=10&offset=0&report_time_start=2017-09-01&report_time_end=2017-10-14

2017-10-14 03:55:55_0.75968700 1507924555 :/Standard/ajaxGetExportDataList?sort=id&order=asc&limit=10&offset=0&report_time_start=2017-09-01&report_time_end=2017-10-14

2017-10-14 18:06:59_0.33532600 1507975619 :/standard/export_data

2017-10-14 18:06:59_0.74019800 1507975619 :/Standard/ajaxGetExportDataList?sort=id&order=asc&limit=10&offset=0

2017-10-14 18:07:02_0.09575900 1507975622 :/Standard/ajaxGetExportDataList?sort=id&order=asc&limit=10&offset=0&report_time_start=2017-10-04&report_time_end=2017-10-14

2017-10-14 18:07:07_0.36922200 1507975627 :/Standard/ajaxGetExportDataList?sort=id&order=asc&limit=10&offset=0&report_time_start=2017-09-04&report_time_end=2017-10-14

2017-10-14 18:07:09_0.78230800 1507975629 :/Standard/ajaxGetExportDataList?sort=id&order=asc&limit=10&offset=0&report_time_start=2017-09-04&report_time_end=2017-10-14

2017-10-14 18:07:14_0.43300300 1507975634 :/Standard/ajaxGetExportDataList?sort=id&order=asc&limit=10&offset=0&report_time_start=2017-09-04&report_time_end=2017-10-14

2017-10-14 18:10:55_0.22548300 1507975855 :/Standard/ajaxGetExportDataList?sort=id&order=asc&limit=10&offset=0&report_time_start=2017-09-04&report_time_end=2017-10-14

2017-10-14 18:12:00_0.76167700 1507975920 :/Standard/ajaxGetExportDataList?sort=id&order=asc&limit=10&offset=0&report_time_start=2017-09-04&report_time_end=2017-10-14

2017-10-14 18:12:06_0.64801800 1507975926 :/standard/export_data

2017-10-14 18:12:07_0.03563400 1507975927 :/Standard/ajaxGetExportDataList?sort=id&order=asc&limit=10&offset=0

2017-10-14 18:12:09_0.22773100 1507975929 :/standard/export_data

2017-10-14 18:12:09_0.53244100 1507975929 :/Standard/ajaxGetExportDataList?sort=id&order=asc&limit=10&offset=0

2017-10-14 18:12:11_0.05995500 1507975931 :/standard/export_data

2017-10-14 18:12:11_0.39761300 1507975931 :/Standard/ajaxGetExportDataList?sort=id&order=asc&limit=10&offset=0

2017-10-14 18:12:34_0.32309700 1507975954 :/standard/export_data

2017-10-14 18:12:34_0.67995700 1507975954 :/Standard/ajaxGetExportDataList?sort=id&order=asc&limit=10&offset=0

2017-10-14 18:12:36_0.00999100 1507975956 :/standard/export_data

2017-10-14 18:12:36_0.32418100 1507975956 :/Standard/ajaxGetExportDataList?sort=id&order=asc&limit=10&offset=0

2017-10-14 18:12:37_0.43711300 1507975957 :/standard/export_data

2017-10-14 18:12:37_0.77966400 1507975957 :/Standard/ajaxGetExportDataList?sort=id&order=asc&limit=10&offset=0

2017-10-14 18:12:42_0.13671200 1507975962 :/Standard/ajaxGetExportDataList?sort=id&order=asc&limit=10&offset=0&report_time_start=2017-10-02&report_time_end=2017-10-14

2017-10-14 18:12:43_0.41959600 1507975963 :/Standard/ajaxGetExportDataList?sort=id&order=asc&limit=10&offset=0&report_time_start=2017-10-02&report_time_end=2017-10-14

2017-10-14 18:12:45_0.54112400 1507975965 :/Standard/ajaxGetExportDataList?sort=id&order=asc&limit=10&offset=0&report_time_start=2017-10-12&report_time_end=2017-10-14

2017-10-14 18:12:46_0.37162100 1507975966 :/Standard/ajaxGetExportDataList?sort=id&order=asc&limit=10&offset=0&report_time_start=2017-10-12&report_time_end=2017-10-14

2017-10-14 18:12:48_0.15924900 1507975968 :/Standard/ajaxGetExportDataList?sort=id&order=asc&limit=10&offset=0&report_time_start=2017-10-11&report_time_end=2017-10-14

2017-10-14 18:12:50_0.46798300 1507975970 :/Standard/ajaxGetExportDataList?sort=id&order=asc&limit=10&offset=0&report_time_start=2017-10-10&report_time_end=2017-10-14

2017-10-14 18:13:17_0.24802200 1507975997 :/standard/export_data

2017-10-14 18:13:17_0.59925100 1507975997 :/Standard/ajaxGetExportDataList?sort=id&order=asc&limit=10&offset=0

2017-10-14 18:13:29_0.30346600 1507976009 :/Standard/ajaxGetExportDataList?sort=id&order=asc&limit=10&offset=0&report_time_start=2017-09-04&report_time_end=2017-10-14

2017-10-14 18:13:32_0.31448600 1507976012 :/Standard/ajaxGetExportDataList?sort=id&order=asc&limit=10&offset=0&report_time_start=2017-09-04&report_time_end=2017-10-14

2017-10-14 18:13:43_0.57745500 1507976023 :/standard/summary_month

2017-10-14 18:13:43_0.89904600 1507976023 :/Standard/ajaxGetSummaryMonthList?sort=id&order=asc&limit=10&offset=0

2017-10-14 18:13:44_0.72737400 1507976024 :/standard/summary_month

2017-10-14 18:13:45_0.03306500 1507976025 :/Standard/ajaxGetSummaryMonthList?sort=id&order=asc&limit=10&offset=0

2017-10-14 18:13:48_0.84568800 1507976028 :/standard/summary_section

2017-10-14 18:13:49_0.16453400 1507976029 :/Standard/ajaxGetSummarySectionList?sort=id&order=asc&limit=10&offset=0

2017-10-14 18:14:02_0.99790300 1507976042 :/Standard/ajaxGetSummarySectionList?sort=id&order=asc&limit=10&offset=0&report_time=2017-09

2017-10-14 18:14:08_0.39522800 1507976048 :/Standard/ajaxGetSummarySectionList?sort=id&order=asc&limit=10&offset=0&report_time=2017-09

2017-10-14 18:14:12_0.51521200 1507976052 :/standard/export_data

2017-10-14 18:14:12_0.89270100 1507976052 :/Standard/ajaxGetExportDataList?sort=id&order=asc&limit=10&offset=0

2017-10-14 18:14:18_0.30149300 1507976058 :/standard/summary_section

2017-10-14 18:14:18_0.63354100 1507976058 :/Standard/ajaxGetSummarySectionList?sort=id&order=asc&limit=10&offset=0

2017-10-14 18:14:24_0.10287400 1507976064 :/Standard/ajaxGetSummarySectionList?sort=id&order=asc&limit=10&offset=0&report_time=2017-09

2017-10-14 18:14:30_0.06521900 1507976070 :/standard/export_data

2017-10-14 18:14:30_0.42003800 1507976070 :/Standard/ajaxGetExportDataList?sort=id&order=asc&limit=10&offset=0

2017-10-14 18:16:35_0.13976800 1507976195 :/Standard/ajaxGetExportDataList?sort=id&order=asc&limit=10&offset=0&report_time_start=2017-10-01&report_time_end=2017-10-14

2017-10-14 18:16:36_0.14673700 1507976196 :/standard/export_data

2017-10-14 18:16:36_0.51301500 1507976196 :/Standard/ajaxGetExportDataList?sort=id&order=asc&limit=10&offset=0

2017-10-14 18:16:42_0.98874700 1507976202 :/Standard/ajaxGetExportDataList?sort=id&order=asc&limit=10&offset=0&report_time_start=2017-09-01&report_time_end=2017-10-14

2017-10-14 18:17:32_0.06129200 1507976252 :/Standard/ajaxGetExportDataList?sort=id&order=asc&limit=10&offset=0&report_time_start=2017-09-01&report_time_end=2017-10-14

2017-10-14 18:19:31_0.90727000 1507976371 :/Standard/ajaxGetExportDataList?sort=id&order=asc&limit=10&offset=0&report_time_start=2017-09-01&report_time_end=2017-10-14

2017-10-14 18:19:33_0.88111500 1507976373 :/Standard/ajaxGetExportDataList?sort=id&order=asc&limit=10&offset=0&report_time_start=2017-09-01&report_time_end=2017-10-14

2017-10-14 18:19:36_0.22430000 1507976376 :/Standard/ajaxExportImportDataList/s/2017-09-01/e/2017-10-14/ids/1,2,3,4,5

2017-10-14 18:19:42_0.45363800 1507976382 :/Standard/ajaxGetExportDataList?sort=id&order=asc&limit=10&offset=0&report_time_start=2017-09-01&report_time_end=2017-10-14

2017-10-14 18:19:42_0.73765900 1507976382 :/favicon.ico

2017-10-14 18:19:53_0.15754800 1507976393 :/Standard/ajaxGetExportDataList?sort=id&order=asc&limit=10&offset=0&report_time_start=2017-09-01&report_time_end=2017-10-14

2017-10-14 18:19:53_0.29323400 1507976393 :/favicon.ico

2017-10-14 18:20:44_0.77872200 1507976444 :/standard/export_data

2017-10-14 18:20:45_0.21461400 1507976445 :/Standard/ajaxGetExportDataList?sort=id&order=asc&limit=10&offset=0

2017-10-14 18:20:55_0.36046500 1507976455 :/Standard/ajaxExportImportDataList/s/2017-10-01/e/2017-10-14/ids/1

2017-10-14 18:20:55_0.57038600 1507976455 :/favicon.ico

2017-10-14 18:21:30_0.79283000 1507976490 :/Standard/ajaxExportImportDataList/s/2017-10-01/e/2017-10-14/ids/1

2017-10-14 18:21:31_0.01081900 1507976491 :/favicon.ico

2017-10-14 18:21:46_0.26430500 1507976506 :/Standard/

2017-10-14 18:21:46_0.74246700 1507976506 :/Standard/ajaxDictionaryList?sort=id&order=asc&limit=10&offset=0

2017-10-14 18:21:51_0.39689100 1507976511 :/standard/export_data

2017-10-14 18:21:51_0.57754200 1507976511 :/Standard/ajaxGetExportDataList?sort=id&order=asc&limit=10&offset=0

2017-10-14 18:22:13_0.93000500 1507976533 :/Standard/ajaxExportImportDataList/s/2017-10-01/e/2017-10-14/ids/1

2017-10-14 18:22:14_0.09916800 1507976534 :/favicon.ico

2017-10-14 18:22:23_0.73495400 1507976543 :/standard/export_data

2017-10-14 18:22:24_0.00105600 1507976544 :/Standard/ajaxGetExportDataList?sort=id&order=asc&limit=10&offset=0

2017-10-14 18:23:15_0.65479300 1507976595 :/standard/export_data

2017-10-14 18:23:15_0.91265900 1507976595 :/Standard/ajaxGetExportDataList?sort=id&order=asc&limit=10&offset=0

2017-10-14 18:23:17_0.16132900 1507976597 :/standard/export_data

2017-10-14 18:23:17_0.32189600 1507976597 :/Standard/ajaxGetExportDataList?sort=id&order=asc&limit=10&offset=0

2017-10-14 18:23:18_0.02887000 1507976598 :/standard/export_data

2017-10-14 18:23:18_0.17691700 1507976598 :/Standard/ajaxGetExportDataList?sort=id&order=asc&limit=10&offset=0

2017-10-14 18:23:24_0.43897400 1507976604 :/Standard/ajaxExportImportDataList/s/2017-10-01/e/2017-10-14/ids/1

2017-10-14 18:23:24_0.50042500 1507976604 :/favicon.ico

2017-10-14 18:23:25_0.98902800 1507976605 :/standard/export_data

2017-10-14 18:23:26_0.13637100 1507976606 :/Standard/ajaxGetExportDataList?sort=id&order=asc&limit=10&offset=0

2017-10-14 18:23:27_0.37787900 1507976607 :/standard/export_data

2017-10-14 18:23:27_0.51851500 1507976607 :/Standard/ajaxGetExportDataList?sort=id&order=asc&limit=10&offset=0

2017-10-14 18:23:38_0.31512900 1507976618 :/standard/export_data

2017-10-14 18:23:38_0.73738200 1507976618 :/Standard/ajaxGetExportDataList?sort=id&order=asc&limit=10&offset=0

2017-10-14 18:24:14_0.69437000 1507976654 :/standard/export_data

2017-10-14 18:24:15_0.14455600 1507976655 :/Standard/ajaxGetExportDataList?sort=id&order=asc&limit=10&offset=0

2017-10-14 18:24:17_0.24515200 1507976657 :/standard/export_data

2017-10-14 18:24:17_0.66866900 1507976657 :/Standard/ajaxGetExportDataList?sort=id&order=asc&limit=10&offset=0

2017-10-14 18:24:19_0.72474700 1507976659 :/Standard/ajaxExportImportDataList/s/2017-10-01/e/2017-10-14/ids/1

2017-10-14 18:24:19_0.90790400 1507976659 :/favicon.ico

2017-10-14 18:25:59_0.90574000 1507976759 :/standard/export_data

2017-10-14 18:26:00_0.29534400 1507976760 :/Standard/ajaxGetExportDataList?sort=id&order=asc&limit=10&offset=0

2017-10-14 18:27:49_0.68411600 1507976869 :/Standard/ajaxExportImportDataList/s/2017-10-01/e/2017-10-14/ids/1

2017-10-14 18:27:49_0.87181000 1507976869 :/favicon.ico

2017-10-14 18:28:03_0.86862400 1507976883 :/Standard/ajaxExportImportDataList/s/2017-10-01/e/2017-10-14/ids/1

2017-10-14 18:28:04_0.05314700 1507976884 :/favicon.ico

2017-10-14 18:28:11_0.96098200 1507976891 :/Standard/ajaxExportImportDataList/s/2017-10-01/e/2017-10-14/ids/2

2017-10-14 18:28:12_0.16866400 1507976892 :/favicon.ico

2017-10-14 18:28:15_0.09341800 1507976895 :/standard/export_data

2017-10-14 18:28:15_0.47340300 1507976895 :/Standard/ajaxGetExportDataList?sort=id&order=asc&limit=10&offset=0

2017-10-14 18:28:18_0.13736500 1507976898 :/Standard/ajaxExportImportDataList/s/2017-10-01/e/2017-10-14/ids/1

2017-10-14 18:28:18_0.33551400 1507976898 :/favicon.ico

2017-10-14 18:28:40_0.64157200 1507976920 :/standard/export_data

2017-10-14 18:28:41_0.03514500 1507976921 :/Standard/ajaxGetExportDataList?sort=id&order=asc&limit=10&offset=0

2017-10-14 18:29:20_0.92724600 1507976960 :/standard/import_data

2017-10-14 18:29:21_0.40028400 1507976961 :/Standard/ajaxGetExportDictionary

2017-10-14 18:29:22_0.35422400 1507976962 :/Standard/ajaxDownTemplate/

2017-10-14 18:29:22_0.36413100 1507976962 :/Standard/downTemplate/section/1

2017-10-14 18:29:47_0.36436300 1507976987 :/standard/export_data

2017-10-14 18:29:47_0.79647500 1507976987 :/Standard/ajaxGetExportDataList?sort=id&order=asc&limit=10&offset=0

2017-10-14 18:37:55_0.47088600 1507977475 :/Standard/ajaxExportImportDataList/s/2017-10-01/e/2017-10-14/ids/1

2017-10-14 18:37:55_0.71381000 1507977475 :/favicon.ico

2017-10-14 18:38:38_0.09440400 1507977518 :/Standard/ajaxExportImportDataList/s/2017-10-01/e/2017-10-14/ids/1

2017-10-14 18:38:38_0.29478600 1507977518 :/favicon.ico

2017-10-14 18:39:11_0.23785800 1507977551 :/standard/export_data

2017-10-14 18:39:11_0.61205600 1507977551 :/Standard/ajaxGetExportDataList?sort=id&order=asc&limit=10&offset=0

2017-10-14 18:39:15_0.03849200 1507977555 :/Standard/ajaxGetExportDataList?sort=id&order=asc&limit=10&offset=0&report_time_start=2017-10-01&report_time_end=2017-10-14

2017-10-14 18:39:18_0.83920000 1507977558 :/Standard/ajaxGetExportDataList?sort=id&order=asc&limit=10&offset=0&report_time_start=2017-09-01&report_time_end=2017-10-14

2017-10-14 18:39:20_0.55169300 1507977560 :/Standard/ajaxGetExportDataList?sort=id&order=asc&limit=10&offset=0&report_time_start=2017-09-01&report_time_end=2017-10-14

2017-10-14 18:39:23_0.46782200 1507977563 :/Standard/ajaxExportImportDataList/s/2017-09-01/e/2017-10-14/ids/1,2,3,4,5,6

2017-10-14 18:39:23_0.66522900 1507977563 :/favicon.ico

2017-10-14 18:39:28_0.68279500 1507977568 :/standard/export_data

2017-10-14 18:39:29_0.02550500 1507977569 :/Standard/ajaxGetExportDataList?sort=id&order=asc&limit=10&offset=0

2017-10-14 18:39:35_0.97527500 1507977575 :/Standard/ajaxGetExportDataList?sort=id&order=asc&limit=10&offset=0&report_time_start=2017-09-01&report_time_end=2017-10-14

2017-10-14 18:39:37_0.26402800 1507977577 :/Standard/ajaxGetExportDataList?sort=id&order=asc&limit=10&offset=0&report_time_start=2017-09-01&report_time_end=2017-10-14

2017-10-14 18:39:44_0.95521300 1507977584 :/Standard/ajaxExportImportDataList/s/2017-09-01/e/2017-10-14/ids/1,2,3,4,5,6

2017-10-14 18:39:45_0.16482500 1507977585 :/favicon.ico

2017-10-14 18:40:02_0.29463500 1507977602 :/Standard/ajaxExportImportDataList/s/2017-09-01/e/2017-10-14/ids/1,2,3,4,5,6

2017-10-14 18:40:02_0.49139700 1507977602 :/favicon.ico

2017-10-14 18:40:03_0.77265600 1507977603 :/Standard/ajaxExportImportDataList/s/2017-09-01/e/2017-10-14/ids/1,2,3,4,5,6

2017-10-14 18:40:04_0.01634900 1507977604 :/favicon.ico

2017-10-14 18:40:04_0.48496500 1507977604 :/Standard/ajaxExportImportDataList/s/2017-09-01/e/2017-10-14/ids/1,2,3,4,5,6

2017-10-14 18:40:04_0.67254100 1507977604 :/favicon.ico

2017-10-14 18:42:02_0.00800200 1507977722 :/Standard/ajaxExportImportDataList/s/2017-09-01/e/2017-10-14/ids/1,2,3,4,5,6

2017-10-14 18:42:02_0.21010500 1507977722 :/favicon.ico

2017-10-14 18:44:09_0.49839700 1507977849 :/Standard/ajaxExportImportDataList/s/2017-09-01/e/2017-10-14/ids/1,2,3,4,5,6

2017-10-14 18:44:09_0.68953500 1507977849 :/favicon.ico

2017-10-14 18:44:25_0.69736300 1507977865 :/Standard/ajaxExportImportDataList/s/2017-09-01/e/2017-10-14/ids/1,3,4,5,6

2017-10-14 18:44:25_0.90508900 1507977865 :/favicon.ico

2017-10-14 18:46:09_0.38855000 1507977969 :/standard/export_data

2017-10-14 18:46:09_0.79768600 1507977969 :/Standard/ajaxGetExportDataList?sort=id&order=asc&limit=10&offset=0

2017-10-14 18:46:14_0.37605000 1507977974 :/Standard/ajaxGetExportDataList?sort=id&order=asc&limit=10&offset=0&report_time_start=2017-09-01&report_time_end=2017-10-14

2017-10-14 18:46:18_0.65537400 1507977978 :/Standard/ajaxGetExportDataList?sort=id&order=asc&limit=10&offset=0&report_time_start=2017-09-01&report_time_end=2017-10-14

2017-10-14 18:46:20_0.89390300 1507977980 :/Standard/ajaxGetExportDataList?sort=id&order=asc&limit=10&offset=0&report_time_start=2017-09-01&report_time_end=2017-10-14

2017-10-14 18:46:53_0.49856900 1507978013 :/Standard/ajaxGetExportDataList?sort=id&order=asc&limit=10&offset=0&report_time_start=2017-10-01&report_time_end=2017-10-14

2017-10-14 18:47:09_0.36338400 1507978029 :/Standard/ajaxGetExportDataList?sort=id&order=asc&limit=10&offset=0&report_time_start=2017-09-01&report_time_end=2017-10-14

2017-10-14 18:47:09_0.99280700 1507978029 :/Standard/ajaxGetExportDataList?sort=id&order=asc&limit=10&offset=0&report_time_start=2017-09-01&report_time_end=2017-10-14

2017-10-14 19:00:48_0.08497200 1507978848 :/Standard/ajaxExportImportDataList/s/2017-09-01/e/2017-10-14/ids/1,3,4,5,6

2017-10-14 19:01:04_0.32267600 1507978864 :/Standard/ajaxExportImportDataList/s/2017-09-01/e/2017-10-14/ids/1,3,4,5,6

2017-10-14 19:01:07_0.90967900 1507978867 :/Standard/ajaxExportImportDataList/s/2017-09-01/e/2017-10-14/ids/1,2,3,4,5,6

2017-10-14 19:01:09_0.38058500 1507978869 :/Standard/ajaxExportImportDataList/s/2017-09-01/e/2017-10-14/ids/1,2,3,4,5,6

2017-10-14 19:01:09_0.83900500 1507978869 :/Standard/ajaxExportImportDataList/s/2017-09-01/e/2017-10-14/ids/1,2,3,4,5,6

2017-10-14 19:01:10_0.34124600 1507978870 :/Standard/ajaxExportImportDataList/s/2017-09-01/e/2017-10-14/ids/1,2,3,4,5,6

2017-10-14 19:01:10_0.77254400 1507978870 :/Standard/ajaxExportImportDataList/s/2017-09-01/e/2017-10-14/ids/1,2,3,4,5,6

2017-10-14 19:01:11_0.81571500 1507978871 :/Standard/ajaxExportImportDataList/s/2017-09-01/e/2017-10-14/ids/1,2,3,4,5,6

2017-10-14 19:01:12_0.01029900 1507978872 :/Standard/ajaxExportImportDataList/s/2017-09-01/e/2017-10-14/ids/1,2,3,4,5,6

2017-10-14 19:01:12_0.17825700 1507978872 :/Standard/ajaxExportImportDataList/s/2017-09-01/e/2017-10-14/ids/1,2,3,4,5,6

2017-10-14 19:01:16_0.19291100 1507978876 :/Standard/ajaxExportImportDataList

2017-10-14 19:01:20_0.05689300 1507978880 :/Standard

2017-10-14 19:01:20_0.48449100 1507978880 :/system/account/list

2017-10-14 19:01:20_0.81386000 1507978880 :/system/ajaxAccountGetList?sort=sort_weight&order=desc

2017-10-14 19:01:24_0.07687000 1507978884 :/standard/export_data

2017-10-14 19:01:24_0.42937900 1507978884 :/Standard/ajaxGetExportDataList?sort=id&order=asc&limit=10&offset=0

2017-10-14 19:01:27_0.14636700 1507978887 :/Standard/ajaxGetExportDataList?sort=id&order=asc&limit=10&offset=0&report_time_start=2017-10-01&report_time_end=2017-10-14

2017-10-14 19:01:30_0.83252600 1507978890 :/Standard/ajaxGetExportDataList?sort=id&order=asc&limit=10&offset=0&report_time_start=2017-09-01&report_time_end=2017-10-14

2017-10-14 19:01:31_0.09825800 1507978891 :/Standard/ajaxGetExportDataList?sort=id&order=asc&limit=10&offset=0&report_time_start=2017-09-01&report_time_end=2017-10-14

2017-10-14 19:01:32_0.49660000 1507978892 :/Standard/ajaxExportImportDataList/s/2017-09-01/e/2017-10-14/ids/1,2,3,4,5,6

2017-10-14 19:02:21_0.36344300 1507978941 :/Standard/ajaxExportImportDataList/s/2017-09-01/e/2017-10-14/ids/1,2,3,4,5,6

2017-10-14 19:02:21_0.59025900 1507978941 :/favicon.ico

2017-10-14 19:03:44_0.46387900 1507979024 :/Standard/ajaxExportImportDataList/s/2017-09-01/e/2017-10-14/ids/1,2,3,4,5,6

2017-10-14 19:03:44_0.67874300 1507979024 :/favicon.ico

2017-10-14 19:03:50_0.05436900 1507979030 :/Standard/ajaxExportImportDataList/s/2017-09-01/e/2017-10-14/ids/1,2,3,4,5,6

2017-10-14 19:03:50_0.26905000 1507979030 :/favicon.ico

2017-10-14 19:03:53_0.17110400 1507979033 :/Standard/ajaxExportImportDataList/s/2017-09-01/e/2017-10-14/ids/1,2,3,4,5,6

2017-10-14 19:03:53_0.39000100 1507979033 :/favicon.ico

2017-10-14 19:04:09_0.72536700 1507979049 :/Standard/ajaxExportImportDataList/s/2017-09-01/e/2017-10-14/ids/1,2,3,4,5,6

2017-10-14 19:04:09_0.92999700 1507979049 :/favicon.ico

2017-10-14 19:04:48_0.44026800 1507979088 :/Standard/ajaxExportImportDataList/s/2017-09-01/e/2017-10-14/ids/1,2,3,4,5,6

2017-10-14 19:04:48_0.67112600 1507979088 :/favicon.ico

2017-10-14 19:04:55_0.30260900 1507979095 :/Standard/ajaxExportImportDataList/s/2017-09-01/e/2017-10-14/ids/1,2,3,4,5,6

2017-10-14 19:04:55_0.51601900 1507979095 :/favicon.ico

2017-10-14 19:05:27_0.66450300 1507979127 :/Standard/ajaxExportImportDataList/s/2017-09-01/e/2017-10-14/ids/1,2,3,4,5,6

2017-10-14 19:05:27_0.86697800 1507979127 :/favicon.ico

2017-10-14 19:05:40_0.31273400 1507979140 :/Standard/ajaxExportImportDataList/s/2017-09-01/e/2017-10-14/ids/1,2,3,4,5,6

2017-10-14 19:05:40_0.52830400 1507979140 :/favicon.ico

2017-10-14 19:06:04_0.00251100 1507979164 :/Standard/ajaxExportImportDataList/s/2017-09-01/e/2017-10-14/ids/1,2,3,4,5,6

2017-10-14 19:06:04_0.22030600 1507979164 :/favicon.ico

2017-10-14 19:06:18_0.20127700 1507979178 :/Standard/ajaxExportImportDataList/s/2017-09-01/e/2017-10-14/ids/1,2,3,4,5,6

2017-10-14 19:06:41_0.21768800 1507979201 :/Standard/ajaxExportImportDataList/s/2017-09-01/e/2017-10-14/ids/1,2,3,4,5,6

2017-10-14 19:07:58_0.67411200 1507979278 :/standard/export_data

2017-10-14 19:07:59_0.07226200 1507979279 :/Standard/ajaxGetExportDataList?sort=id&order=asc&limit=10&offset=0

2017-10-14 19:08:05_0.26755800 1507979285 :/Standard/ajaxGetExportDataList?sort=id&order=asc&limit=10&offset=0&report_time_start=2017-09-01&report_time_end=2017-10-14

2017-10-14 19:08:06_0.54779700 1507979286 :/Standard/ajaxGetExportDataList?sort=id&order=asc&limit=10&offset=0&report_time_start=2017-09-01&report_time_end=2017-10-14

2017-10-14 19:08:16_0.06514300 1507979296 :/Standard/ajaxExportImportDataList/s/2017-09-01/e/2017-10-14/ids/1,2,4,5,6

2017-10-14 19:09:21_0.51776500 1507979361 :/Standard/ajaxExportImportDataList/s/2017-09-01/e/2017-10-14/ids/1,2,4,5,6

2017-10-14 19:10:08_0.75351300 1507979408 :/Standard/ajaxExportImportDataList/s/2017-09-01/e/2017-10-14/ids/1,2,4,5,6

2017-10-14 19:11:22_0.43821000 1507979482 :/welcome/index

2017-10-14 19:11:24_0.56865400 1507979484 :/system/role/list

2017-10-14 19:11:24_0.90123700 1507979484 :/system/ajaxRoleGetList?sort=sort_weight&order=desc

2017-10-14 19:11:25_0.75714300 1507979485 :/system/power/list

2017-10-14 19:11:26_0.05573400 1507979486 :/system/ajaxPowerGetList?sort=sort_weight&order=desc

2017-10-14 19:13:07_0.38852200 1507979587 :/system/power/list

2017-10-14 19:13:07_0.71019000 1507979587 :/system/ajaxPowerGetList?sort=sort_weight&order=desc

2017-10-14 19:13:08_0.48810300 1507979588 :/system/power/list

2017-10-14 19:13:08_0.80695600 1507979588 :/system/ajaxPowerGetList?sort=sort_weight&order=desc

2017-10-14 19:13:10_0.21560000 1507979590 :/system/power/list

2017-10-14 19:13:10_0.51244200 1507979590 :/system/ajaxPowerGetList?sort=sort_weight&order=asc

2017-10-14 19:13:11_0.82905900 1507979591 :/system/power/list

2017-10-14 19:13:12_0.11874100 1507979592 :/system/ajaxPowerGetList?sort=sort_weight&order=asc

2017-10-14 19:13:14_0.34326000 1507979594 :/system/power/list

2017-10-14 19:13:14_0.65567500 1507979594 :/system/ajaxPowerGetList?sort=sort_weight&order=asc

2017-10-14 19:13:15_0.88861000 1507979595 :/system/power/list

2017-10-14 19:13:16_0.18323300 1507979596 :/system/ajaxPowerGetList?sort=sort_weight&order=asc

2017-10-14 19:13:17_0.29862900 1507979597 :/system/power/list

2017-10-14 19:13:17_0.59180200 1507979597 :/system/ajaxPowerGetList?sort=sort_weight&order=asc

2017-10-14 19:13:18_0.64820800 1507979598 :/system/power/list

2017-10-14 19:13:18_0.94026300 1507979598 :/system/ajaxPowerGetList?sort=sort_weight&order=asc

2017-10-14 19:13:21_0.17911600 1507979601 :/system/power/list

2017-10-14 19:13:21_0.48991900 1507979601 :/system/ajaxPowerGetList?sort=sort_weight&order=asc

2017-10-14 19:14:15_0.16114400 1507979655 :/system/power/list

2017-10-14 19:14:15_0.47908400 1507979655 :/system/ajaxPowerGetList?sort=sort_weight&order=asc

2017-10-14 19:14:16_0.65524200 1507979656 :/system/power/list

2017-10-14 19:14:16_0.96488300 1507979656 :/system/ajaxPowerGetList?sort=sort_weight&order=asc

2017-10-14 19:14:17_0.46946400 1507979657 :/system/power/list

2017-10-14 19:14:17_0.78023900 1507979657 :/system/ajaxPowerGetList?sort=sort_weight&order=asc

2017-10-14 19:14:19_0.99696600 1507979659 :/system/power/list

2017-10-14 19:14:20_0.30171000 1507979660 :/system/ajaxPowerGetList?sort=id&order=asc

2017-10-14 20:18:50_0.83570200 1507983530 :/system/role/list

2017-10-14 20:18:51_0.13755800 1507983531 :/system/ajaxRoleGetList?sort=sort_weight&order=desc

2017-10-14 20:18:59_0.41683100 1507983539 :/system/power/list

2017-10-14 20:18:59_0.70884300 1507983539 :/system/ajaxPowerGetList?sort=id&order=asc

2017-10-14 20:20:03_0.23933700 1507983603 :/system/role/list

2017-10-14 20:20:03_0.54508200 1507983603 :/system/ajaxRoleGetList?sort=sort_weight&order=desc

2017-10-14 20:20:04_0.53384500 1507983604 :/system/account/list

2017-10-14 20:20:04_0.83469300 1507983604 :/system/ajaxAccountGetList?sort=sort_weight&order=desc

2017-10-14 20:20:06_0.17776200 1507983606 :/system/power/list

2017-10-14 20:20:06_0.47507200 1507983606 :/system/ajaxPowerGetList?sort=id&order=asc

2017-10-14 20:20:08_0.06750400 1507983608 :/base/section

2017-10-14 20:20:08_0.36415900 1507983608 :/base/ajaxSectionList?sort=id&order=desc&limit=10&offset=0

2017-10-14 20:20:12_0.43251200 1507983612 :/system/account/list

2017-10-14 20:20:12_0.72837500 1507983612 :/system/ajaxAccountGetList?sort=sort_weight&order=desc

2017-10-14 20:20:15_0.04450600 1507983615 :/system/ajaxAccountGetOne

2017-10-14 20:20:20_0.84769400 1507983620 :/system/role/list

2017-10-14 20:20:21_0.14439300 1507983621 :/system/ajaxRoleGetList?sort=sort_weight&order=desc

2017-10-14 20:24:42_0.32914300 1507983882 :/standard/export_dictionary

2017-10-14 20:24:42_0.68924000 1507983882 :/Standard/ajaxGetExportDictionary

2017-10-14 20:24:44_0.20642200 1507983884 :/standard/export_data

2017-10-14 20:24:44_0.56018600 1507983884 :/Standard/ajaxGetExportDataList?sort=id&order=asc&limit=10&offset=0

2017-10-14 20:24:47_0.44547000 1507983887 :/standard/irrelevant

2017-10-14 20:24:47_0.75898200 1507983887 :/Standard/ajaxDictionaryGetAllChild?sort=id&order=desc&limit=10&offset=0

2017-10-14 20:25:07_0.23740000 1507983907 :/system/account/list

2017-10-14 20:25:07_0.54792600 1507983907 :/system/ajaxAccountGetList?sort=sort_weight&order=desc

2017-10-14 20:25:12_0.18955600 1507983912 :/system/role/list

2017-10-14 20:25:12_0.48442000 1507983912 :/system/ajaxRoleGetList?sort=sort_weight&order=desc

2017-10-14 20:25:45_0.76183700 1507983945 :/system/role/list

2017-10-14 20:25:46_0.07438100 1507983946 :/system/ajaxRoleGetList?sort=sort_weight&order=desc

2017-10-14 20:25:48_0.76268900 1507983948 :/system/power/list

2017-10-14 20:25:49_0.05569200 1507983949 :/system/ajaxPowerGetList?sort=id&order=asc

2017-10-14 20:25:50_0.71778600 1507983950 :/system/role/list

2017-10-14 20:25:51_0.01438200 1507983951 :/system/ajaxRoleGetList?sort=sort_weight&order=desc

2017-10-14 20:25:54_0.50098900 1507983954 :/system/power/list

2017-10-14 20:25:54_0.79784200 1507983954 :/system/ajaxPowerGetList?sort=id&order=asc

2017-10-14 20:25:59_0.02980100 1507983959 :/welcome/index

2017-10-14 20:26:04_0.99822100 1507983964 :/system/account/list

2017-10-14 20:26:05_0.32323300 1507983965 :/system/ajaxAccountGetList?sort=sort_weight&order=desc

2017-10-14 20:26:08_0.30767100 1507983968 :/system/role/list

2017-10-14 20:26:08_0.60407400 1507983968 :/system/ajaxRoleGetList?sort=sort_weight&order=desc

2017-10-14 20:26:09_0.87327900 1507983969 :/system/power/list

2017-10-14 20:26:10_0.16679800 1507983970 :/system/ajaxPowerGetList?sort=id&order=asc

2017-10-14 20:28:15_0.81691500 1507984095 :/welcome/index

2017-10-14 20:28:24_0.44463300 1507984104 :/system/logout

2017-10-14 20:28:24_0.47029800 1507984104 :/system/

2017-10-14 20:28:25_0.97953400 1507984105 :/system/captcha

2017-10-14 20:28:42_0.74335300 1507984122 :/system/ajaxLogin

2017-10-14 20:28:42_0.82611300 1507984122 :/system/captcha?0.36731691080530227

2017-10-14 20:28:48_0.23949700 1507984128 :/system/account/list

2017-10-14 20:28:48_0.61088700 1507984128 :/system/ajaxAccountGetList?sort=sort_weight&order=desc

2017-10-14 20:29:13_0.40035900 1507984153 :/system/ajaxLogin

2017-10-14 20:29:13_0.72326900 1507984153 :/welcome/index

2017-10-14 20:29:13_0.72600400 1507984153 request_uri:/welcome/

2017-10-14 20:29:13_0.72613700 1507984153 list:["\/welcome\/","\/abnormal\/"]

2017-10-14 20:29:22_0.84648400 1507984162 :/system/power/list

2017-10-14 20:29:23_0.19437200 1507984163 :/system/ajaxPowerGetList?sort=id&order=asc

2017-10-14 20:29:24_0.67897500 1507984164 :/system/power/list

2017-10-14 20:29:25_0.01349600 1507984165 :/system/ajaxPowerGetList?sort=id&order=asc

2017-10-14 20:30:14_0.71797000 1507984214 :/system/ajaxPowerAdd

2017-10-14 20:30:14_0.72959300 1507984214 :/system/ajaxPowerGetList?sort=id&order=asc

2017-10-14 20:30:25_0.12201100 1507984225 :/abnormal/piping

2017-10-14 20:30:25_0.47820100 1507984225 :/Abnormal/ajaxPipingList?sort=id&order=desc&limit=10&offset=0

2017-10-14 20:30:29_0.88351800 1507984229 :/welcome/index

2017-10-14 20:30:33_0.08084500 1507984233 :/system/power/list

2017-10-14 20:30:33_0.56239900 1507984233 :/system/ajaxPowerGetList?sort=id&order=asc

2017-10-14 20:30:50_0.47980700 1507984250 :/system/ajaxPowerUpdate

2017-10-14 20:30:50_0.49055000 1507984250 :/system/ajaxPowerGetList?sort=id&order=asc

2017-10-14 20:31:04_0.04993400 1507984264 :/abnormal/medicine

2017-10-14 20:31:04_0.46778800 1507984264 :/Abnormal/ajaxMedicineList?sort=id&order=desc&limit=10&offset=0

2017-10-14 20:31:14_0.51302700 1507984274 :/system/ajaxPowerAdd

2017-10-14 20:31:14_0.53827300 1507984274 :/system/ajaxPowerGetList?sort=id&order=asc

2017-10-14 20:31:18_0.76130100 1507984278 :/abnormal/stab

2017-10-14 20:31:19_0.15447400 1507984279 :/Abnormal/ajaxStabList?sort=id&order=desc&limit=10&offset=0

2017-10-14 20:31:29_0.18469300 1507984289 :/system/ajaxPowerAdd

2017-10-14 20:31:29_0.19652500 1507984289 :/system/ajaxPowerGetList?sort=id&order=asc

2017-10-14 20:31:35_0.43562300 1507984295 :/system/ajaxPowerUpdate

2017-10-14 20:31:35_0.44402900 1507984295 :/system/ajaxPowerGetList?sort=id&order=asc

2017-10-14 20:31:40_0.42201500 1507984300 :/abnormal/pressure

2017-10-14 20:31:40_0.81596400 1507984300 :/Abnormal/ajaxPressureList?sort=id&order=desc&limit=10&offset=0

2017-10-14 20:31:51_0.44830900 1507984311 :/system/ajaxPowerAdd

2017-10-14 20:31:51_0.46884100 1507984311 :/system/ajaxPowerGetList?sort=id&order=asc

2017-10-14 20:31:58_0.18156900 1507984318 :/abnormal/fall

2017-10-14 20:31:58_0.59811800 1507984318 :/Abnormal/ajaxFallList?sort=id&order=desc&limit=10&offset=0

2017-10-14 20:32:09_0.25876000 1507984329 :/system/ajaxPowerAdd

2017-10-14 20:32:09_0.27961800 1507984329 :/system/ajaxPowerGetList?sort=id&order=asc

2017-10-14 20:32:17_0.11276500 1507984337 :/abnormal/other

2017-10-14 20:32:17_0.53518400 1507984337 :/Abnormal/ajaxOtherList?sort=id&order=desc&limit=10&offset=0

2017-10-14 20:32:29_0.25743400 1507984349 :/system/ajaxPowerAdd

2017-10-14 20:32:29_0.26736300 1507984349 :/system/ajaxPowerGetList?sort=id&order=asc

2017-10-14 20:32:50_0.49845200 1507984370 :/system/role/list

2017-10-14 20:32:50_0.89788400 1507984370 :/system/ajaxRoleGetList?sort=sort_weight&order=desc

2017-10-14 20:32:52_0.62628100 1507984372 :/system/ajaxGetPower

2017-10-14 20:33:15_0.43266900 1507984395 :/system/ajaxRoleUpdate

2017-10-14 20:33:15_0.44250200 1507984395 :/system/ajaxRoleGetList?sort=sort_weight&order=desc

2017-10-14 20:33:24_0.76243100 1507984404 :/system/ajaxGetPower

2017-10-14 20:33:29_0.06654800 1507984409 :/system/ajaxRoleUpdate

2017-10-14 20:33:29_0.07545300 1507984409 :/system/ajaxRoleGetList?sort=sort_weight&order=desc

2017-10-14 20:33:33_0.15059100 1507984413 :/system/ajaxGetPower

2017-10-14 20:35:36_0.13336500 1507984536 :/system/ajaxGetPower

2017-10-14 20:35:41_0.21280300 1507984541 :/system/ajaxRoleUpdate

2017-10-14 20:35:41_0.22067100 1507984541 :/system/ajaxRoleGetList?sort=sort_weight&order=desc

2017-10-14 20:35:42_0.85017500 1507984542 :/system/role/list

2017-10-14 20:35:43_0.24654100 1507984543 :/system/ajaxRoleGetList?sort=sort_weight&order=desc

2017-10-14 20:40:59_0.55216600 1507984859 :/system/power/list

2017-10-14 20:40:59_0.92835300 1507984859 :/system/ajaxPowerGetList?sort=id&order=asc

2017-10-14 20:41:00_0.82069600 1507984860 :/system/role/list

2017-10-14 20:41:01_0.18312000 1507984861 :/system/ajaxRoleGetList?sort=sort_weight&order=desc

2017-10-14 20:41:02_0.24466500 1507984862 :/system/power/list

2017-10-14 20:41:02_0.57651000 1507984862 :/system/ajaxPowerGetList?sort=id&order=asc

2017-10-14 20:41:09_0.19348200 1507984869 :/system/ajaxPowerDelete

2017-10-14 20:41:09_0.20386400 1507984869 :/system/ajaxPowerGetList?sort=id&order=asc

2017-10-14 20:41:11_0.11758600 1507984871 :/system/ajaxPowerDelete

2017-10-14 20:41:11_0.12568700 1507984871 :/system/ajaxPowerGetList?sort=id&order=asc

2017-10-14 20:41:13_0.45922200 1507984873 :/system/ajaxPowerDelete

2017-10-14 20:41:13_0.46881000 1507984873 :/system/ajaxPowerGetList?sort=id&order=asc

2017-10-14 20:41:15_0.55451500 1507984875 :/system/ajaxPowerDelete

2017-10-14 20:41:15_0.56321600 1507984875 :/system/ajaxPowerGetList?sort=id&order=asc

2017-10-14 20:41:18_0.01921200 1507984878 :/system/ajaxPowerDelete

2017-10-14 20:41:18_0.02734700 1507984878 :/system/ajaxPowerGetList?sort=id&order=asc

2017-10-14 20:41:20_0.67240500 1507984880 :/system/ajaxPowerDelete

2017-10-14 20:41:20_0.68137700 1507984880 :/system/ajaxPowerGetList?sort=id&order=asc

2017-10-14 20:41:23_0.43818300 1507984883 :/system/power/list

2017-10-14 20:41:23_0.78917300 1507984883 :/system/ajaxPowerGetList?sort=id&order=asc

2017-10-14 20:41:49_0.10752800 1507984909 :/system/role/list

2017-10-14 20:41:49_0.46259100 1507984909 :/system/ajaxRoleGetList?sort=sort_weight&order=desc

2017-10-14 20:41:50_0.21193000 1507984910 :/system/account/list

2017-10-14 20:41:50_0.56028900 1507984910 :/system/ajaxAccountGetList?sort=sort_weight&order=desc

2017-10-14 20:41:51_0.36006200 1507984911 :/system/power/list

2017-10-14 20:41:51_0.70115500 1507984911 :/system/ajaxPowerGetList?sort=id&order=asc

2017-10-14 20:41:55_0.55301600 1507984915 :/system/role/list

2017-10-14 20:41:55_0.85989600 1507984915 :/system/ajaxRoleGetList?sort=sort_weight&order=desc

2017-10-14 20:41:57_0.11271000 1507984917 :/system/power/list

2017-10-14 20:41:57_0.42266800 1507984917 :/system/ajaxPowerGetList?sort=id&order=asc

2017-10-14 20:41:59_0.68648800 1507984919 :/system/power/list

2017-10-14 20:42:00_0.03485600 1507984920 :/system/ajaxPowerGetList?sort=id&order=asc

2017-10-14 20:45:24_0.50350700 1507985124 :/system/power/list

2017-10-14 20:45:24_0.85310000 1507985124 :/system/ajaxPowerGetList?sort=id&order=asc

2017-10-14 20:45:36_0.97187700 1507985136 :/system/power/list

2017-10-14 20:45:37_0.31296200 1507985137 :/system/ajaxPowerGetList?sort=id&order=asc

2017-10-14 20:45:57_0.79752500 1507985157 :/system/power/list

2017-10-14 20:45:58_0.13700900 1507985158 :/system/ajaxPowerGetList?sort=id&order=asc

2017-10-14 20:46:14_0.38449000 1507985174 :/system/power/list

2017-10-14 20:46:14_0.82677600 1507985174 :/system/ajaxPowerGetList?sort=id&order=asc

2017-10-14 20:46:21_0.17186500 1507985181 :/system/power/list

2017-10-14 20:46:21_0.51729900 1507985181 :/system/ajaxPowerGetList?sort=id&order=asc

2017-10-14 20:46:22_0.20400900 1507985182 :/system/role/list

2017-10-14 20:46:22_0.52709400 1507985182 :/system/ajaxRoleGetList?sort=sort_weight&order=desc

2017-10-14 20:46:23_0.82439200 1507985183 :/system/account/list

2017-10-14 20:46:24_0.16070300 1507985184 :/system/ajaxAccountGetList?sort=sort_weight&order=desc

2017-10-14 20:46:25_0.12930100 1507985185 :/system/power/list

2017-10-14 20:46:25_0.47851400 1507985185 :/system/ajaxPowerGetList?sort=id&order=asc

2017-10-14 20:47:56_0.56080000 1507985276 :/system/power/list

2017-10-14 20:47:56_0.97447900 1507985276 :/system/ajaxPowerGetList?sort=id&order=asc

2017-10-14 20:48:01_0.04246400 1507985281 :/system/power/list

2017-10-14 20:48:01_0.42317400 1507985281 :/system/ajaxPowerGetList?sort=sort&order=asc

2017-10-14 20:48:23_0.46983600 1507985303 :/system/power/list

2017-10-14 20:48:23_0.84193700 1507985303 :/system/ajaxPowerGetList?sort=sort&order=asc

2017-10-14 20:48:25_0.51570800 1507985305 :/system/power/list

2017-10-14 20:48:25_0.87590200 1507985305 :/system/ajaxPowerGetList?sort=sort&order=asc

2017-10-14 20:48:27_0.43830600 1507985307 :/system/power/list

2017-10-14 20:48:27_0.77166300 1507985307 :/system/ajaxPowerGetList?sort=sort&order=asc

2017-10-14 20:51:35_0.06042100 1507985495 :/system/power/list

2017-10-14 20:51:35_0.48571300 1507985495 :/system/ajaxPowerGetList?sort=sort&order=asc

2017-10-14 20:51:37_0.47041300 1507985497 :/system/power/list

2017-10-14 20:51:37_0.82763700 1507985497 :/system/ajaxPowerGetList?sort=sort&order=asc

2017-10-14 20:51:39_0.24679700 1507985499 :/system/power/list

2017-10-14 20:51:39_0.57549600 1507985499 :/system/ajaxPowerGetList?sort=sort&order=asc

2017-10-14 20:52:03_0.28722600 1507985523 :/system/power/list

2017-10-14 20:52:03_0.70232800 1507985523 :/system/ajaxPowerGetList?sort=sort&order=asc

2017-10-14 20:52:05_0.06164600 1507985525 :/system/power/list

2017-10-14 20:52:05_0.43769500 1507985525 :/system/ajaxPowerGetList?sort=sort&order=asc

2017-10-14 20:52:06_0.13267500 1507985526 :/system/power/list

2017-10-14 20:52:06_0.47278300 1507985526 :/system/ajaxPowerGetList?sort=sort&order=asc

2017-10-14 20:54:24_0.44724800 1507985664 :/system/power/list

2017-10-14 20:54:24_0.84740700 1507985664 :/system/ajaxPowerGetList?sort=sort&order=asc

2017-10-14 20:54:25_0.96325300 1507985665 :/system/power/list

2017-10-14 20:54:26_0.38758900 1507985666 :/system/ajaxPowerGetList?sort=sort&order=asc

2017-10-14 20:54:29_0.10148500 1507985669 :/system/power/list

2017-10-14 20:54:29_0.52305200 1507985669 :/system/ajaxPowerGetList?sort=sort&order=asc

2017-10-14 20:54:31_0.21255900 1507985671 :/system/power/list

2017-10-14 20:54:31_0.66466000 1507985671 :/system/ajaxPowerGetList?sort=sort&order=asc

2017-10-14 20:55:40_0.30924900 1507985740 :/system/power/list

2017-10-14 20:55:40_0.80083200 1507985740 :/system/ajaxPowerGetList?sort=sort&order=asc

2017-10-14 20:55:42_0.22146800 1507985742 :/system/power/list

2017-10-14 20:55:42_0.63476200 1507985742 :/system/ajaxPowerGetList?sort=sort&order=asc

2017-10-14 20:55:44_0.81959400 1507985744 :/system/power/list

2017-10-14 20:55:45_0.27145800 1507985745 :/system/ajaxPowerGetList?sort=sort&order=asc

2017-10-14 20:55:46_0.80837300 1507985746 :/system/power/list

2017-10-14 20:55:47_0.21635700 1507985747 :/system/ajaxPowerGetList?sort=sort&order=asc

2017-10-14 20:55:49_0.85526100 1507985749 :/system/power/list

2017-10-14 20:55:50_0.27195200 1507985750 :/system/ajaxPowerGetList?sort=sort&order=asc

2017-10-14 20:55:52_0.61169700 1507985752 :/system/power/list

2017-10-14 20:55:53_0.03160600 1507985753 :/system/ajaxPowerGetList?sort=sort&order=asc

2017-10-14 20:56:35_0.31044800 1507985795 :/system/power/list

2017-10-14 20:56:35_0.78469500 1507985795 :/system/ajaxPowerGetList?sort=sort&order=asc

2017-10-14 20:56:36_0.94571200 1507985796 :/system/power/list

2017-10-14 20:56:37_0.35361300 1507985797 :/system/ajaxPowerGetList?sort=sort&order=asc

2017-10-14 20:56:38_0.17898400 1507985798 :/system/power/list

2017-10-14 20:56:38_0.52820900 1507985798 :/system/ajaxPowerGetList?sort=sort&order=asc

2017-10-14 20:58:20_0.47530700 1507985900 :/system/power/list

2017-10-14 20:58:20_0.92383900 1507985900 :/system/ajaxPowerGetList?sort=sort&order=asc

2017-10-14 20:58:23_0.53069500 1507985903 :/system/power/list

2017-10-14 20:58:23_0.97486000 1507985903 :/system/ajaxPowerGetList?sort=sort&order=asc

2017-10-14 20:58:25_0.75583100 1507985905 :/welcome/index

2017-10-14 20:58:28_0.86050300 1507985908 :/welcome/index

2017-10-14 20:58:30_0.96234600 1507985910 :/welcome/index

2017-10-14 20:58:33_0.19673600 1507985913 :/system/account/list

2017-10-14 20:58:33_0.74328900 1507985913 :/system/ajaxAccountGetList?sort=sort_weight&order=desc

2017-10-14 20:59:44_0.75598800 1507985984 :/system/power/list

2017-10-14 20:59:45_0.15362700 1507985985 :/system/ajaxPowerGetList?sort=sort&order=asc

2017-10-14 20:59:48_0.45268200 1507985988 :/system/account/list

2017-10-14 20:59:48_0.75625400 1507985988 :/system/ajaxAccountGetList?sort=sort_weight&order=desc

2017-10-14 20:59:51_0.14904400 1507985991 :/base/section

2017-10-14 20:59:51_0.45108300 1507985991 :/base/ajaxSectionList?sort=id&order=desc&limit=10&offset=0

2017-10-14 20:59:53_0.50553700 1507985993 :/abnormal/piping/

2017-10-14 20:59:53_0.68356800 1507985993 :/favicon.ico

2017-10-14 20:59:56_0.50111000 1507985996 :/base/section

2017-10-14 20:59:56_0.79113800 1507985996 :/base/ajaxSectionList?sort=id&order=desc&limit=10&offset=0

2017-10-14 20:59:59_0.04963400 1507985999 :/base/section

2017-10-14 20:59:59_0.38519700 1507985999 :/base/ajaxSectionList?sort=id&order=desc&limit=10&offset=0

2017-10-14 21:00:00_0.37241500 1507986000 :/abnormal/piping/

2017-10-14 21:00:00_0.54953400 1507986000 :/favicon.ico

2017-10-14 21:00:12_0.44613000 1507986012 :/abnormal/piping/

2017-10-14 21:00:12_0.64476500 1507986012 :/favicon.ico

2017-10-14 21:00:13_0.71664200 1507986013 :/abnormal/piping/

2017-10-14 21:00:13_0.90553400 1507986013 :/favicon.ico

2017-10-14 21:00:14_0.50761000 1507986014 :/base/section

2017-10-14 21:00:14_0.89196400 1507986014 :/base/ajaxSectionList?sort=id&order=desc&limit=10&offset=0

2017-10-14 21:00:16_0.46867900 1507986016 :/abnormal/piping/

2017-10-14 21:00:16_0.65091000 1507986016 :/favicon.ico

2017-10-14 21:00:19_0.45854800 1507986019 :/base/section

2017-10-14 21:00:19_0.80232500 1507986019 :/base/ajaxSectionList?sort=id&order=desc&limit=10&offset=0

2017-10-14 21:00:21_0.62840000 1507986021 :/abnormal/medicine/

2017-10-14 21:00:21_0.79816800 1507986021 :/favicon.ico

2017-10-14 21:00:23_0.10845500 1507986023 :/base/section

2017-10-14 21:00:23_0.39818400 1507986023 :/base/ajaxSectionList?sort=id&order=desc&limit=10&offset=0

2017-10-14 21:00:25_0.45285800 1507986025 :/base/section

2017-10-14 21:00:25_0.79252800 1507986025 :/base/ajaxSectionList?sort=id&order=desc&limit=10&offset=0

2017-10-14 21:00:27_0.81523000 1507986027 :/abnormal/stab/

2017-10-14 21:00:27_0.99387200 1507986027 :/favicon.ico

2017-10-14 21:00:34_0.72534000 1507986034 :/abnormal/stab/

2017-10-14 21:00:34_0.90983000 1507986034 :/favicon.ico

2017-10-14 21:00:52_0.07731600 1507986052 :/base/section

2017-10-14 21:00:52_0.45164500 1507986052 :/base/ajaxSectionList?sort=id&order=desc&limit=10&offset=0

2017-10-14 21:01:17_0.85406900 1507986077 :/base/section

2017-10-14 21:01:18_0.20112000 1507986078 :/base/ajaxSectionList?sort=id&order=desc&limit=10&offset=0

2017-10-14 21:01:19_0.93155800 1507986079 :/base/section

2017-10-14 21:01:20_0.30250400 1507986080 :/base/ajaxSectionList?sort=id&order=desc&limit=10&offset=0

2017-10-14 21:01:21_0.66565000 1507986081 :/abnormal/piping/

2017-10-14 21:01:21_0.86237700 1507986081 :/favicon.ico

2017-10-14 21:01:24_0.16337000 1507986084 :/abnormal/piping

2017-10-14 21:01:24_0.49002700 1507986084 :/Abnormal/ajaxPipingList?sort=id&order=desc&limit=10&offset=0

2017-10-14 21:01:26_0.65124800 1507986086 :/abnormal/piping

2017-10-14 21:01:26_0.98104100 1507986086 :/Abnormal/ajaxPipingList?sort=id&order=desc&limit=10&offset=0

2017-10-14 21:01:28_0.88638200 1507986088 :/abnormal/piping

2017-10-14 21:01:29_0.23106000 1507986089 :/Abnormal/ajaxPipingList?sort=id&order=desc&limit=10&offset=0

2017-10-14 21:01:30_0.66420800 1507986090 :/abnormal/piping

2017-10-14 21:01:30_0.96791800 1507986090 :/Abnormal/ajaxPipingList?sort=id&order=desc&limit=10&offset=0

2017-10-14 21:01:34_0.94121500 1507986094 :/examine/stab

2017-10-14 21:01:35_0.26982400 1507986095 :/Examine/ajaxStabList?sort=id&order=desc&limit=10&offset=0

2017-10-14 21:01:37_0.23488100 1507986097 :/system/account/list

2017-10-14 21:01:37_0.53437900 1507986097 :/system/ajaxAccountGetList?sort=sort_weight&order=desc

2017-10-14 21:01:41_0.42611800 1507986101 :/system/role/list

2017-10-14 21:01:41_0.73189000 1507986101 :/system/ajaxRoleGetList?sort=sort_weight&order=desc

2017-10-14 21:01:43_0.49652400 1507986103 :/system/power/list

2017-10-14 21:01:43_0.78920200 1507986103 :/system/ajaxPowerGetList?sort=sort&order=asc

2017-10-14 21:03:14_0.59618900 1507986194 :/system/account/list

2017-10-14 21:03:15_0.03725700 1507986195 :/system/ajaxAccountGetList?sort=sort_weight&order=desc

2017-10-14 21:03:17_0.71531200 1507986197 :/system/account/list

2017-10-14 21:03:18_0.10670000 1507986198 :/system/ajaxAccountGetList?sort=sort_weight&order=desc

2017-10-14 21:03:35_0.40701800 1507986215 :/abnormal/piping

2017-10-14 21:03:35_0.80323400 1507986215 :/Abnormal/ajaxPipingList?sort=id&order=desc&limit=10&offset=0

2017-10-14 21:03:37_0.87488900 1507986217 :/abnormal/medicine

2017-10-14 21:03:38_0.23496400 1507986218 :/Abnormal/ajaxMedicineList?sort=id&order=desc&limit=10&offset=0

2017-10-14 21:03:44_0.71351700 1507986224 :/

2017-10-14 21:03:44_0.76686400 1507986224 :/system/captcha

2017-10-14 21:03:51_0.86977500 1507986231 :/system/ajaxLogin

2017-10-14 21:03:51_0.92899500 1507986231 :/welcome/index

2017-10-14 21:03:51_0.93082100 1507986231 request_uri:/welcome/

2017-10-14 21:03:51_0.93091700 1507986231 list:["\/welcome\/","\/abnormal\/",null,null]

2017-10-14 21:03:54_0.19859000 1507986234 :/abnormal/piping

2017-10-14 21:03:54_0.20110600 1507986234 request_uri:/abnormal/

2017-10-14 21:03:54_0.20141600 1507986234 list:["\/welcome\/","\/abnormal\/",null,null]

2017-10-14 21:03:54_0.20444000 1507986234 request_uri:/abnormal/

2017-10-14 21:03:54_0.20452600 1507986234 list:["\/welcome\/","\/abnormal\/",null,null]

2017-10-14 21:03:54_0.73470700 1507986234 :/Abnormal/ajaxPipingList?sort=id&order=desc&limit=10&offset=0

2017-10-14 21:03:54_0.73647800 1507986234 request_uri:/abnormal/

2017-10-14 21:03:54_0.73685900 1507986234 list:["\/welcome\/","\/abnormal\/",null,null]

2017-10-14 21:03:56_0.91979700 1507986236 :/abnormal/medicine

2017-10-14 21:03:56_0.92262700 1507986236 request_uri:/abnormal/

2017-10-14 21:03:56_0.92286400 1507986236 list:["\/welcome\/","\/abnormal\/",null,null]

2017-10-14 21:03:56_0.92518200 1507986236 request_uri:/abnormal/

2017-10-14 21:03:56_0.92528700 1507986236 list:["\/welcome\/","\/abnormal\/",null,null]

2017-10-14 21:03:57_0.43500100 1507986237 :/Abnormal/ajaxMedicineList?sort=id&order=desc&limit=10&offset=0

2017-10-14 21:03:57_0.43672400 1507986237 request_uri:/abnormal/

2017-10-14 21:03:57_0.43687200 1507986237 list:["\/welcome\/","\/abnormal\/",null,null]

2017-10-14 21:04:05_0.65521800 1507986245 :/base/section

2017-10-14 21:04:06_0.02041300 1507986246 :/base/ajaxSectionList?sort=id&order=desc&limit=10&offset=0

2017-10-14 21:05:05_0.73631300 1507986305 :/system/power/list

2017-10-14 21:05:06_0.10167100 1507986306 :/system/ajaxPowerGetList?sort=sort&order=asc

2017-10-14 21:06:18_0.85521800 1507986378 :/system/power/list

2017-10-14 21:06:19_0.26143200 1507986379 :/system/ajaxPowerGetList?sort=sort&order=asc

2017-10-14 21:06:20_0.60296100 1507986380 :/system/power/list

2017-10-14 21:06:20_0.98567400 1507986380 :/system/ajaxPowerGetList?sort=sort&order=asc

2017-10-14 21:06:21_0.87906400 1507986381 :/system/power/list

2017-10-14 21:06:22_0.23680900 1507986382 :/system/ajaxPowerGetList?sort=sort&order=asc

2017-10-14 21:06:53_0.21910500 1507986413 :/system/power/list

2017-10-14 21:06:53_0.58547900 1507986413 :/system/ajaxPowerGetList?sort=sort&order=asc

2017-10-14 21:06:54_0.21597200 1507986414 :/system/power/list

2017-10-14 21:06:54_0.58170800 1507986414 :/system/ajaxPowerGetList?sort=sort&order=asc

2017-10-14 21:06:55_0.03350700 1507986415 :/system/power/list

2017-10-14 21:06:55_0.39607800 1507986415 :/system/ajaxPowerGetList?sort=sort&order=asc

2017-10-14 21:06:55_0.93602800 1507986415 :/system/power/list

2017-10-14 21:06:56_0.24935400 1507986416 :/system/ajaxPowerGetList?sort=sort&order=asc

2017-10-14 21:06:56_0.89425400 1507986416 :/system/power/list

2017-10-14 21:06:57_0.24153100 1507986417 :/system/ajaxPowerGetList?sort=sort&order=asc

2017-10-14 21:06:57_0.81782000 1507986417 :/system/power/list

2017-10-14 21:06:58_0.17125600 1507986418 :/system/ajaxPowerGetList?sort=sort&order=asc

2017-10-14 21:07:18_0.33904600 1507986438 :/system/power/list

2017-10-14 21:07:18_0.71349100 1507986438 :/system/ajaxPowerGetList?sort=sort&order=asc

2017-10-14 21:07:19_0.33667700 1507986439 :/system/power/list

2017-10-14 21:07:19_0.70160700 1507986439 :/system/ajaxPowerGetList?sort=sort&order=asc

2017-10-14 21:07:20_0.14468600 1507986440 :/system/power/list

2017-10-14 21:07:20_0.52791700 1507986440 :/system/ajaxPowerGetList?sort=sort&order=asc

2017-10-14 21:07:20_0.98523300 1507986440 :/system/power/list

2017-10-14 21:07:21_0.29822400 1507986441 :/system/ajaxPowerGetList?sort=sort&order=asc

2017-10-14 21:07:21_0.72527200 1507986441 :/system/power/list

2017-10-14 21:07:22_0.16334600 1507986442 :/system/ajaxPowerGetList?sort=sort&order=asc

2017-10-14 21:07:22_0.66732600 1507986442 :/system/power/list

2017-10-14 21:07:22_0.96471300 1507986442 :/system/ajaxPowerGetList?sort=sort&order=asc

2017-10-14 21:12:40_0.12015100 1507986760 :/system/power/list

2017-10-14 21:12:40_0.51431300 1507986760 :/system/ajaxPowerGetList?sort=sort&order=asc

2017-10-14 21:12:41_0.20447200 1507986761 :/system/power/list

2017-10-14 21:12:41_0.58273000 1507986761 :/system/ajaxPowerGetList?sort=sort&order=asc

2017-10-14 21:12:45_0.76004300 1507986765 :/system/power/list

2017-10-14 21:12:46_0.10981400 1507986766 :/system/ajaxPowerGetList?sort=sort&order=asc

