2017-10-13 10:26:50_0.83922400 1507861610 :/system/account/list

2017-10-13 10:26:51_0.16792900 1507861611 :/system/ajaxAccountGetList?sort=sort_weight&order=desc

2017-10-13 10:27:43_0.09286700 1507861663 :/system/account/list

2017-10-13 10:27:43_0.45267600 1507861663 :/system/ajaxAccountGetList?sort=sort_weight&order=desc

2017-10-13 10:27:52_0.57717600 1507861672 :/system/account/list

2017-10-13 10:27:52_0.90460700 1507861672 :/system/ajaxAccountGetList?sort=sort_weight&order=desc

2017-10-13 10:28:12_0.58956300 1507861692 :/system/account/list

2017-10-13 10:28:13_0.00334600 1507861693 :/system/ajaxAccountGetList?sort=sort_weight&order=desc

2017-10-13 10:28:14_0.53274500 1507861694 :/system/account/list

2017-10-13 10:28:14_0.87150700 1507861694 :/system/ajaxAccountGetList?sort=sort_weight&order=desc

2017-10-13 10:28:18_0.75914400 1507861698 :/system/account/list

2017-10-13 10:28:19_0.08847300 1507861699 :/system/ajaxAccountGetList?sort=sort_weight&order=desc

2017-10-13 10:29:18_0.32881000 1507861758 :/system/ajaxAccountGetOne

2017-10-13 10:31:54_0.89685600 1507861914 :/system/ajaxAccountGetOne

2017-10-13 10:39:43_0.61067000 1507862383 :/system/account/list

2017-10-13 10:39:43_0.98818200 1507862383 :/system/ajaxAccountGetList?sort=sort_weight&order=desc

2017-10-13 10:45:47_0.20209500 1507862747 :/system/account/list

2017-10-13 10:45:47_0.57236200 1507862747 :/system/ajaxAccountGetList?sort=sort_weight&order=desc

2017-10-13 10:45:51_0.13618100 1507862751 :/system/account/list

2017-10-13 10:45:51_0.48079100 1507862751 :/system/ajaxAccountGetList?sort=sort_weight&order=desc

2017-10-13 10:46:25_0.25502300 1507862785 :/system/account/list

2017-10-13 10:46:25_0.60572300 1507862785 :/system/ajaxAccountGetList?sort=sort_weight&order=desc

2017-10-13 10:46:26_0.83281400 1507862786 :/system/account/list

2017-10-13 10:46:27_0.13766600 1507862787 :/system/ajaxAccountGetList?sort=sort_weight&order=desc

2017-10-13 10:46:40_0.58175400 1507862800 :/system/account/list

2017-10-13 10:46:40_0.94128300 1507862800 :/system/ajaxAccountGetList?sort=sort_weight&order=desc

2017-10-13 10:46:42_0.87256900 1507862802 :/system/account/list

2017-10-13 10:46:43_0.20601600 1507862803 :/system/ajaxAccountGetList?sort=sort_weight&order=desc

2017-10-13 10:46:45_0.49185400 1507862805 :/system/account/list

2017-10-13 10:46:45_0.81891700 1507862805 :/system/ajaxAccountGetList?sort=sort_weight&order=desc

2017-10-13 10:47:06_0.50637200 1507862826 :/system/account/list

2017-10-13 10:47:06_0.88582600 1507862826 :/system/ajaxAccountGetList?sort=sort_weight&order=desc

2017-10-13 10:47:08_0.18217500 1507862828 :/system/account/list

2017-10-13 10:47:08_0.48657100 1507862828 :/system/ajaxAccountGetList?sort=sort_weight&order=desc

2017-10-13 10:47:09_0.88395000 1507862829 :/system/account/list

2017-10-13 10:47:10_0.20718300 1507862830 :/system/ajaxAccountGetList?sort=sort_weight&order=desc

2017-10-13 10:47:37_0.17271400 1507862857 :/system/account/list

2017-10-13 10:47:37_0.53182300 1507862857 :/system/ajaxAccountGetList?sort=sort_weight&order=desc

2017-10-13 10:47:40_0.44194200 1507862860 :/system/account/list

2017-10-13 10:47:40_0.76325900 1507862860 :/system/ajaxAccountGetList?sort=sort_weight&order=desc

2017-10-13 10:47:55_0.74074200 1507862875 :/system/account/list

2017-10-13 10:47:56_0.09994600 1507862876 :/system/ajaxAccountGetList?sort=sort_weight&order=desc

2017-10-13 10:47:56_0.84693100 1507862876 :/system/account/list

2017-10-13 10:47:57_0.16342700 1507862877 :/system/ajaxAccountGetList?sort=sort_weight&order=desc

2017-10-13 10:48:00_0.65240200 1507862880 :/system/account/list

2017-10-13 10:48:00_0.98006100 1507862880 :/system/ajaxAccountGetList?sort=sort_weight&order=desc

2017-10-13 10:49:20_0.20968700 1507862960 :/system/account/list

2017-10-13 10:49:20_0.56716700 1507862960 :/system/ajaxAccountGetList?sort=sort_weight&order=desc

2017-10-13 10:49:21_0.37568500 1507862961 :/system/account/list

2017-10-13 10:49:21_0.69274500 1507862961 :/system/ajaxAccountGetList?sort=sort_weight&order=desc

2017-10-13 10:49:23_0.37556100 1507862963 :/system/account/list

2017-10-13 10:49:23_0.70265200 1507862963 :/system/ajaxAccountGetList?sort=sort_weight&order=desc

2017-10-13 10:49:31_0.45066800 1507862971 :/system/account/list

2017-10-13 10:49:31_0.80095900 1507862971 :/system/ajaxAccountGetList?sort=sort_weight&order=desc

2017-10-13 10:49:32_0.32933600 1507862972 :/system/account/list

2017-10-13 10:49:32_0.64984400 1507862972 :/system/ajaxAccountGetList?sort=sort_weight&order=desc

2017-10-13 10:49:34_0.13215000 1507862974 :/system/account/list

2017-10-13 10:49:34_0.45174300 1507862974 :/system/ajaxAccountGetList?sort=sort_weight&order=desc

2017-10-13 10:49:40_0.34249000 1507862980 :/system/account/list

2017-10-13 10:49:40_0.70512900 1507862980 :/system/ajaxAccountGetList?sort=sort_weight&order=desc

2017-10-13 10:49:41_0.21603500 1507862981 :/system/account/list

2017-10-13 10:49:41_0.51278000 1507862981 :/system/ajaxAccountGetList?sort=sort_weight&order=desc

2017-10-13 10:49:43_0.91156800 1507862983 :/system/account/list

2017-10-13 10:49:44_0.22755200 1507862984 :/system/ajaxAccountGetList?sort=sort_weight&order=desc

2017-10-13 10:50:46_0.23745300 1507863046 :/system/account/list

2017-10-13 10:50:46_0.58867000 1507863046 :/system/ajaxAccountGetList?sort=sort_weight&order=desc

2017-10-13 10:50:52_0.13958000 1507863052 :/system/account/list

2017-10-13 10:50:52_0.46793100 1507863052 :/system/ajaxAccountGetList?sort=sort_weight&order=desc

2017-10-13 10:51:48_0.11536800 1507863108 :/system/account/list

2017-10-13 10:51:48_0.46301300 1507863108 :/system/ajaxAccountGetList?sort=sort_weight&order=desc

2017-10-13 10:51:49_0.01257200 1507863109 :/system/account/list

2017-10-13 10:51:49_0.32828600 1507863109 :/system/ajaxAccountGetList?sort=sort_weight&order=desc

2017-10-13 10:51:51_0.93643400 1507863111 :/system/account/list

2017-10-13 10:51:52_0.29448400 1507863112 :/system/ajaxAccountGetList?sort=sort_weight&order=desc

2017-10-13 10:52:22_0.84259400 1507863142 :/system/account/list

2017-10-13 10:52:23_0.19071900 1507863143 :/system/ajaxAccountGetList?sort=sort_weight&order=desc

2017-10-13 10:52:23_0.63456600 1507863143 :/system/account/list

2017-10-13 10:52:23_0.94956400 1507863143 :/system/ajaxAccountGetList?sort=sort_weight&order=desc

2017-10-13 10:52:25_0.76130900 1507863145 :/system/account/list

2017-10-13 10:52:26_0.10778100 1507863146 :/system/ajaxAccountGetList?sort=sort_weight&order=desc

2017-10-13 10:52:45_0.64009100 1507863165 :/system/account/list

2017-10-13 10:52:45_0.98366200 1507863165 :/system/ajaxAccountGetList?sort=sort_weight&order=desc

2017-10-13 10:52:46_0.46773000 1507863166 :/system/account/list

2017-10-13 10:52:46_0.79128600 1507863166 :/system/ajaxAccountGetList?sort=sort_weight&order=desc

2017-10-13 10:52:48_0.19111200 1507863168 :/system/account/list

2017-10-13 10:52:48_0.51100000 1507863168 :/system/ajaxAccountGetList?sort=sort_weight&order=desc

2017-10-13 10:53:02_0.98055900 1507863182 :/system/ajaxAccountGetOne

2017-10-13 10:53:22_0.75686200 1507863202 :/system/account/list

2017-10-13 10:53:23_0.08264900 1507863203 :/system/ajaxAccountGetList?sort=sort_weight&order=desc

2017-10-13 10:53:24_0.16083400 1507863204 :/system/account/list

2017-10-13 10:53:24_0.46747400 1507863204 :/system/ajaxAccountGetList?sort=sort_weight&order=desc

2017-10-13 10:53:25_0.61640300 1507863205 :/system/ajaxAccountGetOne

2017-10-13 10:53:28_0.90089200 1507863208 :/system/ajaxAccountGetOne

2017-10-13 10:53:32_0.15122400 1507863212 :/system/ajaxAccountGetOne

2017-10-13 10:53:37_0.43924300 1507863217 :/system/ajaxAccountGetOne

2017-10-13 10:57:56_0.15979600 1507863476 :/system/account/list

2017-10-13 10:57:56_0.48556700 1507863476 :/system/ajaxAccountGetList?sort=sort_weight&order=desc

2017-10-13 10:58:06_0.51331300 1507863486 :/system/ajaxAccountGetOne

2017-10-13 10:58:12_0.82184800 1507863492 :/system/account/list

2017-10-13 10:58:13_0.16995500 1507863493 :/system/ajaxAccountGetList?sort=sort_weight&order=desc

2017-10-13 10:58:14_0.87407000 1507863494 :/system/ajaxAccountGetOne

2017-10-13 10:58:19_0.57435900 1507863499 :/system/ajaxAccountUpdate

2017-10-13 10:58:19_0.58889500 1507863499 :/system/ajaxAccountGetList?sort=sort_weight&order=desc

2017-10-13 10:58:19_0.59699400 1507863499 :/system/account/list

2017-10-13 10:58:19_0.94855200 1507863499 :/system/ajaxAccountGetList?sort=sort_weight&order=desc

2017-10-13 10:58:23_0.05766800 1507863503 :/system/ajaxAccountGetOne

2017-10-13 11:03:08_0.58569200 1507863788 :/system/account/list

2017-10-13 11:03:08_0.99972200 1507863788 :/system/ajaxAccountGetList?sort=sort_weight&order=desc

2017-10-13 11:03:13_0.06100000 1507863793 :/system/ajaxAccountGetOne

2017-10-13 11:03:30_0.02495800 1507863810 :/system/account/list

2017-10-13 11:03:30_0.35962800 1507863810 :/system/ajaxAccountGetList?sort=sort_weight&order=desc

2017-10-13 11:03:33_0.58977200 1507863813 :/system/ajaxAccountGetOne

2017-10-13 11:03:37_0.33355000 1507863817 :/system/ajaxAccountGetOne

2017-10-13 11:03:40_0.54093000 1507863820 :/system/ajaxAccountUpdate

2017-10-13 11:03:40_0.55652100 1507863820 :/system/ajaxAccountGetList?sort=sort_weight&order=desc

2017-10-13 11:03:40_0.57101500 1507863820 :/system/account/list

2017-10-13 11:03:40_0.91615800 1507863820 :/system/ajaxAccountGetList?sort=sort_weight&order=desc

2017-10-13 11:03:42_0.62661600 1507863822 :/system/ajaxAccountGetOne

2017-10-13 11:03:45_0.91107500 1507863825 :/system/ajaxAccountUpdate

2017-10-13 11:03:45_0.92695900 1507863825 :/system/ajaxAccountGetList?sort=sort_weight&order=desc

2017-10-13 11:03:45_0.93593800 1507863825 :/system/account/list

2017-10-13 11:03:46_0.28679700 1507863826 :/system/ajaxAccountGetList?sort=sort_weight&order=desc

2017-10-13 11:03:47_0.56099800 1507863827 :/system/ajaxAccountGetOne

2017-10-13 11:03:54_0.89324400 1507863834 :/system/ajaxAccountUpdate

2017-10-13 11:03:54_0.90737900 1507863834 :/system/ajaxAccountGetList?sort=sort_weight&order=desc

2017-10-13 11:03:54_0.92487900 1507863834 :/system/account/list

2017-10-13 11:03:55_0.26081200 1507863835 :/system/ajaxAccountGetList?sort=sort_weight&order=desc

2017-10-13 11:03:57_0.63950500 1507863837 :/system/ajaxAccountGetOne

2017-10-13 11:04:04_0.09177900 1507863844 :/system/ajaxAccountUpdate

2017-10-13 11:04:04_0.10757100 1507863844 :/system/ajaxAccountGetList?sort=sort_weight&order=desc

2017-10-13 11:04:04_0.12352700 1507863844 :/system/account/list

2017-10-13 11:04:04_0.47229700 1507863844 :/system/ajaxAccountGetList?sort=sort_weight&order=desc

2017-10-13 11:04:07_0.53549500 1507863847 :/system/ajaxAccountGetOne

2017-10-13 11:04:12_0.32830400 1507863852 :/system/ajaxAccountGetOne

2017-10-13 11:04:33_0.16387000 1507863873 :/system/ajaxAccountUpdate

2017-10-13 11:04:33_0.18022100 1507863873 :/system/ajaxAccountGetList?sort=sort_weight&order=desc

2017-10-13 11:04:33_0.19518000 1507863873 :/system/account/list

2017-10-13 11:04:33_0.51274800 1507863873 :/system/ajaxAccountGetList?sort=sort_weight&order=desc

2017-10-13 11:04:35_0.36424800 1507863875 :/system/ajaxAccountGetOne

2017-10-13 11:04:40_0.45359300 1507863880 :/system/ajaxAccountUpdate

2017-10-13 11:04:40_0.46876900 1507863880 :/system/ajaxAccountGetList?sort=sort_weight&order=desc

2017-10-13 11:04:40_0.47708900 1507863880 :/system/account/list

2017-10-13 11:04:40_0.83106600 1507863880 :/system/ajaxAccountGetList?sort=sort_weight&order=desc

2017-10-13 11:04:51_0.98160300 1507863891 :/system/ajaxAccountGetOne

2017-10-13 11:05:05_0.77449100 1507863905 :/system/ajaxAccountUpdate

2017-10-13 11:05:05_0.79009700 1507863905 :/system/ajaxAccountGetList?sort=sort_weight&order=desc

2017-10-13 11:05:05_0.80003600 1507863905 :/system/account/list

2017-10-13 11:05:06_0.15065900 1507863906 :/system/ajaxAccountGetList?sort=sort_weight&order=desc

2017-10-13 11:05:22_0.93352100 1507863922 :/system/ajaxAccountAdd

2017-10-13 11:05:22_0.94822400 1507863922 :/system/ajaxAccountGetList?sort=sort_weight&order=desc

2017-10-13 11:05:22_0.96824500 1507863922 :/system/account/list

2017-10-13 11:05:23_0.30711300 1507863923 :/system/ajaxAccountGetList?sort=sort_weight&order=desc

2017-10-13 11:05:26_0.32099100 1507863926 :/system/ajaxAccountGetOne

2017-10-13 11:06:06_0.19622000 1507863966 :/system/ajaxAccountUpdate

2017-10-13 11:06:06_0.21203700 1507863966 :/system/ajaxAccountGetList?sort=sort_weight&order=desc

2017-10-13 11:06:06_0.22708100 1507863966 :/system/account/list

2017-10-13 11:06:06_0.64812500 1507863966 :/system/ajaxAccountGetList?sort=sort_weight&order=desc

2017-10-13 11:06:09_0.02354000 1507863969 :/system/account/list

2017-10-13 11:06:09_0.32430100 1507863969 :/system/ajaxAccountGetList?sort=sort_weight&order=desc

2017-10-13 11:06:11_0.21097500 1507863971 :/system/ajaxAccountGetOne

2017-10-13 11:06:33_0.11235400 1507863993 :/system/account/list

2017-10-13 11:06:33_0.49827900 1507863993 :/system/ajaxAccountGetList?sort=sort_weight&order=desc

2017-10-13 11:06:35_0.30682300 1507863995 :/system/account/list

2017-10-13 11:06:35_0.68287000 1507863995 :/system/ajaxAccountGetList?sort=sort_weight&order=desc

2017-10-13 11:06:36_0.55294200 1507863996 :/system/ajaxAccountGetOne

2017-10-13 11:06:42_0.26238800 1507864002 :/system/ajaxAccountUpdate

2017-10-13 11:06:42_0.27720500 1507864002 :/system/ajaxAccountGetList?sort=sort_weight&order=desc

2017-10-13 11:06:42_0.29205000 1507864002 :/system/account/list

2017-10-13 11:06:42_0.70546700 1507864002 :/system/ajaxAccountGetList?sort=sort_weight&order=desc

2017-10-13 11:06:44_0.40292800 1507864004 :/system/ajaxAccountGetOne

2017-10-13 11:07:11_0.10001600 1507864031 :/system/account/list

2017-10-13 11:07:11_0.41857900 1507864031 :/system/ajaxAccountGetList?sort=sort_weight&order=desc

2017-10-13 11:07:12_0.72386500 1507864032 :/system/ajaxAccountGetOne

2017-10-13 11:08:09_0.30397500 1507864089 :/system/account/list

2017-10-13 11:08:09_0.66318400 1507864089 :/system/ajaxAccountGetList?sort=sort_weight&order=desc

2017-10-13 11:08:12_0.52268600 1507864092 :/system/account/list

2017-10-13 11:08:12_0.90541900 1507864092 :/system/ajaxAccountGetList?sort=sort_weight&order=desc

2017-10-13 11:08:13_0.47464500 1507864093 :/system/account/list

2017-10-13 11:08:13_0.76015100 1507864093 :/system/ajaxAccountGetList?sort=sort_weight&order=desc

2017-10-13 11:08:14_0.29192200 1507864094 :/system/account/list

2017-10-13 11:08:14_0.60557000 1507864094 :/system/ajaxAccountGetList?sort=sort_weight&order=desc

2017-10-13 11:08:25_0.13677000 1507864105 :/system/ajaxAccountAdd

2017-10-13 11:08:25_0.15119500 1507864105 :/system/ajaxAccountGetList?sort=sort_weight&order=desc

2017-10-13 11:08:25_0.15863900 1507864105 :/system/account/list

2017-10-13 11:08:25_0.51247600 1507864105 :/system/ajaxAccountGetList?sort=sort_weight&order=desc

2017-10-13 11:08:29_0.42904800 1507864109 :/system/ajaxAccountGetOne

2017-10-13 11:10:01_0.88636100 1507864201 :/system/ajaxAccountUpdate

2017-10-13 11:10:39_0.41806500 1507864239 :/system/account/list

2017-10-13 11:10:39_0.73769400 1507864239 :/system/ajaxAccountGetList?sort=sort_weight&order=desc

2017-10-13 11:10:44_0.16902300 1507864244 :/system/account/list

2017-10-13 11:10:44_0.51745000 1507864244 :/system/ajaxAccountGetList?sort=sort_weight&order=desc

2017-10-13 11:10:46_0.37894600 1507864246 :/system/ajaxAccountGetOne

2017-10-13 11:10:51_0.96482100 1507864251 :/system/ajaxAccountUpdate

2017-10-13 11:10:51_0.98185200 1507864251 :/system/ajaxAccountGetList?sort=sort_weight&order=desc

2017-10-13 11:10:51_0.99026800 1507864251 :/system/account/list

2017-10-13 11:10:52_0.34035100 1507864252 :/system/ajaxAccountGetList?sort=sort_weight&order=desc

2017-10-13 11:10:54_0.03616100 1507864254 :/system/ajaxAccountGetOne

2017-10-13 11:12:12_0.26655900 1507864332 :/system/account/list

2017-10-13 11:12:12_0.62119700 1507864332 :/system/ajaxAccountGetList?sort=sort_weight&order=desc

2017-10-13 11:12:15_0.32770200 1507864335 :/system/ajaxAccountGetOne

2017-10-13 11:12:19_0.68012900 1507864339 :/system/ajaxAccountGetOne

2017-10-13 11:12:22_0.36234100 1507864342 :/system/ajaxAccountGetOne

2017-10-13 11:12:27_0.67283000 1507864347 :/system/ajaxAccountUpdate

2017-10-13 11:12:27_0.68895300 1507864347 :/system/ajaxAccountGetList?sort=sort_weight&order=desc

2017-10-13 11:12:27_0.69799500 1507864347 :/system/account/list

2017-10-13 11:12:28_0.06852900 1507864348 :/system/ajaxAccountGetList?sort=sort_weight&order=desc

2017-10-13 11:12:31_0.89294400 1507864351 :/system/account/list

2017-10-13 11:12:32_0.24694500 1507864352 :/system/ajaxAccountGetList?sort=sort_weight&order=desc

2017-10-13 11:12:35_0.76793700 1507864355 :/system/ajaxAccountGetOne

2017-10-13 11:15:40_0.18218700 1507864540 :/system/account/list

2017-10-13 11:15:40_0.59194100 1507864540 :/system/ajaxAccountGetList?sort=sort_weight&order=desc

2017-10-13 11:15:41_0.59429100 1507864541 :/system/account/list

2017-10-13 11:15:41_0.91868400 1507864541 :/system/ajaxAccountGetList?sort=sort_weight&order=desc

2017-10-13 11:15:42_0.53931900 1507864542 :/system/account/list

2017-10-13 11:15:42_0.85401100 1507864542 :/system/ajaxAccountGetList?sort=sort_weight&order=desc

2017-10-13 11:15:43_0.43328500 1507864543 :/system/ajaxAccountGetOne

2017-10-13 11:15:47_0.50799400 1507864547 :/system/ajaxAccountUpdate

2017-10-13 11:15:47_0.52294300 1507864547 :/system/ajaxAccountGetList?sort=sort_weight&order=desc

2017-10-13 11:15:47_0.53500000 1507864547 :/system/account/list

2017-10-13 11:15:47_0.86125200 1507864547 :/system/ajaxAccountGetList?sort=sort_weight&order=desc

2017-10-13 11:15:49_0.54921000 1507864549 :/system/ajaxAccountGetOne

2017-10-13 11:15:53_0.71376900 1507864553 :/system/ajaxAccountUpdate

2017-10-13 11:15:53_0.72897700 1507864553 :/system/ajaxAccountGetList?sort=sort_weight&order=desc

2017-10-13 11:15:53_0.74172500 1507864553 :/system/account/list

2017-10-13 11:15:54_0.06940600 1507864554 :/system/ajaxAccountGetList?sort=sort_weight&order=desc

2017-10-13 11:15:55_0.51316200 1507864555 :/system/ajaxAccountGetOne

2017-10-13 11:15:59_0.58922600 1507864559 :/system/ajaxAccountUpdate

2017-10-13 11:15:59_0.60439700 1507864559 :/system/ajaxAccountGetList?sort=sort_weight&order=desc

2017-10-13 11:15:59_0.61247900 1507864559 :/system/account/list

2017-10-13 11:15:59_0.94951900 1507864559 :/system/ajaxAccountGetList?sort=sort_weight&order=desc

2017-10-13 11:17:58_0.42916100 1507864678 :/system/account/list

2017-10-13 11:17:58_0.74866100 1507864678 :/system/ajaxAccountGetList?sort=sort_weight&order=desc

2017-10-13 11:18:00_0.12905500 1507864680 :/system/ajaxAccountGetOne

2017-10-13 11:18:02_0.83721200 1507864682 :/system/ajaxAccountUpdate

2017-10-13 11:18:02_0.85277500 1507864682 :/system/ajaxAccountGetList?sort=sort_weight&order=desc

2017-10-13 11:18:02_0.87045600 1507864682 :/system/account/list

2017-10-13 11:18:03_0.22127900 1507864683 :/system/ajaxAccountGetList?sort=sort_weight&order=desc

2017-10-13 11:18:04_0.74351300 1507864684 :/system/ajaxAccountGetOne

2017-10-13 11:18:09_0.61387600 1507864689 :/system/ajaxAccountUpdate

2017-10-13 11:18:09_0.62985300 1507864689 :/system/ajaxAccountGetList?sort=sort_weight&order=desc

2017-10-13 11:18:09_0.81122900 1507864689 :/system/account/list

2017-10-13 11:18:10_0.15756200 1507864690 :/system/ajaxAccountGetList?sort=sort_weight&order=desc

2017-10-13 11:18:11_0.66446700 1507864691 :/system/ajaxAccountGetOne

2017-10-13 11:18:50_0.32125300 1507864730 :/system/ajaxAccountUpdate

2017-10-13 11:18:50_0.33683500 1507864730 :/system/ajaxAccountGetList?sort=sort_weight&order=desc

2017-10-13 11:18:50_0.52225400 1507864730 :/system/account/list

2017-10-13 11:18:50_0.87319900 1507864730 :/system/ajaxAccountGetList?sort=sort_weight&order=desc

2017-10-13 11:18:54_0.03558200 1507864734 :/system/ajaxAccountGetOne

2017-10-13 11:18:58_0.52020800 1507864738 :/system/ajaxAccountUpdate

2017-10-13 11:18:58_0.53715700 1507864738 :/system/ajaxAccountGetList?sort=sort_weight&order=desc

2017-10-13 11:18:58_0.72071500 1507864738 :/system/account/list

2017-10-13 11:18:59_0.07253200 1507864739 :/system/ajaxAccountGetList?sort=sort_weight&order=desc

2017-10-13 11:20:34_0.24022700 1507864834 :/system/ajaxAccountGetOne

2017-10-13 11:20:38_0.77560100 1507864838 :/system/ajaxAccountUpdate

2017-10-13 11:20:38_0.78960600 1507864838 :/system/ajaxAccountGetList?sort=sort_weight&order=desc

2017-10-13 11:20:38_0.97245600 1507864838 :/system/account/list

2017-10-13 11:20:39_0.31522800 1507864839 :/system/ajaxAccountGetList?sort=sort_weight&order=desc

2017-10-13 11:21:15_0.93541900 1507864875 :/system/ajaxAccountGetOne

2017-10-13 11:21:21_0.85223100 1507864881 :/system/ajaxAccountUpdate

2017-10-13 11:21:21_0.86967300 1507864881 :/system/ajaxAccountGetList?sort=sort_weight&order=desc

2017-10-13 11:21:22_0.04255600 1507864882 :/system/account/list

2017-10-13 11:21:22_0.37841400 1507864882 :/system/ajaxAccountGetList?sort=sort_weight&order=desc

2017-10-13 11:22:50_0.33456200 1507864970 :/system/ajaxAccountGetOne

2017-10-13 11:22:56_0.41488200 1507864976 :/system/ajaxAccountUpdate

2017-10-13 11:22:56_0.43239800 1507864976 :/system/ajaxAccountGetList?sort=sort_weight&order=desc

2017-10-13 11:22:56_0.60868000 1507864976 :/system/account/list

2017-10-13 11:22:56_0.95172500 1507864976 :/system/ajaxAccountGetList?sort=sort_weight&order=desc

2017-10-13 11:25:11_0.42655200 1507865111 :/system/ajaxAccountGetOne

2017-10-13 11:25:18_0.24461600 1507865118 :/system/ajaxAccountUpdate

2017-10-13 11:26:11_0.01542800 1507865171 :/system/ajaxAccountGetOne

2017-10-13 11:26:16_0.43489900 1507865176 :/system/ajaxAccountUpdate

2017-10-13 11:27:19_0.64192000 1507865239 :/system/account/list

2017-10-13 11:27:19_0.97323500 1507865239 :/system/ajaxAccountGetList?sort=sort_weight&order=desc

2017-10-13 11:27:21_0.23708000 1507865241 :/system/ajaxAccountGetOne

2017-10-13 11:27:54_0.29801200 1507865274 :/system/ajaxAccountUpdate

2017-10-13 11:27:54_0.31430300 1507865274 :/system/ajaxAccountGetList?sort=sort_weight&order=desc

2017-10-13 11:27:54_0.49698400 1507865274 :/system/account/list

2017-10-13 11:27:54_0.84046400 1507865274 :/system/ajaxAccountGetList?sort=sort_weight&order=desc

2017-10-13 11:27:55_0.94411100 1507865275 :/system/ajaxAccountGetOne

2017-10-13 11:27:59_0.98642200 1507865279 :/system/ajaxAccountGetOne

2017-10-13 11:28:05_0.00826400 1507865285 :/system/ajaxAccountUpdate

2017-10-13 11:28:05_0.05224800 1507865285 :/system/ajaxAccountGetList?sort=sort_weight&order=desc

2017-10-13 11:28:05_0.21326300 1507865285 :/system/account/list

2017-10-13 11:28:05_0.56319200 1507865285 :/system/ajaxAccountGetList?sort=sort_weight&order=desc

2017-10-13 11:28:06_0.96362900 1507865286 :/system/ajaxAccountGetOne

2017-10-13 11:29:02_0.66128000 1507865342 :/system/account/list

2017-10-13 11:29:03_0.00331400 1507865343 :/system/ajaxAccountGetList?sort=sort_weight&order=desc

2017-10-13 11:29:08_0.58143100 1507865348 :/system/account/list

2017-10-13 11:29:08_0.92284400 1507865348 :/system/ajaxAccountGetList?sort=sort_weight&order=desc

2017-10-13 11:29:12_0.90916700 1507865352 :/system/ajaxAccountGetOne

2017-10-13 11:29:16_0.55554500 1507865356 :/system/account/list

2017-10-13 11:29:16_0.89322300 1507865356 :/system/ajaxAccountGetList?sort=sort_weight&order=desc

2017-10-13 11:29:18_0.77752600 1507865358 :/system/ajaxAccountGetOne

2017-10-13 11:29:21_0.03027700 1507865361 :/system/ajaxAccountGetOne

2017-10-13 11:29:26_0.30656100 1507865366 :/system/ajaxAccountUpdate

2017-10-13 11:29:26_0.32273100 1507865366 :/system/ajaxAccountGetList?sort=sort_weight&order=desc

2017-10-13 11:29:26_0.51164700 1507865366 :/system/account/list

2017-10-13 11:29:26_0.85655600 1507865366 :/system/ajaxAccountGetList?sort=sort_weight&order=desc

2017-10-13 11:29:27_0.73522800 1507865367 :/system/ajaxAccountGetOne

2017-10-13 11:32:02_0.54703000 1507865522 :/system/ajaxAccountUpdate

2017-10-13 11:32:36_0.33148900 1507865556 :/system/ajaxAccountGetOne

2017-10-13 11:32:41_0.88532200 1507865561 :/system/ajaxAccountUpdate

2017-10-13 11:34:23_0.73456700 1507865663 :/system/account/list

2017-10-13 11:34:24_0.07351200 1507865664 :/system/ajaxAccountGetList?sort=sort_weight&order=desc

2017-10-13 11:34:29_0.72551000 1507865669 :/system/ajaxAccountGetOne

2017-10-13 11:34:34_0.52689900 1507865674 :/system/ajaxAccountUpdate

2017-10-13 11:34:36_0.11027200 1507865676 :/system/ajaxAccountGetOne

2017-10-13 11:34:38_0.72028900 1507865678 :/system/account/list

2017-10-13 11:34:39_0.06895700 1507865679 :/system/ajaxAccountGetList?sort=sort_weight&order=desc

2017-10-13 11:34:39_0.80623200 1507865679 :/system/account/list

2017-10-13 11:34:40_0.10563100 1507865680 :/system/ajaxAccountGetList?sort=sort_weight&order=desc

2017-10-13 11:34:41_0.34337300 1507865681 :/system/ajaxAccountGetOne

2017-10-13 11:34:45_0.66642700 1507865685 :/system/ajaxAccountUpdate

2017-10-13 11:34:48_0.02243600 1507865688 :/system/ajaxAccountGetOne

2017-10-13 11:34:52_0.58790000 1507865692 :/system/ajaxAccountGetOne

2017-10-13 11:34:56_0.86541100 1507865696 :/system/ajaxAccountUpdate

2017-10-13 11:35:57_0.86199700 1507865757 :/system/account/list

2017-10-13 11:35:58_0.18162300 1507865758 :/system/ajaxAccountGetList?sort=sort_weight&order=desc

2017-10-13 11:36:00_0.05956100 1507865760 :/system/ajaxAccountGetOne

2017-10-13 11:36:05_0.44333300 1507865765 :/system/ajaxAccountUpdate

2017-10-13 11:36:05_0.45988300 1507865765 :/system/ajaxAccountGetList?sort=sort_weight&order=desc

2017-10-13 11:36:05_0.47148000 1507865765 :/system/account/list

2017-10-13 11:36:05_0.81930500 1507865765 :/system/ajaxAccountGetList?sort=sort_weight&order=desc

2017-10-13 11:36:07_0.37463000 1507865767 :/system/ajaxAccountGetOne

2017-10-13 11:36:23_0.05769700 1507865783 :/system/account/list

2017-10-13 11:36:23_0.40802200 1507865783 :/system/ajaxAccountGetList?sort=sort_weight&order=desc

2017-10-13 11:36:26_0.70166100 1507865786 :/system/ajaxAccountGetOne

2017-10-13 11:36:34_0.27438600 1507865794 :/system/ajaxAccountUpdate

2017-10-13 11:36:34_0.30210400 1507865794 :/system/ajaxAccountGetList?sort=sort_weight&order=desc

2017-10-13 11:36:34_0.31281000 1507865794 :/system/account/list

2017-10-13 11:36:34_0.70494900 1507865794 :/system/ajaxAccountGetList?sort=sort_weight&order=desc

2017-10-13 11:37:51_0.27749200 1507865871 :/system/ajaxAccountGetOne

2017-10-13 11:37:55_0.35229700 1507865875 :/system/ajaxAccountUpdate

2017-10-13 11:38:52_0.58328600 1507865932 :/system/ajaxAccountGetOne

2017-10-13 11:38:55_0.98543100 1507865935 :/system/ajaxAccountUpdate

2017-10-13 11:38:58_0.07815800 1507865938 :/system/ajaxAccountGetOne

2017-10-13 11:39:00_0.62603100 1507865940 :/system/account/list

2017-10-13 11:39:00_0.97288400 1507865940 :/system/ajaxAccountGetList?sort=sort_weight&order=desc

2017-10-13 11:41:16_0.01469200 1507866076 :/system/ajaxAccountGetOne

2017-10-13 11:41:22_0.97914500 1507866082 :/system/ajaxAccountUpdate

2017-10-13 11:41:22_0.99506700 1507866082 :/system/ajaxAccountGetList?sort=sort_weight&order=desc

2017-10-13 11:41:23_0.01816300 1507866083 :/system/account/list

2017-10-13 11:41:23_0.38077200 1507866083 :/system/ajaxAccountGetList?sort=sort_weight&order=desc

2017-10-13 11:41:25_0.39101300 1507866085 :/system/ajaxAccountGetOne

2017-10-13 11:41:29_0.34915600 1507866089 :/system/ajaxAccountGetOne

2017-10-13 11:41:33_0.09503900 1507866093 :/system/ajaxAccountUpdate

2017-10-13 11:41:33_0.11144400 1507866093 :/system/ajaxAccountGetList?sort=sort_weight&order=desc

2017-10-13 11:41:33_0.12664000 1507866093 :/system/account/list

2017-10-13 11:41:33_0.50845000 1507866093 :/system/ajaxAccountGetList?sort=sort_weight&order=desc

2017-10-13 11:41:34_0.97025600 1507866094 :/system/ajaxAccountGetOne

2017-10-13 11:41:37_0.48722300 1507866097 :/system/ajaxAccountGetOne

2017-10-13 11:41:49_0.06088300 1507866109 :/system/ajaxAccountUpdate

2017-10-13 11:41:49_0.07701600 1507866109 :/system/ajaxAccountGetList?sort=sort_weight&order=desc

2017-10-13 11:41:49_0.09473500 1507866109 :/system/account/list

2017-10-13 11:41:49_0.45307000 1507866109 :/system/ajaxAccountGetList?sort=sort_weight&order=desc

2017-10-13 11:41:52_0.98409600 1507866112 :/system/ajaxAccountGetOne

