2017-10-08 01:11:02_0.51597100 1507396262 :/standard/dictionaries

2017-10-08 01:11:02_0.84027800 1507396262 :/Standard/ajaxDictionaryList?sort=id&order=asc&limit=10&offset=0

2017-10-08 01:11:03_0.05113200 1507396263 :/favicon.ico

2017-10-08 01:11:16_0.14017200 1507396276 :/base/ajaxSectionUpdate

2017-10-08 01:11:17_0.77110100 1507396277 :/favicon.ico

2017-10-08 01:37:45_0.53544400 1507397865 :/standard/dictionaries

2017-10-08 01:37:45_0.86263500 1507397865 :/Standard/ajaxDictionaryList?sort=id&order=asc&limit=10&offset=0

2017-10-08 01:37:46_0.06154000 1507397866 :/favicon.ico

2017-10-08 01:38:01_0.78384600 1507397881 :/standard/dictionaries

2017-10-08 01:38:02_0.14246900 1507397882 :/Standard/ajaxDictionaryList?sort=id&order=asc&limit=10&offset=0

2017-10-08 01:38:02_0.31525300 1507397882 :/favicon.ico

2017-10-08 01:38:04_0.97563800 1507397884 :/standard/dictionaries

2017-10-08 01:38:05_0.27868600 1507397885 :/Standard/ajaxDictionaryList?sort=id&order=asc&limit=10&offset=0

2017-10-08 01:38:06_0.11603500 1507397886 :/favicon.ico

2017-10-08 01:39:04_0.36281800 1507397944 :/standard/dictionaries

2017-10-08 01:39:04_0.70041000 1507397944 :/Standard/ajaxDictionaryList?sort=id&order=asc&limit=10&offset=0

2017-10-08 01:39:05_0.43978100 1507397945 :/standard/dictionaries

2017-10-08 01:39:05_0.73005600 1507397945 :/Standard/ajaxDictionaryList?sort=id&order=asc&limit=10&offset=0

2017-10-08 01:39:05_0.90591600 1507397945 :/favicon.ico

2017-10-08 01:39:06_0.54388400 1507397946 :/standard/dictionaries

2017-10-08 01:39:06_0.81788200 1507397946 :/Standard/ajaxDictionaryList?sort=id&order=asc&limit=10&offset=0

2017-10-08 01:39:06_0.99615000 1507397946 :/favicon.ico

2017-10-08 01:39:08_0.98592300 1507397948 :/standard/dictionaries

2017-10-08 01:39:09_0.27393000 1507397949 :/Standard/ajaxDictionaryList?sort=id&order=asc&limit=10&offset=0

2017-10-08 01:39:09_0.46134800 1507397949 :/favicon.ico

2017-10-08 01:39:14_0.82135300 1507397954 :/standard/dictionaries

2017-10-08 01:39:15_0.10913300 1507397955 :/Standard/ajaxDictionaryList?sort=id&order=asc&limit=10&offset=0

2017-10-08 01:39:15_0.26797500 1507397955 :/favicon.ico

2017-10-08 01:39:15_0.83997300 1507397955 :/standard/dictionaries

2017-10-08 01:39:16_0.13571400 1507397956 :/Standard/ajaxDictionaryList?sort=id&order=asc&limit=10&offset=0

2017-10-08 01:39:16_0.29484800 1507397956 :/favicon.ico

2017-10-08 01:39:16_0.76824500 1507397956 :/standard/dictionaries

2017-10-08 01:39:17_0.10357100 1507397957 :/Standard/ajaxDictionaryList?sort=id&order=asc&limit=10&offset=0

2017-10-08 01:39:17_0.28379300 1507397957 :/favicon.ico

2017-10-08 01:39:17_0.71166400 1507397957 :/standard/dictionaries

2017-10-08 01:39:17_0.98201300 1507397957 :/Standard/ajaxDictionaryList?sort=id&order=asc&limit=10&offset=0

2017-10-08 01:39:18_0.15467200 1507397958 :/favicon.ico

2017-10-08 01:40:01_0.31387700 1507398001 :/standard/dictionaries

2017-10-08 01:40:01_0.60773400 1507398001 :/Standard/ajaxDictionaryList?sort=id&order=asc&limit=10&offset=0

2017-10-08 01:40:01_0.78669600 1507398001 :/favicon.ico

2017-10-08 01:40:02_0.23053700 1507398002 :/standard/dictionaries

2017-10-08 01:40:02_0.50751400 1507398002 :/Standard/ajaxDictionaryList?sort=id&order=asc&limit=10&offset=0

2017-10-08 01:40:02_0.67931900 1507398002 :/favicon.ico

2017-10-08 01:40:03_0.13540600 1507398003 :/standard/dictionaries

2017-10-08 01:40:03_0.43026200 1507398003 :/Standard/ajaxDictionaryList?sort=id&order=asc&limit=10&offset=0

2017-10-08 01:40:04_0.03952000 1507398004 :/standard/dictionaries

2017-10-08 01:40:04_0.31613700 1507398004 :/Standard/ajaxDictionaryList?sort=id&order=asc&limit=10&offset=0

2017-10-08 01:40:04_0.79460100 1507398004 :/standard/dictionaries

2017-10-08 01:40:05_0.07615100 1507398005 :/Standard/ajaxDictionaryList?sort=id&order=asc&limit=10&offset=0

2017-10-08 01:40:05_0.24589100 1507398005 :/favicon.ico

2017-10-08 01:43:00_0.92906300 1507398180 :/standard/dictionaries

2017-10-08 01:43:01_0.30150600 1507398181 :/Standard/ajaxDictionaryList?sort=id&order=asc&limit=10&offset=0

2017-10-08 01:43:03_0.47193800 1507398183 :/favicon.ico

2017-10-08 01:43:05_0.06271600 1507398185 :/standard/dictionaries

2017-10-08 01:43:05_0.36074000 1507398185 :/Standard/ajaxDictionaryList?sort=id&order=asc&limit=10&offset=0

2017-10-08 01:43:05_0.55682000 1507398185 :/favicon.ico

2017-10-08 01:44:40_0.97422200 1507398280 :/standard/dictionaries

2017-10-08 01:44:41_0.32785500 1507398281 :/Standard/ajaxDictionaryList?sort=id&order=asc&limit=10&offset=0

2017-10-08 01:44:41_0.51103300 1507398281 :/favicon.ico

2017-10-08 01:44:43_0.83078000 1507398283 :/standard/dictionaries

2017-10-08 01:44:44_0.16897900 1507398284 :/Standard/ajaxDictionaryList?sort=id&order=asc&limit=10&offset=0

2017-10-08 01:44:45_0.06459100 1507398285 :/favicon.ico

2017-10-08 01:44:45_0.50455500 1507398285 :/standard/dictionaries

2017-10-08 01:44:45_0.78873200 1507398285 :/Standard/ajaxDictionaryList?sort=id&order=asc&limit=10&offset=0

2017-10-08 01:44:45_0.95274400 1507398285 :/favicon.ico

2017-10-08 01:45:35_0.16410600 1507398335 :/base/ajaxSectionUpdate

2017-10-08 01:45:36_0.31460200 1507398336 :/Standard/ajaxDictionaryList?sort=id&order=asc&limit=10&offset=0

2017-10-08 01:45:36_0.52473800 1507398336 :/favicon.ico

2017-10-08 01:45:39_0.24846300 1507398339 :/standard/dictionaries

2017-10-08 01:45:39_0.58668500 1507398339 :/Standard/ajaxDictionaryList?sort=id&order=asc&limit=10&offset=0

2017-10-08 01:45:39_0.76554400 1507398339 :/favicon.ico

2017-10-08 01:45:52_0.20834400 1507398352 :/base/ajaxSectionUpdate

2017-10-08 01:45:53_0.49694800 1507398353 :/favicon.ico

2017-10-08 01:46:02_0.68279500 1507398362 :/base/ajaxSectionUpdate

2017-10-08 01:46:03_0.84686600 1507398363 :/favicon.ico

2017-10-08 01:46:53_0.71132800 1507398413 :/system/account/list

2017-10-08 01:46:54_0.01328600 1507398414 :/system/ajaxAccountGetList?sort=sort_weight&order=desc

2017-10-08 01:46:54_0.20498100 1507398414 :/favicon.ico

2017-10-08 01:46:55_0.75859900 1507398415 :/base/section

2017-10-08 01:46:56_0.09819900 1507398416 :/base/ajaxSectionList?sort=id&order=desc&limit=10&offset=0

2017-10-08 01:46:56_0.29564100 1507398416 :/favicon.ico

2017-10-08 01:47:41_0.73326400 1507398461 :/base/ajaxSectionUpdate

2017-10-08 01:47:43_0.03437100 1507398463 :/base/ajaxSectionList?sort=id&order=desc&limit=10&offset=0

2017-10-08 01:47:43_0.23698100 1507398463 :/favicon.ico

2017-10-08 01:47:48_0.96631100 1507398468 :/base/ajaxSectionUpdate

2017-10-08 01:47:49_0.82570600 1507398469 :/base/ajaxSectionList?sort=id&order=desc&limit=10&offset=0

2017-10-08 01:47:50_0.02195300 1507398470 :/favicon.ico

2017-10-08 01:47:56_0.33095800 1507398476 :/standard/dictionaries

2017-10-08 01:47:56_0.67711100 1507398476 :/Standard/ajaxDictionaryList?sort=id&order=asc&limit=10&offset=0

2017-10-08 01:47:56_0.85329300 1507398476 :/favicon.ico

2017-10-08 01:48:00_0.72031300 1507398480 :/base/ajaxSectionUpdate

2017-10-08 01:48:02_0.10061600 1507398482 :/Standard/ajaxDictionaryList?sort=id&order=asc&limit=10&offset=0

2017-10-08 01:48:02_0.30188500 1507398482 :/favicon.ico

2017-10-08 01:48:04_0.35649900 1507398484 :/standard/dictionaries

2017-10-08 01:48:04_0.69571600 1507398484 :/Standard/ajaxDictionaryList?sort=id&order=asc&limit=10&offset=0

2017-10-08 01:48:04_0.85516700 1507398484 :/favicon.ico

2017-10-08 01:48:07_0.35487900 1507398487 :/system/power/list

2017-10-08 01:48:07_0.63528600 1507398487 :/system/ajaxPowerGetList?sort=sort_weight&order=desc

2017-10-08 01:48:08_0.54810800 1507398488 :/favicon.ico

2017-10-08 01:48:09_0.70664600 1507398489 :/base/section

2017-10-08 01:48:09_0.98207100 1507398489 :/base/ajaxSectionList?sort=id&order=desc&limit=10&offset=0

2017-10-08 01:48:10_0.15650900 1507398490 :/favicon.ico

2017-10-08 01:48:17_0.30085700 1507398497 :/standard/dictionaries

2017-10-08 01:48:17_0.63411600 1507398497 :/Standard/ajaxDictionaryList?sort=id&order=asc&limit=10&offset=0

2017-10-08 01:48:17_0.79245100 1507398497 :/favicon.ico

2017-10-08 01:48:20_0.25917500 1507398500 :/standard/dictionaries

2017-10-08 01:48:20_0.61280000 1507398500 :/Standard/ajaxDictionaryList?sort=id&order=asc&limit=10&offset=0

2017-10-08 01:48:20_0.80329700 1507398500 :/favicon.ico

2017-10-08 01:48:23_0.76507500 1507398503 :/base/ajaxDictionaryUpdate

2017-10-08 01:48:23_0.78770600 1507398503 :/favicon.ico

2017-10-08 01:48:46_0.20982700 1507398526 :/standard/dictionaries

2017-10-08 01:48:46_0.52967500 1507398526 :/Standard/ajaxDictionaryList?sort=id&order=asc&limit=10&offset=0

2017-10-08 01:48:46_0.70867300 1507398526 :/favicon.ico

2017-10-08 01:48:47_0.29376700 1507398527 :/standard/dictionaries

2017-10-08 01:48:47_0.59583800 1507398527 :/Standard/ajaxDictionaryList?sort=id&order=asc&limit=10&offset=0

2017-10-08 01:48:47_0.76308600 1507398527 :/favicon.ico

2017-10-08 01:48:48_0.07589900 1507398528 :/standard/dictionaries

2017-10-08 01:48:48_0.36188700 1507398528 :/Standard/ajaxDictionaryList?sort=id&order=asc&limit=10&offset=0

2017-10-08 01:48:48_0.54510800 1507398528 :/favicon.ico

2017-10-08 01:48:51_0.62859200 1507398531 :/base/ajaxDictionaryUpdate

2017-10-08 01:48:51_0.64671600 1507398531 :/favicon.ico

2017-10-08 01:48:54_0.09599500 1507398534 :/standard/dictionaries

2017-10-08 01:48:54_0.35555300 1507398534 :/Standard/ajaxDictionaryList?sort=id&order=asc&limit=10&offset=0

2017-10-08 01:48:54_0.56894400 1507398534 :/favicon.ico

2017-10-08 01:48:58_0.29918600 1507398538 :/Standard/ajaxDictionaryUpdate

2017-10-08 01:48:59_0.14519000 1507398539 :/Standard/ajaxDictionaryList?sort=id&order=asc&limit=10&offset=0

2017-10-08 01:48:59_0.34426100 1507398539 :/favicon.ico

2017-10-08 01:49:02_0.86554900 1507398542 :/standard/dictionaries?

2017-10-08 01:49:03_0.03359800 1507398543 :/favicon.ico

2017-10-08 01:49:05_0.41420100 1507398545 :/standard/dictionaries

2017-10-08 01:49:05_0.67493100 1507398545 :/Standard/ajaxDictionaryList?sort=id&order=asc&limit=10&offset=0

2017-10-08 01:49:06_0.67719600 1507398546 :/favicon.ico

2017-10-08 01:49:09_0.13855600 1507398549 :/standard/dictionaries?

2017-10-08 01:49:09_0.31077700 1507398549 :/favicon.ico

2017-10-08 01:49:23_0.70801800 1507398563 :/standard/dictionaries

2017-10-08 01:49:23_0.99875500 1507398563 :/Standard/ajaxDictionaryList?sort=id&order=asc&limit=10&offset=0

2017-10-08 01:49:25_0.00087500 1507398565 :/favicon.ico

2017-10-08 01:49:27_0.79166500 1507398567 :/Standard/ajaxDictionaryUpdate

2017-10-08 01:49:28_0.79082000 1507398568 :/Standard/ajaxDictionaryList?sort=id&order=asc&limit=10&offset=0

2017-10-08 01:49:28_0.98202000 1507398568 :/favicon.ico

2017-10-08 02:38:12_0.32087300 1507401492 :/standard/dictionaries

2017-10-08 02:38:12_0.63158600 1507401492 :/Standard/ajaxDictionaryList?sort=id&order=asc&limit=10&offset=0

2017-10-08 02:38:13_0.42583800 1507401493 :/favicon.ico

2017-10-08 02:38:14_0.88541400 1507401494 :/standard/dictionaries

2017-10-08 02:38:15_0.18303500 1507401495 :/Standard/ajaxDictionaryList?sort=id&order=asc&limit=10&offset=0

2017-10-08 02:38:15_0.35295900 1507401495 :/favicon.ico

2017-10-08 03:04:04_0.32964400 1507403044 :/standard/dictionaries

2017-10-08 03:04:04_0.66181000 1507403044 :/Standard/ajaxDictionaryList?sort=id&order=asc&limit=10&offset=0

2017-10-08 03:04:04_0.85447300 1507403044 :/favicon.ico

2017-10-08 03:04:26_0.20543200 1507403066 :/standard/dictionaries

2017-10-08 03:04:26_0.52746000 1507403066 :/Standard/ajaxDictionaryList?sort=id&order=asc&limit=10&offset=0

2017-10-08 03:04:26_0.71330300 1507403066 :/favicon.ico

2017-10-08 03:04:35_0.70781600 1507403075 :/standard/dictionaries

2017-10-08 03:04:36_0.01311000 1507403076 :/Standard/ajaxDictionaryList?sort=id&order=asc&limit=10&offset=0

2017-10-08 03:04:36_0.19320900 1507403076 :/favicon.ico

2017-10-08 03:10:29_0.31381600 1507403429 :/system/logout

2017-10-08 03:10:29_0.31810600 1507403429 :/system/

2017-10-08 03:10:29_0.36614000 1507403429 :/system/captcha

2017-10-08 03:10:30_0.72866700 1507403430 :/favicon.ico

2017-10-08 03:10:31_0.19901200 1507403431 :/system/

2017-10-08 03:10:31_0.22358300 1507403431 :/system/captcha

2017-10-08 03:10:31_0.58379200 1507403431 :/favicon.ico

2017-10-08 03:10:57_0.81614200 1507403457 :/system/

2017-10-08 03:10:57_0.83707200 1507403457 :/system/captcha

2017-10-08 03:10:58_0.22078700 1507403458 :/favicon.ico

2017-10-08 03:11:00_0.61173400 1507403460 :/system/

2017-10-08 03:11:00_0.63352900 1507403460 :/system/captcha

2017-10-08 03:11:00_0.98676500 1507403460 :/favicon.ico

2017-10-08 03:11:38_0.20558100 1507403498 :/system/

2017-10-08 03:11:38_0.22919200 1507403498 :/system/captcha

2017-10-08 03:11:38_0.89301800 1507403498 :/favicon.ico

2017-10-08 03:36:42_0.62968600 1507405002 :/system/ajaxLogin

