2017-10-07 21:36:16_0.72265600 1507383376 :/

2017-10-07 21:36:17_0.05795400 1507383377 :/system/account/list

2017-10-07 21:36:17_0.29729000 1507383377 :/system/ajaxAccountGetList?sort=sort_weight&order=desc

2017-10-07 21:36:17_0.40771800 1507383377 :/favicon.ico

2017-10-07 21:39:30_0.92560100 1507383570 :/standard/dictionaries

2017-10-07 21:39:31_0.13793300 1507383571 :/Standard/ajaxDictionaryList?sort=id&order=desc&limit=10&offset=0

2017-10-07 21:39:31_0.27478300 1507383571 :/favicon.ico

2017-10-07 21:44:31_0.30681800 1507383871 :/standard/dictionaries

2017-10-07 21:44:31_0.49501500 1507383871 :/Standard/ajaxDictionaryList?sort=id&order=desc&limit=10&offset=0

2017-10-07 21:44:33_0.93603500 1507383873 :/favicon.ico

2017-10-07 21:49:20_0.17588600 1507384160 :/standard/dictionaries

2017-10-07 21:49:20_0.36284400 1507384160 :/Standard/ajaxDictionaryList?sort=id&order=desc&limit=10&offset=0

2017-10-07 21:49:20_0.49504900 1507384160 :/favicon.ico

2017-10-07 22:09:15_0.37045900 1507385355 :/abnormal/piping

2017-10-07 22:09:15_0.56312200 1507385355 :/Abnormal/ajaxPipingList?sort=id&order=desc&limit=10&offset=0

2017-10-07 22:09:15_0.78347700 1507385355 :/favicon.ico

2017-10-07 22:09:19_0.25654200 1507385359 :/standard/dictionaries

2017-10-07 22:09:19_0.36413100 1507385359 :/Standard/ajaxDictionaryList?sort=id&order=desc&limit=10&offset=0

2017-10-07 22:09:20_0.05673600 1507385360 :/favicon.ico

2017-10-07 22:14:11_0.53590200 1507385651 :/abnormal/piping

2017-10-07 22:14:11_0.73704900 1507385651 :/Abnormal/ajaxPipingList?sort=id&order=desc&limit=10&offset=0

2017-10-07 22:14:11_0.96637700 1507385651 :/favicon.ico

2017-10-07 22:14:35_0.89893200 1507385675 :/abnormal/piping

2017-10-07 22:14:36_0.08827300 1507385676 :/Abnormal/ajaxPipingList?sort=id&order=desc&limit=10&offset=0

2017-10-07 22:14:36_0.31580500 1507385676 :/favicon.ico

2017-10-07 22:14:36_0.84171600 1507385676 :/abnormal/medicine

2017-10-07 22:14:36_0.95586100 1507385676 :/Abnormal/ajaxMedicineList?sort=id&order=desc&limit=10&offset=0

2017-10-07 22:14:37_0.13545700 1507385677 :/favicon.ico

2017-10-07 22:15:19_0.86403800 1507385719 :/standard/dictionaries

2017-10-07 22:15:20_0.05449300 1507385720 :/Standard/ajaxDictionaryList?sort=id&order=desc&limit=10&offset=0

2017-10-07 22:15:20_0.19400200 1507385720 :/favicon.ico

2017-10-07 22:24:09_0.40265700 1507386249 :/abnormal/fall

2017-10-07 22:24:09_0.59388800 1507386249 :/Abnormal/ajaxFallList?sort=id&order=desc&limit=10&offset=0

2017-10-07 22:24:09_0.81809200 1507386249 :/favicon.ico

2017-10-07 22:24:10_0.48940700 1507386250 :/abnormal/other

2017-10-07 22:24:10_0.59665200 1507386250 :/Abnormal/ajaxOtherList?sort=id&order=desc&limit=10&offset=0

2017-10-07 22:24:10_0.73931700 1507386250 :/favicon.ico

2017-10-07 22:56:32_0.20882900 1507388192 :/standard/dictionaries

2017-10-07 22:56:32_0.40422900 1507388192 :/Standard/ajaxDictionaryList?sort=id&order=desc&limit=10&offset=0

2017-10-07 22:56:33_0.09763200 1507388193 :/favicon.ico

2017-10-07 22:56:58_0.32911000 1507388218 :/standard/dictionaries

2017-10-07 22:56:58_0.51227500 1507388218 :/Standard/ajaxDictionaryList?sort=id&order=desc&limit=10&offset=0

2017-10-07 22:56:58_0.64703900 1507388218 :/favicon.ico

2017-10-07 23:28:27_0.43574900 1507390107 :/standard/dictionaries

2017-10-07 23:28:27_0.62987000 1507390107 :/Standard/ajaxDictionaryList?sort=id&order=desc&limit=10&offset=0

2017-10-07 23:28:27_0.77738300 1507390107 :/favicon.ico

2017-10-07 23:29:37_0.13035600 1507390177 :/standard/dictionaries

2017-10-07 23:29:37_0.31910500 1507390177 :/Standard/ajaxDictionaryList?sort=id&order=desc&limit=10&offset=0

2017-10-07 23:29:37_0.45954100 1507390177 :/favicon.ico

2017-10-07 23:29:41_0.24167000 1507390181 :/standard/dictionaries

2017-10-07 23:29:41_0.35036200 1507390181 :/Standard/ajaxDictionaryList?sort=id&order=desc&limit=10&offset=0

2017-10-07 23:29:42_0.30236400 1507390182 :/favicon.ico

2017-10-07 23:32:51_0.93939700 1507390371 :/standard/dictionaries

2017-10-07 23:32:52_0.14176800 1507390372 :/Standard/ajaxDictionaryList?sort=id&order=desc&limit=10&offset=0

2017-10-07 23:32:52_0.28107700 1507390372 :/favicon.ico

2017-10-07 23:32:53_0.61075000 1507390373 :/standard/dictionaries

2017-10-07 23:32:53_0.72589100 1507390373 :/Standard/ajaxDictionaryList?sort=id&order=desc&limit=10&offset=0

2017-10-07 23:32:53_0.78759600 1507390373 :/favicon.ico

2017-10-07 23:32:55_0.20118500 1507390375 :/standard/dictionaries

2017-10-07 23:32:55_0.30281700 1507390375 :/Standard/ajaxDictionaryList?sort=id&order=desc&limit=10&offset=0

2017-10-07 23:32:55_0.36879000 1507390375 :/favicon.ico

2017-10-07 23:32:55_0.92077600 1507390375 :/standard/dictionaries

2017-10-07 23:32:56_0.02879000 1507390376 :/Standard/ajaxDictionaryList?sort=id&order=desc&limit=10&offset=0

2017-10-07 23:32:56_0.09901100 1507390376 :/favicon.ico

2017-10-07 23:35:48_0.08629000 1507390548 :/standard/dictionaries

2017-10-07 23:35:48_0.28085400 1507390548 :/Standard/ajaxDictionaryList?sort=id&order=desc&limit=10&offset=0

2017-10-07 23:35:48_0.96778900 1507390548 :/favicon.ico

2017-10-07 23:35:50_0.17912000 1507390550 :/standard/dictionaries

2017-10-07 23:35:50_0.29846100 1507390550 :/Standard/ajaxDictionaryList?sort=id&order=desc&limit=10&offset=0

2017-10-07 23:35:50_0.36619100 1507390550 :/favicon.ico

2017-10-07 23:35:51_0.78878300 1507390551 :/standard/dictionaries

2017-10-07 23:35:51_0.89452000 1507390551 :/Standard/ajaxDictionaryList?sort=id&order=desc&limit=10&offset=0

2017-10-07 23:35:51_0.96005900 1507390551 :/favicon.ico

2017-10-07 23:36:41_0.00562400 1507390601 :/Standard/ajaxDictionaryAdd

2017-10-07 23:38:50_0.42595500 1507390730 :/favicon.ico

2017-10-07 23:38:54_0.21272400 1507390734 :/standard/dictionaries

2017-10-07 23:38:54_0.40999200 1507390734 :/Standard/ajaxDictionaryList?sort=id&order=desc&limit=10&offset=0

2017-10-07 23:38:55_0.60052500 1507390735 :/favicon.ico

2017-10-07 23:38:58_0.99275300 1507390738 :/Standard/ajaxDictionaryAdd

2017-10-07 23:39:00_0.53254900 1507390740 :/favicon.ico

2017-10-07 23:39:27_0.94828200 1507390767 :/standard/dictionaries

2017-10-07 23:39:28_0.33416200 1507390768 :/Standard/ajaxDictionaryList?sort=id&order=desc&limit=10&offset=0

2017-10-07 23:39:29_0.49919400 1507390769 :/favicon.ico

2017-10-07 23:39:43_0.25955500 1507390783 :/Standard/ajaxDictionaryAdd

2017-10-07 23:40:12_0.22700900 1507390812 :/favicon.ico

2017-10-07 23:40:12_0.40997200 1507390812 :/standard/dictionaries

2017-10-07 23:40:12_0.78156700 1507390812 :/Standard/ajaxDictionaryList?sort=id&order=desc&limit=10&offset=0

2017-10-07 23:40:12_0.97103300 1507390812 :/favicon.ico

2017-10-07 23:40:13_0.56721300 1507390813 :/standard/dictionaries

2017-10-07 23:40:13_0.86044800 1507390813 :/Standard/ajaxDictionaryList?sort=id&order=desc&limit=10&offset=0

2017-10-07 23:40:14_0.02205800 1507390814 :/favicon.ico

2017-10-07 23:40:14_0.81297900 1507390814 :/standard/dictionaries

2017-10-07 23:40:15_0.10246900 1507390815 :/Standard/ajaxDictionaryList?sort=id&order=desc&limit=10&offset=0

2017-10-07 23:40:15_0.26690400 1507390815 :/favicon.ico

2017-10-07 23:40:22_0.74488200 1507390822 :/standard/dictionaries?

2017-10-07 23:40:22_0.91631000 1507390822 :/favicon.ico

2017-10-07 23:40:31_0.13892400 1507390831 :/standard/dictionaries

2017-10-07 23:40:31_0.47129200 1507390831 :/Standard/ajaxDictionaryList?sort=id&order=desc&limit=10&offset=0

2017-10-07 23:40:31_0.64645500 1507390831 :/favicon.ico

2017-10-07 23:40:34_0.82013400 1507390834 :/standard/dictionaries

2017-10-07 23:40:35_0.09610800 1507390835 :/Standard/ajaxDictionaryList?sort=id&order=desc&limit=10&offset=0

2017-10-07 23:40:36_0.16596500 1507390836 :/favicon.ico

2017-10-07 23:40:38_0.34078600 1507390838 :/standard/dictionaries

2017-10-07 23:40:38_0.60763800 1507390838 :/Standard/ajaxDictionaryList?sort=id&order=desc&limit=10&offset=0

2017-10-07 23:40:38_0.78812500 1507390838 :/favicon.ico

2017-10-07 23:40:47_0.84773000 1507390847 :/Standard/ajaxDictionaryAdd/

2017-10-07 23:41:05_0.39918200 1507390865 :/favicon.ico

2017-10-07 23:41:06_0.37321600 1507390866 :/Standard/ajaxDictionaryAdd/

2017-10-07 23:41:06_0.38369300 1507390866 :/favicon.ico

2017-10-07 23:41:07_0.55899400 1507390867 :/Standard/ajaxDictionaryList?sort=id&order=desc&limit=10&offset=0

2017-10-07 23:41:09_0.48118100 1507390869 :/standard/dictionaries

2017-10-07 23:41:09_0.76398500 1507390869 :/Standard/ajaxDictionaryList?sort=id&order=desc&limit=10&offset=0

2017-10-07 23:41:10_0.87435500 1507390870 :/favicon.ico

2017-10-07 23:41:40_0.46232800 1507390900 :/standard/dictionaries

2017-10-07 23:41:40_0.80553900 1507390900 :/Standard/ajaxDictionaryList?sort=id&order=desc&limit=10&offset=0

2017-10-07 23:41:40_0.97903800 1507390900 :/favicon.ico

2017-10-07 23:52:06_0.25849500 1507391526 :/standard/dictionaries

2017-10-07 23:52:06_0.53870600 1507391526 :/Standard/ajaxDictionaryList?sort=id&order=desc&limit=10&offset=0

2017-10-07 23:52:08_0.28843800 1507391528 :/favicon.ico

2017-10-07 23:52:24_0.44304100 1507391544 :/standard/dictionaries

2017-10-07 23:52:24_0.77267000 1507391544 :/Standard/ajaxDictionaryList?sort=id&order=desc&limit=10&offset=0

2017-10-07 23:52:25_0.31423500 1507391545 :/favicon.ico

2017-10-07 23:52:48_0.10488100 1507391568 :/Standard/ajaxDictionaryAdd/

2017-10-07 23:52:48_0.11491900 1507391568 :/favicon.ico

2017-10-07 23:52:49_0.32845900 1507391569 :/Standard/ajaxDictionaryList?sort=id&order=desc&limit=10&offset=0

2017-10-07 23:53:02_0.61710900 1507391582 :/standard/dictionaries

2017-10-07 23:53:02_0.90336900 1507391582 :/Standard/ajaxDictionaryList?sort=id&order=desc&limit=10&offset=0

2017-10-07 23:53:03_0.06789400 1507391583 :/favicon.ico

2017-10-07 23:53:03_0.71004000 1507391583 :/standard/dictionaries

2017-10-07 23:53:03_0.99406600 1507391583 :/Standard/ajaxDictionaryList?sort=id&order=desc&limit=10&offset=0

2017-10-07 23:53:04_0.15929900 1507391584 :/favicon.ico

2017-10-07 23:53:04_0.62982900 1507391584 :/standard/dictionaries

2017-10-07 23:53:04_0.96517500 1507391584 :/Standard/ajaxDictionaryList?sort=id&order=desc&limit=10&offset=0

2017-10-07 23:53:05_0.12812600 1507391585 :/favicon.ico

2017-10-07 23:53:05_0.55135100 1507391585 :/standard/dictionaries

2017-10-07 23:53:05_0.82452800 1507391585 :/Standard/ajaxDictionaryList?sort=id&order=asc&limit=10&offset=0

2017-10-07 23:53:06_0.95010500 1507391586 :/favicon.ico

2017-10-07 23:53:43_0.75141500 1507391623 :/standard/dictionaries

2017-10-07 23:53:44_0.10201000 1507391624 :/Standard/ajaxDictionaryList?sort=id&order=asc&limit=10&offset=0

2017-10-07 23:53:44_0.27181700 1507391624 :/favicon.ico

2017-10-07 23:53:44_0.59062100 1507391624 :/standard/dictionaries

2017-10-07 23:53:44_0.87384700 1507391624 :/Standard/ajaxDictionaryList?sort=id&order=asc&limit=10&offset=0

2017-10-07 23:53:45_0.04229300 1507391625 :/favicon.ico

2017-10-07 23:53:45_0.36617900 1507391625 :/standard/dictionaries

2017-10-07 23:53:45_0.64260300 1507391625 :/Standard/ajaxDictionaryList?sort=id&order=asc&limit=10&offset=0

2017-10-07 23:53:45_0.81119300 1507391625 :/favicon.ico

2017-10-07 23:53:46_0.09324500 1507391626 :/standard/dictionaries

2017-10-07 23:53:46_0.36578500 1507391626 :/Standard/ajaxDictionaryList?sort=id&order=asc&limit=10&offset=0

2017-10-07 23:53:46_0.52139500 1507391626 :/favicon.ico

2017-10-07 23:53:56_0.44758600 1507391636 :/standard/dictionaries

2017-10-07 23:53:56_0.72054600 1507391636 :/Standard/ajaxDictionaryList?sort=id&order=asc&limit=10&offset=0

2017-10-07 23:53:57_0.25593600 1507391637 :/standard/dictionaries

2017-10-07 23:53:57_0.57637200 1507391637 :/Standard/ajaxDictionaryList?sort=id&order=asc&limit=10&offset=0

2017-10-07 23:53:58_0.13369500 1507391638 :/standard/dictionaries

2017-10-07 23:53:58_0.40604200 1507391638 :/Standard/ajaxDictionaryList?sort=id&order=asc&limit=10&offset=0

2017-10-07 23:53:58_0.74370400 1507391638 :/favicon.ico

2017-10-07 23:53:59_0.07132800 1507391639 :/standard/dictionaries

2017-10-07 23:53:59_0.32872700 1507391639 :/Standard/ajaxDictionaryList?sort=id&order=asc&limit=10&offset=0

2017-10-07 23:53:59_0.47874000 1507391639 :/favicon.ico

2017-10-07 23:54:34_0.46848500 1507391674 :/standard/dictionaries

2017-10-07 23:54:34_0.75431600 1507391674 :/Standard/ajaxDictionaryList?sort=id&order=asc&limit=10&offset=0

2017-10-07 23:54:34_0.91597000 1507391674 :/favicon.ico

2017-10-07 23:54:35_0.47538400 1507391675 :/standard/dictionaries

2017-10-07 23:54:35_0.75235300 1507391675 :/Standard/ajaxDictionaryList?sort=id&order=asc&limit=10&offset=0

2017-10-07 23:54:35_0.90900100 1507391675 :/favicon.ico

2017-10-07 23:54:36_0.25169100 1507391676 :/standard/dictionaries

2017-10-07 23:54:36_0.53733800 1507391676 :/Standard/ajaxDictionaryList?sort=id&order=asc&limit=10&offset=0

2017-10-07 23:54:36_0.70161000 1507391676 :/favicon.ico

2017-10-07 23:54:37_0.09258400 1507391677 :/standard/dictionaries

2017-10-07 23:54:37_0.36597500 1507391677 :/Standard/ajaxDictionaryList?sort=id&order=asc&limit=10&offset=0

2017-10-07 23:54:37_0.54441800 1507391677 :/favicon.ico

2017-10-07 23:54:37_0.90847000 1507391677 :/standard/dictionaries

2017-10-07 23:54:38_0.17021300 1507391678 :/Standard/ajaxDictionaryList?sort=id&order=asc&limit=10&offset=0

2017-10-07 23:54:38_0.32876500 1507391678 :/favicon.ico

2017-10-07 23:54:48_0.02741600 1507391688 :/standard/dictionaries

2017-10-07 23:54:48_0.30548800 1507391688 :/Standard/ajaxDictionaryList?sort=id&order=asc&limit=10&offset=0

2017-10-07 23:54:48_0.89216700 1507391688 :/standard/dictionaries

2017-10-07 23:54:49_0.17635500 1507391689 :/Standard/ajaxDictionaryList?sort=id&order=asc&limit=10&offset=0

2017-10-07 23:54:49_0.65449800 1507391689 :/standard/dictionaries

2017-10-07 23:54:49_0.66440500 1507391689 :/favicon.ico

2017-10-07 23:54:49_0.93937500 1507391689 :/Standard/ajaxDictionaryList?sort=id&order=asc&limit=10&offset=0

2017-10-07 23:54:50_0.09519000 1507391690 :/favicon.ico

2017-10-07 23:54:50_0.37136400 1507391690 :/standard/dictionaries

2017-10-07 23:54:50_0.64078000 1507391690 :/Standard/ajaxDictionaryList?sort=id&order=asc&limit=10&offset=0

2017-10-07 23:54:50_0.79293600 1507391690 :/favicon.ico

2017-10-07 23:54:51_0.08450700 1507391691 :/standard/dictionaries

2017-10-07 23:54:51_0.34139800 1507391691 :/Standard/ajaxDictionaryList?sort=id&order=asc&limit=10&offset=0

2017-10-07 23:54:51_0.52134000 1507391691 :/favicon.ico

2017-10-07 23:54:51_0.77194800 1507391691 :/standard/dictionaries

2017-10-07 23:54:52_0.03943000 1507391692 :/Standard/ajaxDictionaryList?sort=id&order=asc&limit=10&offset=0

2017-10-07 23:54:52_0.22392700 1507391692 :/favicon.ico

2017-10-07 23:54:52_0.45393200 1507391692 :/standard/dictionaries

2017-10-07 23:54:52_0.78813600 1507391692 :/Standard/ajaxDictionaryList?sort=id&order=asc&limit=10&offset=0

2017-10-07 23:54:52_0.95018100 1507391692 :/favicon.ico

