2017-10-09 00:00:18_0.47267200 1507478418 :/standard/dictionaries

2017-10-09 00:00:18_0.77698200 1507478418 :/Standard/ajaxDictionaryList?sort=id&order=asc&limit=10&offset=0

2017-10-09 00:00:20_0.01886800 1507478420 :/favicon.ico

2017-10-09 00:00:21_0.05826300 1507478421 :/standard/dictionaries

2017-10-09 00:00:21_0.34631100 1507478421 :/Standard/ajaxDictionaryList?sort=id&order=asc&limit=10&offset=0

2017-10-09 00:00:21_0.54154500 1507478421 :/favicon.ico

2017-10-09 00:00:22_0.20233300 1507478422 :/Standard/ajaxDictionaryChildList/id/1?sort=id&order=asc&limit=10&offset=0

2017-10-09 00:00:23_0.36771400 1507478423 :/Standard/ajaxDictionaryGetMore

2017-10-09 00:01:48_0.08344700 1507478508 :/standard/dictionaries

2017-10-09 00:01:48_0.40062700 1507478508 :/Standard/ajaxDictionaryList?sort=id&order=asc&limit=10&offset=0

2017-10-09 00:01:48_0.59138700 1507478508 :/favicon.ico

2017-10-09 00:01:49_0.40724100 1507478509 :/standard/dictionaries

2017-10-09 00:01:49_0.71961500 1507478509 :/Standard/ajaxDictionaryList?sort=id&order=asc&limit=10&offset=0

2017-10-09 00:01:49_0.91047700 1507478509 :/favicon.ico

2017-10-09 00:02:08_0.99177500 1507478528 :/standard/dictionaries

2017-10-09 00:02:09_0.32344700 1507478529 :/Standard/ajaxDictionaryList?sort=id&order=asc&limit=10&offset=0

2017-10-09 00:02:09_0.96591300 1507478529 :/favicon.ico

2017-10-09 00:02:10_0.51497500 1507478530 :/Standard/ajaxDictionaryChildList/id/1?sort=id&order=asc&limit=10&offset=0

2017-10-09 00:02:11_0.80682900 1507478531 :/Standard/ajaxDictionaryGetMore

2017-10-09 00:02:12_0.80663900 1507478532 :/standard/dictionaries

2017-10-09 00:02:13_0.11320600 1507478533 :/Standard/ajaxDictionaryList?sort=id&order=asc&limit=10&offset=0

2017-10-09 00:02:13_0.30083000 1507478533 :/favicon.ico

2017-10-09 00:02:14_0.89505300 1507478534 :/Standard/ajaxDictionaryChildList/id/1?sort=id&order=asc&limit=10&offset=0

2017-10-09 00:02:15_0.77027400 1507478535 :/Standard/ajaxDictionaryGetMore

2017-10-09 00:05:47_0.89134900 1507478747 :/standard/dictionaries

2017-10-09 00:05:48_0.25177400 1507478748 :/Standard/ajaxDictionaryList?sort=id&order=asc&limit=10&offset=0

2017-10-09 00:05:49_0.54733800 1507478749 :/Standard/ajaxDictionaryChildList/id/1?sort=id&order=asc&limit=10&offset=0

2017-10-09 00:05:50_0.61066900 1507478750 :/favicon.ico

2017-10-09 00:05:50_0.90328900 1507478750 :/Standard/ajaxDictionaryGetMore

2017-10-09 00:05:51_0.97489800 1507478751 :/standard/dictionaries

2017-10-09 00:05:52_0.28176300 1507478752 :/Standard/ajaxDictionaryList?sort=id&order=asc&limit=10&offset=0

2017-10-09 00:05:52_0.47720900 1507478752 :/favicon.ico

2017-10-09 00:05:53_0.17217400 1507478753 :/Standard/ajaxDictionaryChildList/id/1?sort=id&order=asc&limit=10&offset=0

2017-10-09 00:05:54_0.14360000 1507478754 :/Standard/ajaxDictionaryGetMore

2017-10-09 00:10:14_0.68920000 1507479014 :/standard/dictionaries

2017-10-09 00:10:15_0.06814000 1507479015 :/Standard/ajaxDictionaryList?sort=id&order=asc&limit=10&offset=0

2017-10-09 00:10:15_0.26371800 1507479015 :/favicon.ico

2017-10-09 00:10:16_0.54446200 1507479016 :/standard/dictionaries

2017-10-09 00:10:16_0.84203800 1507479016 :/Standard/ajaxDictionaryList?sort=id&order=asc&limit=10&offset=0

2017-10-09 00:10:17_0.03887600 1507479017 :/favicon.ico

2017-10-09 00:10:18_0.04165600 1507479018 :/Standard/ajaxDictionaryChildList/id/1?sort=id&order=asc&limit=10&offset=0

2017-10-09 00:10:19_0.12432600 1507479019 :/Standard/ajaxDictionaryGetMore

2017-10-09 00:10:20_0.18962700 1507479020 :/standard/dictionaries

2017-10-09 00:10:20_0.48217400 1507479020 :/Standard/ajaxDictionaryList?sort=id&order=asc&limit=10&offset=0

2017-10-09 00:10:21_0.23505600 1507479021 :/favicon.ico

2017-10-09 00:10:22_0.84860600 1507479022 :/standard/dictionaries

2017-10-09 00:10:23_0.13321700 1507479023 :/Standard/ajaxDictionaryList?sort=id&order=asc&limit=10&offset=0

2017-10-09 00:10:23_0.31461300 1507479023 :/favicon.ico

2017-10-09 00:10:24_0.04888900 1507479024 :/Standard/ajaxDictionaryChildList/id/1?sort=id&order=asc&limit=10&offset=0

2017-10-09 00:10:24_0.94516500 1507479024 :/Standard/ajaxDictionaryGetMore

2017-10-09 00:11:06_0.87260000 1507479066 :/standard/dictionaries

2017-10-09 00:11:07_0.20185700 1507479067 :/Standard/ajaxDictionaryList?sort=id&order=asc&limit=10&offset=0

2017-10-09 00:11:07_0.37863900 1507479067 :/favicon.ico

2017-10-09 00:11:08_0.57602600 1507479068 :/standard/dictionaries

2017-10-09 00:11:08_0.93735100 1507479068 :/Standard/ajaxDictionaryList?sort=id&order=asc&limit=10&offset=0

2017-10-09 00:11:09_0.13045500 1507479069 :/favicon.ico

2017-10-09 00:11:09_0.58363800 1507479069 :/Standard/ajaxDictionaryChildList/id/1?sort=id&order=asc&limit=10&offset=0

2017-10-09 00:11:10_0.34838400 1507479070 :/Standard/ajaxDictionaryGetMore

2017-10-09 00:11:11_0.33629400 1507479071 :/standard/dictionaries

2017-10-09 00:11:11_0.69126600 1507479071 :/Standard/ajaxDictionaryList?sort=id&order=asc&limit=10&offset=0

2017-10-09 00:11:12_0.50659600 1507479072 :/favicon.ico

2017-10-09 00:11:12_0.64758200 1507479072 :/Standard/ajaxDictionaryChildList/id/1?sort=id&order=asc&limit=10&offset=0

2017-10-09 00:11:13_0.59876100 1507479073 :/Standard/ajaxDictionaryGetMore

2017-10-09 00:12:14_0.11459500 1507479134 :/standard/dictionaries

2017-10-09 00:12:14_0.49384700 1507479134 :/Standard/ajaxDictionaryList?sort=id&order=asc&limit=10&offset=0

2017-10-09 00:12:14_0.68489600 1507479134 :/favicon.ico

2017-10-09 00:12:16_0.14345000 1507479136 :/Standard/ajaxDictionaryChildList/id/1?sort=id&order=asc&limit=10&offset=0

2017-10-09 00:12:17_0.13621100 1507479137 :/Standard/ajaxDictionaryGetMore

2017-10-09 00:12:19_0.15651900 1507479139 :/standard/dictionaries

2017-10-09 00:12:19_0.50402000 1507479139 :/Standard/ajaxDictionaryList?sort=id&order=asc&limit=10&offset=0

2017-10-09 00:12:20_0.30778300 1507479140 :/favicon.ico

2017-10-09 00:12:20_0.60287100 1507479140 :/Standard/ajaxDictionaryChildList/id/1?sort=id&order=asc&limit=10&offset=0

2017-10-09 00:12:21_0.72312800 1507479141 :/Standard/ajaxDictionaryGetMore

2017-10-09 00:12:43_0.10791400 1507479163 :/standard/dictionaries

2017-10-09 00:12:43_0.43392300 1507479163 :/Standard/ajaxDictionaryList?sort=id&order=asc&limit=10&offset=0

2017-10-09 00:12:44_0.37798400 1507479164 :/standard/dictionaries

2017-10-09 00:12:44_0.68917600 1507479164 :/Standard/ajaxDictionaryList?sort=id&order=asc&limit=10&offset=0

2017-10-09 00:12:45_0.28340500 1507479165 :/Standard/ajaxDictionaryChildList/id/1?sort=id&order=asc&limit=10&offset=0

2017-10-09 00:12:45_0.66484400 1507479165 :/favicon.ico

2017-10-09 00:12:48_0.34412600 1507479168 :/standard/dictionaries

2017-10-09 00:12:48_0.63804600 1507479168 :/Standard/ajaxDictionaryList?sort=id&order=asc&limit=10&offset=0

2017-10-09 00:12:48_0.82088600 1507479168 :/favicon.ico

2017-10-09 00:12:49_0.59458700 1507479169 :/Standard/ajaxDictionaryChildList/id/1?sort=id&order=asc&limit=10&offset=0

2017-10-09 00:12:50_0.37469500 1507479170 :/Standard/ajaxDictionaryGetMore

2017-10-09 00:13:42_0.19232900 1507479222 :/standard/dictionaries

2017-10-09 00:13:42_0.57510100 1507479222 :/Standard/ajaxDictionaryList?sort=id&order=asc&limit=10&offset=0

2017-10-09 00:13:43_0.41249200 1507479223 :/standard/dictionaries

2017-10-09 00:13:43_0.72858100 1507479223 :/Standard/ajaxDictionaryList?sort=id&order=asc&limit=10&offset=0

2017-10-09 00:13:44_0.85638500 1507479224 :/favicon.ico

2017-10-09 00:13:44_0.86364300 1507479224 :/Standard/ajaxDictionaryChildList/id/1?sort=id&order=asc&limit=10&offset=0

2017-10-09 00:13:46_0.12115300 1507479226 :/Standard/ajaxDictionaryGetMore

2017-10-09 00:13:47_0.25226000 1507479227 :/standard/dictionaries

2017-10-09 00:13:47_0.55536100 1507479227 :/Standard/ajaxDictionaryList?sort=id&order=asc&limit=10&offset=0

2017-10-09 00:13:47_0.75044700 1507479227 :/favicon.ico

2017-10-09 00:13:48_0.47418500 1507479228 :/Standard/ajaxDictionaryChildList/id/1?sort=id&order=asc&limit=10&offset=0

2017-10-09 00:13:49_0.32623200 1507479229 :/Standard/ajaxDictionaryGetMore

2017-10-09 00:14:22_0.29132800 1507479262 :/standard/dictionaries

2017-10-09 00:14:22_0.67221600 1507479262 :/Standard/ajaxDictionaryList?sort=id&order=asc&limit=10&offset=0

2017-10-09 00:14:22_0.86545900 1507479262 :/favicon.ico

2017-10-09 00:14:24_0.35976100 1507479264 :/Standard/ajaxDictionaryChildList/id/1?sort=id&order=asc&limit=10&offset=0

2017-10-09 00:14:27_0.28375700 1507479267 :/Standard/ajaxDictionaryGetMore

2017-10-09 00:14:28_0.57508600 1507479268 :/standard/dictionaries

2017-10-09 00:14:28_0.86592800 1507479268 :/Standard/ajaxDictionaryList?sort=id&order=asc&limit=10&offset=0

2017-10-09 00:14:29_0.05799400 1507479269 :/favicon.ico

2017-10-09 00:14:30_0.16567700 1507479270 :/Standard/ajaxDictionaryChildList/id/1?sort=id&order=asc&limit=10&offset=0

2017-10-09 00:14:31_0.05300600 1507479271 :/Standard/ajaxDictionaryGetMore

2017-10-09 00:15:02_0.91925000 1507479302 :/standard/dictionaries

2017-10-09 00:15:03_0.24249200 1507479303 :/Standard/ajaxDictionaryList?sort=id&order=asc&limit=10&offset=0

2017-10-09 00:15:03_0.43752000 1507479303 :/favicon.ico

2017-10-09 00:15:04_0.23724900 1507479304 :/standard/dictionaries

2017-10-09 00:15:04_0.54144100 1507479304 :/Standard/ajaxDictionaryList?sort=id&order=asc&limit=10&offset=0

2017-10-09 00:15:04_0.73194800 1507479304 :/favicon.ico

2017-10-09 00:15:05_0.19367300 1507479305 :/Standard/ajaxDictionaryChildList/id/1?sort=id&order=asc&limit=10&offset=0

2017-10-09 00:15:07_0.13608200 1507479307 :/Standard/ajaxDictionaryGetMore

2017-10-09 00:15:08_0.68057400 1507479308 :/standard/dictionaries

2017-10-09 00:15:08_0.97676300 1507479308 :/Standard/ajaxDictionaryList?sort=id&order=asc&limit=10&offset=0

2017-10-09 00:15:09_0.19755700 1507479309 :/favicon.ico

2017-10-09 00:15:10_0.00201100 1507479310 :/Standard/ajaxDictionaryChildList/id/1?sort=id&order=asc&limit=10&offset=0

2017-10-09 00:15:11_0.04203900 1507479311 :/Standard/ajaxDictionaryGetMore

2017-10-09 00:15:46_0.60623000 1507479346 :/standard/dictionaries

2017-10-09 00:15:46_0.98793100 1507479346 :/Standard/ajaxDictionaryList?sort=id&order=asc&limit=10&offset=0

2017-10-09 00:15:47_0.16849100 1507479347 :/favicon.ico

2017-10-09 00:15:47_0.67640300 1507479347 :/standard/dictionaries

2017-10-09 00:15:48_0.04927300 1507479348 :/Standard/ajaxDictionaryList?sort=id&order=asc&limit=10&offset=0

2017-10-09 00:15:48_0.23663400 1507479348 :/favicon.ico

2017-10-09 00:15:49_0.20346600 1507479349 :/Standard/ajaxDictionaryChildList/id/1?sort=id&order=asc&limit=10&offset=0

2017-10-09 00:15:51_0.12387700 1507479351 :/Standard/ajaxDictionaryGetMore

2017-10-09 00:15:53_0.32559600 1507479353 :/standard/dictionaries

2017-10-09 00:15:53_0.61172200 1507479353 :/Standard/ajaxDictionaryList?sort=id&order=asc&limit=10&offset=0

2017-10-09 00:15:53_0.79896900 1507479353 :/favicon.ico

2017-10-09 00:15:55_0.01551900 1507479355 :/Standard/ajaxDictionaryChildList/id/1?sort=id&order=asc&limit=10&offset=0

2017-10-09 00:15:55_0.95049600 1507479355 :/Standard/ajaxDictionaryGetMore

2017-10-09 00:16:20_0.90139600 1507479380 :/standard/dictionaries

2017-10-09 00:16:21_0.21543600 1507479381 :/Standard/ajaxDictionaryList?sort=id&order=asc&limit=10&offset=0

2017-10-09 00:16:21_0.39618600 1507479381 :/favicon.ico

2017-10-09 00:16:22_0.30035500 1507479382 :/standard/dictionaries

2017-10-09 00:16:22_0.62186000 1507479382 :/Standard/ajaxDictionaryList?sort=id&order=asc&limit=10&offset=0

2017-10-09 00:16:22_0.81334700 1507479382 :/favicon.ico

2017-10-09 00:16:23_0.15830400 1507479383 :/Standard/ajaxDictionaryChildList/id/1?sort=id&order=asc&limit=10&offset=0

2017-10-09 00:16:24_0.39999000 1507479384 :/Standard/ajaxDictionaryGetMore

2017-10-09 00:16:26_0.40425700 1507479386 :/standard/dictionaries

2017-10-09 00:16:26_0.70984600 1507479386 :/Standard/ajaxDictionaryList?sort=id&order=asc&limit=10&offset=0

2017-10-09 00:16:26_0.89149800 1507479386 :/favicon.ico

2017-10-09 00:16:27_0.73579400 1507479387 :/Standard/ajaxDictionaryChildList/id/1?sort=id&order=asc&limit=10&offset=0

2017-10-09 00:16:28_0.69161400 1507479388 :/Standard/ajaxDictionaryGetMore

2017-10-09 00:17:15_0.27642500 1507479435 :/standard/dictionaries

2017-10-09 00:17:15_0.65302300 1507479435 :/Standard/ajaxDictionaryList?sort=id&order=asc&limit=10&offset=0

2017-10-09 00:17:16_0.27408900 1507479436 :/standard/dictionaries

2017-10-09 00:17:16_0.59403300 1507479436 :/Standard/ajaxDictionaryList?sort=id&order=asc&limit=10&offset=0

2017-10-09 00:17:16_0.78613000 1507479436 :/favicon.ico

2017-10-09 00:17:17_0.31486000 1507479437 :/Standard/ajaxDictionaryChildList/id/1?sort=id&order=asc&limit=10&offset=0

2017-10-09 00:17:18_0.56973000 1507479438 :/Standard/ajaxDictionaryGetMore

2017-10-09 00:17:19_0.93141400 1507479439 :/standard/dictionaries

2017-10-09 00:17:20_0.26465300 1507479440 :/Standard/ajaxDictionaryList?sort=id&order=asc&limit=10&offset=0

2017-10-09 00:17:20_0.44605100 1507479440 :/favicon.ico

2017-10-09 00:17:21_0.09923800 1507479441 :/Standard/ajaxDictionaryChildList/id/1?sort=id&order=asc&limit=10&offset=0

2017-10-09 00:17:21_0.95094500 1507479441 :/Standard/ajaxDictionaryGetMore

2017-10-09 00:17:43_0.33365400 1507479463 :/standard/dictionaries

2017-10-09 00:17:43_0.70667000 1507479463 :/Standard/ajaxDictionaryList?sort=id&order=asc&limit=10&offset=0

2017-10-09 00:17:43_0.90180600 1507479463 :/favicon.ico

2017-10-09 00:17:44_0.71785700 1507479464 :/standard/dictionaries

2017-10-09 00:17:45_0.02965200 1507479465 :/Standard/ajaxDictionaryList?sort=id&order=asc&limit=10&offset=0

2017-10-09 00:17:45_0.22186600 1507479465 :/favicon.ico

2017-10-09 00:17:45_0.74990500 1507479465 :/Standard/ajaxDictionaryChildList/id/1?sort=id&order=asc&limit=10&offset=0

2017-10-09 00:17:46_0.88635500 1507479466 :/Standard/ajaxDictionaryGetMore

2017-10-09 00:17:48_0.57796400 1507479468 :/standard/dictionaries

2017-10-09 00:17:48_0.87845500 1507479468 :/Standard/ajaxDictionaryList?sort=id&order=asc&limit=10&offset=0

2017-10-09 00:17:50_0.07673200 1507479470 :/favicon.ico

2017-10-09 00:17:52_0.02837200 1507479472 :/Standard/ajaxDictionaryChildList/id/1?sort=id&order=asc&limit=10&offset=0

2017-10-09 00:17:53_0.08086500 1507479473 :/Standard/ajaxDictionaryGetMore

2017-10-09 00:18:13_0.42551700 1507479493 :/standard/dictionaries

2017-10-09 00:18:13_0.73843100 1507479493 :/Standard/ajaxDictionaryList?sort=id&order=asc&limit=10&offset=0

2017-10-09 00:18:14_0.32092500 1507479494 :/standard/dictionaries

2017-10-09 00:18:14_0.65051300 1507479494 :/Standard/ajaxDictionaryList?sort=id&order=asc&limit=10&offset=0

2017-10-09 00:18:15_0.26693800 1507479495 :/Standard/ajaxDictionaryChildList/id/1?sort=id&order=asc&limit=10&offset=0

2017-10-09 00:18:15_0.79042200 1507479495 :/favicon.ico

2017-10-09 00:18:16_0.28875200 1507479496 :/Standard/ajaxDictionaryGetMore

2017-10-09 00:18:17_0.41619700 1507479497 :/standard/dictionaries

2017-10-09 00:18:17_0.76125700 1507479497 :/Standard/ajaxDictionaryList?sort=id&order=asc&limit=10&offset=0

2017-10-09 00:18:17_0.94954300 1507479497 :/favicon.ico

2017-10-09 00:18:18_0.83453600 1507479498 :/Standard/ajaxDictionaryChildList/id/1?sort=id&order=asc&limit=10&offset=0

2017-10-09 00:18:19_0.91904700 1507479499 :/Standard/ajaxDictionaryGetMore

2017-10-09 00:18:21_0.70666000 1507479501 :/standard/dictionaries

2017-10-09 00:18:22_0.00493900 1507479502 :/Standard/ajaxDictionaryList?sort=id&order=asc&limit=10&offset=0

2017-10-09 00:18:22_0.63373200 1507479502 :/Standard/ajaxDictionaryChildList/id/1?sort=id&order=asc&limit=10&offset=0

2017-10-09 00:18:22_0.83760300 1507479502 :/favicon.ico

2017-10-09 00:18:23_0.37054200 1507479503 :/Standard/ajaxDictionaryGetMore

2017-10-09 00:18:27_0.96902600 1507479507 :/standard/dictionaries

2017-10-09 00:18:28_0.34041100 1507479508 :/Standard/ajaxDictionaryList?sort=id&order=asc&limit=10&offset=0

2017-10-09 00:18:28_0.50351400 1507479508 :/favicon.ico

2017-10-09 00:18:29_0.16075800 1507479509 :/standard/dictionaries

2017-10-09 00:18:29_0.46012600 1507479509 :/Standard/ajaxDictionaryList?sort=id&order=asc&limit=10&offset=0

2017-10-09 00:18:29_0.63780600 1507479509 :/favicon.ico

2017-10-09 00:18:29_0.96603900 1507479509 :/Standard/ajaxDictionaryChildList/id/1?sort=id&order=asc&limit=10&offset=0

2017-10-09 00:18:30_0.90154000 1507479510 :/Standard/ajaxDictionaryGetMore

2017-10-09 00:18:42_0.32846200 1507479522 :/standard/dictionaries

2017-10-09 00:18:42_0.64658100 1507479522 :/Standard/ajaxDictionaryList?sort=id&order=asc&limit=10&offset=0

2017-10-09 00:18:42_0.82941900 1507479522 :/favicon.ico

2017-10-09 00:18:43_0.07878500 1507479523 :/standard/dictionaries

2017-10-09 00:18:43_0.39926200 1507479523 :/Standard/ajaxDictionaryList?sort=id&order=asc&limit=10&offset=0

2017-10-09 00:18:43_0.58290900 1507479523 :/favicon.ico

2017-10-09 00:18:43_0.95127200 1507479523 :/Standard/ajaxDictionaryChildList/id/1?sort=id&order=asc&limit=10&offset=0

2017-10-09 00:18:45_0.07718300 1507479525 :/Standard/ajaxDictionaryGetMore

2017-10-09 00:18:45_0.76078700 1507479525 :/standard/dictionaries

2017-10-09 00:18:46_0.10145400 1507479526 :/Standard/ajaxDictionaryList?sort=id&order=asc&limit=10&offset=0

2017-10-09 00:18:46_0.28208300 1507479526 :/favicon.ico

2017-10-09 00:18:47_0.03246500 1507479527 :/Standard/ajaxDictionaryChildList/id/1?sort=id&order=asc&limit=10&offset=0

2017-10-09 00:18:47_0.80587300 1507479527 :/Standard/ajaxDictionaryGetMore

2017-10-09 00:19:16_0.58365100 1507479556 :/standard/dictionaries

2017-10-09 00:19:16_0.94922900 1507479556 :/Standard/ajaxDictionaryList?sort=id&order=asc&limit=10&offset=0

2017-10-09 00:19:17_0.14180200 1507479557 :/favicon.ico

2017-10-09 00:19:17_0.83914500 1507479557 :/standard/dictionaries

2017-10-09 00:19:18_0.20183700 1507479558 :/Standard/ajaxDictionaryList?sort=id&order=asc&limit=10&offset=0

2017-10-09 00:19:18_0.38970200 1507479558 :/favicon.ico

2017-10-09 00:19:18_0.74273600 1507479558 :/Standard/ajaxDictionaryChildList/id/1?sort=id&order=asc&limit=10&offset=0

2017-10-09 00:19:19_0.96118200 1507479559 :/Standard/ajaxDictionaryGetMore

2017-10-09 00:19:20_0.90266400 1507479560 :/standard/dictionaries

2017-10-09 00:19:21_0.19021400 1507479561 :/Standard/ajaxDictionaryList?sort=id&order=asc&limit=10&offset=0

2017-10-09 00:19:22_0.06942000 1507479562 :/favicon.ico

2017-10-09 00:19:22_0.49140500 1507479562 :/Standard/ajaxDictionaryChildList/id/1?sort=id&order=asc&limit=10&offset=0

2017-10-09 00:19:23_0.32141800 1507479563 :/Standard/ajaxDictionaryGetMore

2017-10-09 00:19:33_0.70229800 1507479573 :/standard/dictionaries

2017-10-09 00:19:34_0.06231500 1507479574 :/Standard/ajaxDictionaryList?sort=id&order=asc&limit=10&offset=0

2017-10-09 00:19:34_0.26070800 1507479574 :/favicon.ico

2017-10-09 00:19:35_0.55776200 1507479575 :/standard/dictionaries

2017-10-09 00:19:35_0.90911600 1507479575 :/Standard/ajaxDictionaryList?sort=id&order=asc&limit=10&offset=0

2017-10-09 00:19:36_0.09191200 1507479576 :/favicon.ico

2017-10-09 00:19:36_0.46080000 1507479576 :/Standard/ajaxDictionaryChildList/id/1?sort=id&order=asc&limit=10&offset=0

2017-10-09 00:19:37_0.42766600 1507479577 :/Standard/ajaxDictionaryGetMore

2017-10-09 00:19:38_0.53374600 1507479578 :/standard/dictionaries

2017-10-09 00:19:38_0.83341200 1507479578 :/Standard/ajaxDictionaryList?sort=id&order=asc&limit=10&offset=0

2017-10-09 00:19:39_0.57442100 1507479579 :/Standard/ajaxDictionaryChildList/id/1?sort=id&order=asc&limit=10&offset=0

2017-10-09 00:19:40_0.02013900 1507479580 :/favicon.ico

2017-10-09 00:19:40_0.31411400 1507479580 :/Standard/ajaxDictionaryGetMore

2017-10-09 00:19:59_0.67725800 1507479599 :/standard/dictionaries

2017-10-09 00:19:59_0.98565100 1507479599 :/Standard/ajaxDictionaryList?sort=id&order=asc&limit=10&offset=0

2017-10-09 00:20:00_0.16640000 1507479600 :/favicon.ico

2017-10-09 00:20:00_0.68751300 1507479600 :/standard/dictionaries

2017-10-09 00:20:00_0.99083600 1507479600 :/Standard/ajaxDictionaryList?sort=id&order=asc&limit=10&offset=0

2017-10-09 00:20:01_0.17431800 1507479601 :/favicon.ico

2017-10-09 00:20:01_0.97473700 1507479601 :/Standard/ajaxDictionaryChildList/id/1?sort=id&order=asc&limit=10&offset=0

2017-10-09 00:20:02_0.89979700 1507479602 :/Standard/ajaxDictionaryGetMore

2017-10-09 00:20:12_0.40583100 1507479612 :/standard/dictionaries

2017-10-09 00:20:12_0.72554100 1507479612 :/Standard/ajaxDictionaryList?sort=id&order=asc&limit=10&offset=0

2017-10-09 00:20:13_0.28618600 1507479613 :/standard/dictionaries

2017-10-09 00:20:13_0.66816300 1507479613 :/Standard/ajaxDictionaryList?sort=id&order=asc&limit=10&offset=0

2017-10-09 00:20:14_0.04983000 1507479614 :/favicon.ico

2017-10-09 00:20:14_0.35770200 1507479614 :/Standard/ajaxDictionaryChildList/id/1?sort=id&order=asc&limit=10&offset=0

2017-10-09 00:20:15_0.61398000 1507479615 :/standard/dictionaries

2017-10-09 00:20:15_0.91135400 1507479615 :/Standard/ajaxDictionaryList?sort=id&order=asc&limit=10&offset=0

2017-10-09 00:20:16_0.10095900 1507479616 :/favicon.ico

2017-10-09 00:20:16_0.53766500 1507479616 :/Standard/ajaxDictionaryChildList/id/1?sort=id&order=asc&limit=10&offset=0

2017-10-09 00:20:17_0.42994400 1507479617 :/Standard/ajaxDictionaryGetMore

2017-10-09 00:21:12_0.93612200 1507479672 :/standard/dictionaries

2017-10-09 00:21:13_0.26164400 1507479673 :/Standard/ajaxDictionaryList?sort=id&order=asc&limit=10&offset=0

2017-10-09 00:21:13_0.49516200 1507479673 :/favicon.ico

2017-10-09 00:21:14_0.01116600 1507479674 :/standard/dictionaries

2017-10-09 00:21:14_0.33745500 1507479674 :/Standard/ajaxDictionaryList?sort=id&order=asc&limit=10&offset=0

2017-10-09 00:21:14_0.53261500 1507479674 :/favicon.ico

2017-10-09 00:21:16_0.24873200 1507479676 :/Standard/ajaxDictionaryChildList/id/1?sort=id&order=asc&limit=10&offset=0

2017-10-09 00:21:17_0.20006200 1507479677 :/Standard/ajaxDictionaryGetMore

2017-10-09 00:21:19_0.57864400 1507479679 :/standard/dictionaries

2017-10-09 00:21:19_0.91775000 1507479679 :/Standard/ajaxDictionaryList?sort=id&order=asc&limit=10&offset=0

2017-10-09 00:21:20_0.60285400 1507479680 :/favicon.ico

2017-10-09 00:21:21_0.02564900 1507479681 :/Standard/ajaxDictionaryChildList/id/1?sort=id&order=asc&limit=10&offset=0

2017-10-09 00:21:21_0.74999900 1507479681 :/Standard/ajaxDictionaryGetMore

2017-10-09 00:21:58_0.94776100 1507479718 :/standard/dictionaries

2017-10-09 00:21:59_0.27598000 1507479719 :/Standard/ajaxDictionaryList?sort=id&order=asc&limit=10&offset=0

2017-10-09 00:21:59_0.46313900 1507479719 :/favicon.ico

2017-10-09 00:21:59_0.95878300 1507479719 :/standard/dictionaries

2017-10-09 00:22:00_0.32569700 1507479720 :/Standard/ajaxDictionaryList?sort=id&order=asc&limit=10&offset=0

2017-10-09 00:22:00_0.51659500 1507479720 :/favicon.ico

2017-10-09 00:22:01_0.33559000 1507479721 :/Standard/ajaxDictionaryChildList/id/1?sort=id&order=asc&limit=10&offset=0

2017-10-09 00:22:02_0.58592100 1507479722 :/Standard/ajaxDictionaryGetMore

2017-10-09 00:22:04_0.64964600 1507479724 :/standard/dictionaries

2017-10-09 00:22:04_0.95029000 1507479724 :/Standard/ajaxDictionaryList?sort=id&order=asc&limit=10&offset=0

2017-10-09 00:22:05_0.13684400 1507479725 :/favicon.ico

2017-10-09 00:22:05_0.77472700 1507479725 :/Standard/ajaxDictionaryChildList/id/1?sort=id&order=asc&limit=10&offset=0

2017-10-09 00:22:06_0.73623900 1507479726 :/Standard/ajaxDictionaryGetMore

2017-10-09 00:23:15_0.00754100 1507479795 :/standard/dictionaries

2017-10-09 00:23:15_0.32777500 1507479795 :/Standard/ajaxDictionaryList?sort=id&order=asc&limit=10&offset=0

2017-10-09 00:23:15_0.50924400 1507479795 :/favicon.ico

2017-10-09 00:23:16_0.24411600 1507479796 :/standard/dictionaries

2017-10-09 00:23:16_0.56461200 1507479796 :/Standard/ajaxDictionaryList?sort=id&order=asc&limit=10&offset=0

2017-10-09 00:23:16_0.76200600 1507479796 :/favicon.ico

2017-10-09 00:23:17_0.63451800 1507479797 :/Standard/ajaxDictionaryChildList/id/1?sort=id&order=asc&limit=10&offset=0

2017-10-09 00:23:18_0.88011400 1507479798 :/Standard/ajaxDictionaryGetMore

2017-10-09 00:23:20_0.51334300 1507479800 :/standard/dictionaries

2017-10-09 00:23:20_0.86106400 1507479800 :/Standard/ajaxDictionaryList?sort=id&order=asc&limit=10&offset=0

2017-10-09 00:23:21_0.05039900 1507479801 :/favicon.ico

2017-10-09 00:23:21_0.73681400 1507479801 :/Standard/ajaxDictionaryChildList/id/1?sort=id&order=asc&limit=10&offset=0

2017-10-09 00:23:22_0.87138200 1507479802 :/Standard/ajaxDictionaryGetMore

2017-10-09 00:23:25_0.60013200 1507479805 :/standard/dictionaries

2017-10-09 00:23:25_0.99287100 1507479805 :/Standard/ajaxDictionaryList?sort=id&order=asc&limit=10&offset=0

2017-10-09 00:23:26_0.19598700 1507479806 :/favicon.ico

2017-10-09 00:23:26_0.95278700 1507479806 :/Standard/ajaxDictionaryChildList/id/1?sort=id&order=asc&limit=10&offset=0

2017-10-09 00:23:27_0.84532500 1507479807 :/Standard/ajaxDictionaryGetMore

2017-10-09 00:23:49_0.48741400 1507479829 :/standard/dictionaries

2017-10-09 00:23:49_0.85553300 1507479829 :/Standard/ajaxDictionaryList?sort=id&order=asc&limit=10&offset=0

2017-10-09 00:23:50_0.04759900 1507479830 :/favicon.ico

2017-10-09 00:23:50_0.43644200 1507479830 :/standard/dictionaries

2017-10-09 00:23:50_0.75007200 1507479830 :/Standard/ajaxDictionaryList?sort=id&order=asc&limit=10&offset=0

2017-10-09 00:23:50_0.93633600 1507479830 :/favicon.ico

2017-10-09 00:23:52_0.64863900 1507479832 :/Standard/ajaxDictionaryChildList/id/1?sort=id&order=asc&limit=10&offset=0

2017-10-09 00:23:53_0.78367200 1507479833 :/Standard/ajaxDictionaryGetMore

2017-10-09 00:23:55_0.76906400 1507479835 :/standard/dictionaries

2017-10-09 00:23:56_0.06691800 1507479836 :/Standard/ajaxDictionaryList?sort=id&order=asc&limit=10&offset=0

2017-10-09 00:23:56_0.25894400 1507479836 :/favicon.ico

2017-10-09 00:23:56_0.67100500 1507479836 :/standard/dictionaries

2017-10-09 00:23:56_0.96345100 1507479836 :/Standard/ajaxDictionaryList?sort=id&order=asc&limit=10&offset=0

2017-10-09 00:23:57_0.14686600 1507479837 :/favicon.ico

2017-10-09 00:23:57_0.49864800 1507479837 :/Standard/ajaxDictionaryChildList/id/1?sort=id&order=asc&limit=10&offset=0

2017-10-09 00:23:58_0.53748000 1507479838 :/Standard/ajaxDictionaryGetMore

2017-10-09 00:24:14_0.40015100 1507479854 :/standard/dictionaries

2017-10-09 00:24:14_0.77542000 1507479854 :/Standard/ajaxDictionaryList?sort=id&order=asc&limit=10&offset=0

2017-10-09 00:24:14_0.95974400 1507479854 :/favicon.ico

2017-10-09 00:24:15_0.39843800 1507479855 :/standard/dictionaries

2017-10-09 00:24:15_0.76758000 1507479855 :/Standard/ajaxDictionaryList?sort=id&order=asc&limit=10&offset=0

2017-10-09 00:24:15_0.95808100 1507479855 :/favicon.ico

2017-10-09 00:24:16_0.53115600 1507479856 :/Standard/ajaxDictionaryChildList/id/1?sort=id&order=asc&limit=10&offset=0

2017-10-09 00:24:17_0.44647400 1507479857 :/Standard/ajaxDictionaryGetMore

2017-10-09 00:24:20_0.59199500 1507479860 :/standard/dictionaries

2017-10-09 00:24:20_0.93088200 1507479860 :/Standard/ajaxDictionaryList?sort=id&order=asc&limit=10&offset=0

2017-10-09 00:24:21_0.11987800 1507479861 :/favicon.ico

2017-10-09 00:24:21_0.69998800 1507479861 :/Standard/ajaxDictionaryChildList/id/1?sort=id&order=asc&limit=10&offset=0

2017-10-09 00:24:22_0.88305400 1507479862 :/Standard/ajaxDictionaryGetMore

2017-10-09 00:24:31_0.64438200 1507479871 :/standard/dictionaries

2017-10-09 00:24:31_0.97821300 1507479871 :/Standard/ajaxDictionaryList?sort=id&order=asc&limit=10&offset=0

2017-10-09 00:24:32_0.17001500 1507479872 :/favicon.ico

2017-10-09 00:24:32_0.72534000 1507479872 :/standard/dictionaries

2017-10-09 00:24:33_0.04728900 1507479873 :/Standard/ajaxDictionaryList?sort=id&order=asc&limit=10&offset=0

2017-10-09 00:24:33_0.23575300 1507479873 :/favicon.ico

2017-10-09 00:24:34_0.00506500 1507479874 :/Standard/ajaxDictionaryChildList/id/1?sort=id&order=asc&limit=10&offset=0

2017-10-09 00:24:35_0.00390200 1507479875 :/Standard/ajaxDictionaryGetMore

2017-10-09 00:24:36_0.50599100 1507479876 :/standard/dictionaries

2017-10-09 00:24:36_0.80642500 1507479876 :/Standard/ajaxDictionaryList?sort=id&order=asc&limit=10&offset=0

2017-10-09 00:24:37_0.00137000 1507479877 :/favicon.ico

2017-10-09 00:24:37_0.63686300 1507479877 :/Standard/ajaxDictionaryChildList/id/1?sort=id&order=asc&limit=10&offset=0

2017-10-09 00:24:38_0.61670400 1507479878 :/Standard/ajaxDictionaryGetMore

2017-10-09 00:27:13_0.83395200 1507480033 :/standard/dictionaries

2017-10-09 00:27:14_0.16561200 1507480034 :/Standard/ajaxDictionaryList?sort=id&order=asc&limit=10&offset=0

2017-10-09 00:27:14_0.35307600 1507480034 :/favicon.ico

2017-10-09 00:27:15_0.14520500 1507480035 :/standard/dictionaries

2017-10-09 00:27:15_0.44931900 1507480035 :/Standard/ajaxDictionaryList?sort=id&order=asc&limit=10&offset=0

2017-10-09 00:27:16_0.18548600 1507480036 :/Standard/ajaxDictionaryChildList/id/1?sort=id&order=asc&limit=10&offset=0

2017-10-09 00:27:16_0.47622800 1507480036 :/favicon.ico

2017-10-09 00:27:17_0.08128200 1507480037 :/Standard/ajaxDictionaryGetMore

2017-10-09 00:27:23_0.53756000 1507480043 :/standard/dictionaries

2017-10-09 00:27:23_0.92389900 1507480043 :/Standard/ajaxDictionaryList?sort=id&order=asc&limit=10&offset=0

2017-10-09 00:27:24_0.97811000 1507480044 :/Standard/ajaxDictionaryChildList/id/1?sort=id&order=asc&limit=10&offset=0

2017-10-09 00:27:25_0.01242200 1507480045 :/favicon.ico

2017-10-09 00:27:25_0.73471300 1507480045 :/Standard/ajaxDictionaryGetMore

2017-10-09 00:28:18_0.40015000 1507480098 :/standard/dictionaries

2017-10-09 00:28:18_0.76822300 1507480098 :/Standard/ajaxDictionaryList?sort=id&order=asc&limit=10&offset=0

2017-10-09 00:28:18_0.96066800 1507480098 :/favicon.ico

2017-10-09 00:28:19_0.45258200 1507480099 :/standard/dictionaries

2017-10-09 00:28:19_0.77780100 1507480099 :/Standard/ajaxDictionaryList?sort=id&order=asc&limit=10&offset=0

2017-10-09 00:28:19_0.98164200 1507480099 :/favicon.ico

2017-10-09 00:28:20_0.48456100 1507480100 :/Standard/ajaxDictionaryChildList/id/1?sort=id&order=asc&limit=10&offset=0

2017-10-09 00:28:22_0.05782300 1507480102 :/Standard/ajaxDictionaryGetMore

2017-10-09 00:28:23_0.12690600 1507480103 :/standard/dictionaries

2017-10-09 00:28:23_0.41471500 1507480103 :/Standard/ajaxDictionaryList?sort=id&order=asc&limit=10&offset=0

2017-10-09 00:28:24_0.16766900 1507480104 :/favicon.ico

2017-10-09 00:28:24_0.37258100 1507480104 :/Standard/ajaxDictionaryChildList/id/1?sort=id&order=asc&limit=10&offset=0

2017-10-09 00:28:25_0.12365300 1507480105 :/Standard/ajaxDictionaryGetMore

2017-10-09 00:28:26_0.39945200 1507480106 :/standard/dictionaries

2017-10-09 00:28:26_0.68948200 1507480106 :/Standard/ajaxDictionaryList?sort=id&order=asc&limit=10&offset=0

2017-10-09 00:28:26_0.88278500 1507480106 :/favicon.ico

2017-10-09 00:28:27_0.59388000 1507480107 :/Standard/ajaxDictionaryChildList/id/1?sort=id&order=asc&limit=10&offset=0

2017-10-09 00:28:28_0.46791900 1507480108 :/Standard/ajaxDictionaryGetMore

2017-10-09 00:30:37_0.02644600 1507480237 :/standard/dictionaries

2017-10-09 00:30:37_0.33727700 1507480237 :/Standard/ajaxDictionaryList?sort=id&order=asc&limit=10&offset=0

2017-10-09 00:30:37_0.52101600 1507480237 :/favicon.ico

2017-10-09 00:30:40_0.09647600 1507480240 :/standard/dictionaries

2017-10-09 00:30:40_0.54856900 1507480240 :/Standard/ajaxDictionaryList?sort=id&order=asc&limit=10&offset=0

2017-10-09 00:30:41_0.14304400 1507480241 :/favicon.ico

2017-10-09 00:30:41_0.70116600 1507480241 :/standard/dictionaries

2017-10-09 00:30:42_0.04091400 1507480242 :/Standard/ajaxDictionaryList?sort=id&order=asc&limit=10&offset=0

2017-10-09 00:30:42_0.22691000 1507480242 :/favicon.ico

2017-10-09 00:30:43_0.14218100 1507480243 :/Standard/ajaxDictionaryChildList/id/1?sort=id&order=asc&limit=10&offset=0

2017-10-09 00:30:47_0.34460500 1507480247 :/Standard/ajaxDictionaryGetMore

2017-10-09 00:30:54_0.50253900 1507480254 :/abnormal/piping

2017-10-09 00:30:54_0.84763300 1507480254 :/Abnormal/ajaxPipingList?sort=id&order=desc&limit=10&offset=0

2017-10-09 00:30:55_0.13560400 1507480255 :/favicon.ico

2017-10-09 00:31:01_0.80432700 1507480261 :/standard/dictionaries

2017-10-09 00:31:02_0.10936000 1507480262 :/Standard/ajaxDictionaryList?sort=id&order=asc&limit=10&offset=0

2017-10-09 00:31:02_0.29672700 1507480262 :/favicon.ico

2017-10-09 00:31:03_0.46730900 1507480263 :/Standard/ajaxDictionaryChildList/id/1?sort=id&order=asc&limit=10&offset=0

2017-10-09 00:31:04_0.91661600 1507480264 :/Standard/ajaxDictionaryGetMore

2017-10-09 00:34:26_0.90548700 1507480466 :/standard/dictionaries

2017-10-09 00:34:27_0.24626700 1507480467 :/Standard/ajaxDictionaryList?sort=id&order=asc&limit=10&offset=0

2017-10-09 00:34:27_0.43272600 1507480467 :/favicon.ico

2017-10-09 00:34:28_0.07597200 1507480468 :/standard/dictionaries

2017-10-09 00:34:28_0.40779500 1507480468 :/Standard/ajaxDictionaryList?sort=id&order=asc&limit=10&offset=0

2017-10-09 00:34:29_0.23214400 1507480469 :/favicon.ico

2017-10-09 00:34:31_0.85025300 1507480471 :/Standard/ajaxDictionaryChildList/id/1?sort=id&order=asc&limit=10&offset=0

2017-10-09 00:34:33_0.34288100 1507480473 :/Standard/ajaxDictionaryGetMore

2017-10-09 00:34:40_0.24456400 1507480480 :/standard/dictionaries

2017-10-09 00:34:40_0.60743100 1507480480 :/Standard/ajaxDictionaryList?sort=id&order=asc&limit=10&offset=0

2017-10-09 00:34:40_0.79636000 1507480480 :/favicon.ico

2017-10-09 00:34:43_0.42666400 1507480483 :/Standard/ajaxDictionaryChildList/id/1?sort=id&order=asc&limit=10&offset=0

2017-10-09 00:34:44_0.57894200 1507480484 :/Standard/ajaxDictionaryGetMore

2017-10-09 00:36:53_0.89561000 1507480613 :/standard/dictionaries

2017-10-09 00:36:54_0.28183300 1507480614 :/Standard/ajaxDictionaryList?sort=id&order=asc&limit=10&offset=0

2017-10-09 00:36:54_0.48143200 1507480614 :/favicon.ico

2017-10-09 00:36:54_0.69217400 1507480614 :/standard/dictionaries

2017-10-09 00:36:55_0.06662800 1507480615 :/Standard/ajaxDictionaryList?sort=id&order=asc&limit=10&offset=0

2017-10-09 00:36:55_0.26701800 1507480615 :/favicon.ico

2017-10-09 00:36:56_0.72431000 1507480616 :/standard/dictionaries

2017-10-09 00:36:57_0.01760100 1507480617 :/Standard/ajaxDictionaryList?sort=id&order=asc&limit=10&offset=0

2017-10-09 00:36:57_0.26812600 1507480617 :/favicon.ico

2017-10-09 00:36:57_0.63127300 1507480617 :/Standard/ajaxDictionaryChildList/id/1?sort=id&order=asc&limit=10&offset=0

2017-10-09 00:36:58_0.79955400 1507480618 :/Standard/ajaxDictionaryGetMore

2017-10-09 00:41:56_0.44763700 1507480916 :/standard/dictionaries

2017-10-09 00:41:56_0.76777400 1507480916 :/Standard/ajaxDictionaryList?sort=id&order=asc&limit=10&offset=0

2017-10-09 00:41:57_0.58900900 1507480917 :/standard/dictionaries

2017-10-09 00:41:57_0.91116200 1507480917 :/Standard/ajaxDictionaryList?sort=id&order=asc&limit=10&offset=0

2017-10-09 00:41:58_0.61318300 1507480918 :/Standard/ajaxDictionaryChildList/id/1?sort=id&order=asc&limit=10&offset=0

2017-10-09 00:41:59_0.02262000 1507480919 :/favicon.ico

2017-10-09 00:41:59_0.98494700 1507480919 :/standard/dictionaries

2017-10-09 00:42:00_0.32917800 1507480920 :/Standard/ajaxDictionaryList?sort=id&order=asc&limit=10&offset=0

2017-10-09 00:42:00_0.52214100 1507480920 :/favicon.ico

2017-10-09 00:42:02_0.89739700 1507480922 :/Standard/ajaxDictionaryChildList/id/1?sort=id&order=asc&limit=10&offset=0

2017-10-09 00:42:04_0.14840600 1507480924 :/Standard/ajaxDictionaryGetMore

2017-10-09 00:42:13_0.65091400 1507480933 :/Standard/ajaxDictionaryMoreAddUpdate

2017-10-09 00:58:17_0.77961200 1507481897 :/Standard/ajaxDictionaryMoreAddUpdate

2017-10-09 00:58:43_0.38692100 1507481923 :/Standard/ajaxDictionaryGetMore

2017-10-09 00:58:48_0.09522000 1507481928 :/Standard/ajaxDictionaryMoreAddUpdate

2017-10-09 00:58:54_0.54564800 1507481934 :/Standard/ajaxDictionaryMoreAddUpdate

2017-10-09 00:59:19_0.28699600 1507481959 :/Standard/ajaxDictionaryMoreAddUpdate

2017-10-09 01:01:14_0.80807700 1507482074 :/Standard/ajaxDictionaryMoreAddUpdate

2017-10-09 01:01:49_0.50934500 1507482109 :/Standard/ajaxDictionaryMoreAddUpdate

2017-10-09 01:03:16_0.88480000 1507482196 :/Standard/ajaxDictionaryMoreAddUpdate

2017-10-09 01:04:22_0.04961100 1507482262 :/standard/dictionaries

2017-10-09 01:04:22_0.38675400 1507482262 :/Standard/ajaxDictionaryList?sort=id&order=asc&limit=10&offset=0

2017-10-09 01:04:22_0.57332500 1507482262 :/favicon.ico

2017-10-09 01:04:24_0.54298500 1507482264 :/Standard/ajaxDictionaryChildList/id/1?sort=id&order=asc&limit=10&offset=0

2017-10-09 01:04:26_0.86436100 1507482266 :/Standard/ajaxDictionaryGetMore

2017-10-09 01:04:34_0.87695700 1507482274 :/Standard/ajaxDictionaryMoreAddUpdate

2017-10-09 01:17:22_0.54204900 1507483042 :/Standard/ajaxDictionaryMoreAddUpdate

2017-10-09 01:18:13_0.01824000 1507483093 :/Standard/ajaxDictionaryMoreAddUpdate

2017-10-09 01:18:14_0.45431200 1507483094 :/Standard/ajaxDictionaryChildList/id/1?sort=id&order=asc&limit=10&offset=0

