2017-10-12 00:00:28_0.52202200 1507737628 :/Standard/ajaxUploadData

2017-10-12 00:00:30_0.66861500 1507737630 :/standard/list_data

2017-10-12 00:00:31_0.02436100 1507737631 :/Standard/ajaxImportDataList?sort=id&order=asc&limit=10&offset=0

2017-10-12 00:00:31_0.21760600 1507737631 :/favicon.ico

2017-10-12 00:00:33_0.41904000 1507737633 :/Standard/ajaxImportDataList?sort=id&order=asc&limit=10&offset=0&report_time=2017-09

2017-10-12 00:01:06_0.52437900 1507737666 :/standard/list_data

2017-10-12 00:01:06_0.82143100 1507737666 :/Standard/ajaxImportDataList?sort=id&order=asc&limit=10&offset=0

2017-10-12 00:01:07_0.02062700 1507737667 :/favicon.ico

2017-10-12 00:01:18_0.55753200 1507737678 :/Standard/ajaxImportDataList?sort=id&order=asc&limit=10&offset=0&report_time=2017-09

2017-10-12 00:18:41_0.36853400 1507738721 :/standard/list_data

2017-10-12 00:18:41_0.66761100 1507738721 :/Standard/ajaxImportDataList?sort=id&order=asc&limit=10&offset=0

2017-10-12 00:18:41_0.95476700 1507738721 :/favicon.ico

2017-10-12 00:19:38_0.37193500 1507738778 :/Standard/ajaxImportDataList?sort=id&order=asc&limit=10&offset=0&report_time=2017-09

2017-10-12 00:20:38_0.99839800 1507738838 :/standard/list_data

2017-10-12 00:20:39_0.30910800 1507738839 :/Standard/ajaxImportDataList?sort=id&order=asc&limit=10&offset=0

2017-10-12 00:20:39_0.50814100 1507738839 :/favicon.ico

2017-10-12 00:20:42_0.44255100 1507738842 :/Standard/ajaxImportDataList?sort=id&order=asc&limit=10&offset=0&report_time=2017-09

2017-10-12 00:22:17_0.58869200 1507738937 :/standard/list_data

2017-10-12 00:22:17_0.90943700 1507738937 :/Standard/ajaxImportDataList?sort=id&order=asc&limit=10&offset=0

2017-10-12 00:22:18_0.09536600 1507738938 :/favicon.ico

2017-10-12 00:22:20_0.36949600 1507738940 :/Standard/ajaxImportDataList?sort=id&order=asc&limit=10&offset=0&report_time=2017-10

2017-10-12 00:22:22_0.05696700 1507738942 :/Standard/ajaxImportDataList?sort=id&order=asc&limit=10&offset=0&report_time=2017-09

2017-10-12 00:24:03_0.02574800 1507739043 :/standard/list_data

2017-10-12 00:24:03_0.33490200 1507739043 :/Standard/ajaxImportDataList?sort=id&order=asc&limit=10&offset=0

2017-10-12 00:24:03_0.52109500 1507739043 :/favicon.ico

2017-10-12 00:24:05_0.06904000 1507739045 :/Standard/ajaxImportDataList?sort=id&order=asc&limit=10&offset=0&report_time=2017-09

2017-10-12 00:27:16_0.54023900 1507739236 :/standard/list_data

2017-10-12 00:27:16_0.84802400 1507739236 :/Standard/ajaxImportDataList?sort=id&order=asc&limit=10&offset=0

2017-10-12 00:27:17_0.03201000 1507739237 :/favicon.ico

2017-10-12 00:27:18_0.82514500 1507739238 :/standard/list_data

2017-10-12 00:27:19_0.16166400 1507739239 :/Standard/ajaxImportDataList?sort=id&order=asc&limit=10&offset=0

2017-10-12 00:27:19_0.36603200 1507739239 :/favicon.ico

2017-10-12 00:28:00_0.34104900 1507739280 :/Standard/ajaxImportDataList?sort=id&order=asc&limit=10&offset=0&report_time=2017-09

2017-10-12 00:29:09_0.66387000 1507739349 :/standard/list_data

2017-10-12 00:29:09_0.96805200 1507739349 :/Standard/ajaxImportDataList?sort=id&order=asc&limit=10&offset=0

2017-10-12 00:29:10_0.16539000 1507739350 :/favicon.ico

2017-10-12 00:29:11_0.80509200 1507739351 :/Standard/ajaxImportDataList?sort=id&order=asc&limit=10&offset=0&report_time=2017-09

2017-10-12 00:30:02_0.27485400 1507739402 :/Standard/ajaxImportDataList?sort=id&order=asc&limit=10&offset=0&report_time=2017-10

2017-10-12 00:30:04_0.14587800 1507739404 :/Standard/ajaxImportDataList?sort=id&order=asc&limit=10&offset=0&report_time=2017-09

2017-10-12 00:31:26_0.46862600 1507739486 :/standard/list_data

2017-10-12 00:31:26_0.77011500 1507739486 :/Standard/ajaxImportDataList?sort=id&order=asc&limit=10&offset=0

2017-10-12 00:31:26_0.95399000 1507739486 :/favicon.ico

2017-10-12 00:31:28_0.49607000 1507739488 :/Standard/ajaxImportDataList?sort=id&order=asc&limit=10&offset=0&report_time=2017-09

2017-10-12 00:31:44_0.22906400 1507739504 :/Standard/ajaxImportDataList?sort=id&order=asc&limit=10&offset=0&report_time=2017-09

2017-10-12 00:32:14_0.33977000 1507739534 :/standard/list_data

2017-10-12 00:32:14_0.65357200 1507739534 :/Standard/ajaxImportDataList?sort=id&order=asc&limit=10&offset=0

2017-10-12 00:32:14_0.85470400 1507739534 :/favicon.ico

2017-10-12 00:32:16_0.08405000 1507739536 :/Standard/ajaxImportDataList?sort=id&order=asc&limit=10&offset=0&report_time=2017-09

2017-10-12 00:32:51_0.03855800 1507739571 :/Standard/ajaxImportDataList?sort=id&order=asc&limit=10&offset=0&report_time=2017-09

2017-10-12 00:32:53_0.90259000 1507739573 :/Standard/ajaxImportDataList?sort=id&order=asc&limit=10&offset=0&report_time=2017-09

2017-10-12 00:33:30_0.54603300 1507739610 :/standard/list_data

2017-10-12 00:33:30_0.86575500 1507739610 :/Standard/ajaxImportDataList?sort=id&order=asc&limit=10&offset=0

2017-10-12 00:33:31_0.06439500 1507739611 :/favicon.ico

2017-10-12 00:33:32_0.49423600 1507739612 :/Standard/ajaxImportDataList?sort=id&order=asc&limit=10&offset=0&report_time=2017-09

2017-10-12 00:36:00_0.45713700 1507739760 :/Standard/ajaxImportDataList?sort=id&order=asc&limit=10&offset=0&report_time=2017-09

2017-10-12 00:36:02_0.04468200 1507739762 :/Standard/ajaxImportDataList?sort=id&order=asc&limit=10&offset=0&report_time=2017-09

2017-10-12 00:37:50_0.19230400 1507739870 :/Standard/ajaxImportDataList?sort=id&order=asc&limit=10&offset=0&report_time=2017-09

2017-10-12 00:37:51_0.77127200 1507739871 :/Standard/ajaxImportDataList?sort=id&order=asc&limit=10&offset=0&report_time=2017-09

2017-10-12 00:38:41_0.89782800 1507739921 :/Standard/ajaxImportDataList?sort=id&order=asc&limit=10&offset=0&report_time=2017-09

2017-10-12 00:38:44_0.43684700 1507739924 :/Standard/ajaxImportDataList?sort=id&order=asc&limit=10&offset=0&report_time=2017-10

2017-10-12 00:38:46_0.13383100 1507739926 :/Standard/ajaxImportDataList?sort=id&order=asc&limit=10&offset=0&report_time=2017-09

2017-10-12 00:38:48_0.04929400 1507739928 :/Standard/ajaxImportDataList?sort=id&order=asc&limit=10&offset=0&report_time=2017-01

2017-10-12 00:38:49_0.36547400 1507739929 :/Standard/ajaxImportDataList?sort=id&order=asc&limit=10&offset=0&report_time=2017-10

2017-10-12 00:38:56_0.01945500 1507739936 :/Standard/ajaxImportDataList?sort=id&order=asc&limit=10&offset=0&report_time=2017-09

2017-10-12 00:38:57_0.55330300 1507739937 :/Standard/ajaxImportDataList?sort=id&order=asc&limit=10&offset=0&report_time=2017-10

2017-10-12 00:39:00_0.09779000 1507739940 :/Standard/ajaxImportDataList?sort=id&order=asc&limit=10&offset=0&report_time=2017-10

2017-10-12 00:39:01_0.05388000 1507739941 :/standard/list_data

2017-10-12 00:39:01_0.36767500 1507739941 :/Standard/ajaxImportDataList?sort=id&order=asc&limit=10&offset=0

2017-10-12 00:39:01_0.55301400 1507739941 :/favicon.ico

2017-10-12 00:39:22_0.97364500 1507739962 :/standard/list_data

2017-10-12 00:39:23_0.28582000 1507739963 :/Standard/ajaxImportDataList?sort=id&order=asc&limit=10&offset=0

2017-10-12 00:39:23_0.48610600 1507739963 :/favicon.ico

2017-10-12 00:42:35_0.03162400 1507740155 :/standard/list_data

2017-10-12 00:42:35_0.34462600 1507740155 :/Standard/ajaxImportDataList?sort=id&order=asc&limit=10&offset=0

2017-10-12 00:42:35_0.54472500 1507740155 :/favicon.ico

2017-10-12 00:42:46_0.38358000 1507740166 :/Standard/ajaxImportDataList?sort=id&order=asc&limit=10&offset=0&report_time=2017-09

2017-10-12 00:42:50_0.99858700 1507740170 :/Standard/ajaxImportDataList?sort=id&order=asc&limit=10&offset=0&report_time=2017-10

2017-10-12 00:42:53_0.05009800 1507740173 :/Standard/ajaxImportDataList?sort=id&order=asc&limit=10&offset=0&report_time=2017-09

2017-10-12 00:42:54_0.51009300 1507740174 :/Standard/ajaxImportDataList?sort=id&order=asc&limit=10&offset=0&report_time=2017-10

2017-10-12 00:42:57_0.20722700 1507740177 :/Standard/ajaxImportDataList?sort=id&order=asc&limit=10&offset=0&report_time=2017-09

2017-10-12 00:43:18_0.20041500 1507740198 :/Standard/ajaxImportDataList?sort=id&order=asc&limit=10&offset=0&report_time=2017-09

2017-10-12 00:43:19_0.64626900 1507740199 :/Standard/ajaxImportDataList?sort=id&order=asc&limit=10&offset=0&report_time=2017-10

2017-10-12 00:43:21_0.13543400 1507740201 :/Standard/ajaxImportDataList?sort=id&order=asc&limit=10&offset=0&report_time=2017-09

2017-10-12 00:43:23_0.15563700 1507740203 :/Standard/ajaxImportDataList?sort=id&order=asc&limit=10&offset=0&report_time=2017-11

2017-10-12 00:43:24_0.86243600 1507740204 :/Standard/ajaxImportDataList?sort=id&order=asc&limit=10&offset=0&report_time=2017-09

2017-10-12 00:43:42_0.19110700 1507740222 :/standard/list_data

2017-10-12 00:43:42_0.50036600 1507740222 :/Standard/ajaxImportDataList?sort=id&order=asc&limit=10&offset=0

2017-10-12 00:43:42_0.76008000 1507740222 :/favicon.ico

2017-10-12 00:44:44_0.20847700 1507740284 :/standard/list_data

2017-10-12 00:44:44_0.52340400 1507740284 :/Standard/ajaxImportDataList?sort=id&order=asc&limit=10&offset=0

2017-10-12 00:44:44_0.71401800 1507740284 :/favicon.ico

2017-10-12 00:44:55_0.45334000 1507740295 :/Standard/ajaxImportDataList?sort=id&order=asc&limit=10&offset=0&report_time=2017-09

2017-10-12 00:44:57_0.28919700 1507740297 :/Standard/ajaxImportDataList?sort=id&order=asc&limit=10&offset=0&report_time=2017-11

2017-10-12 00:44:58_0.70629000 1507740298 :/Standard/ajaxImportDataList?sort=id&order=asc&limit=10&offset=0&report_time=2017-09

2017-10-12 00:45:00_0.11748800 1507740300 :/Standard/ajaxImportDataList?sort=id&order=asc&limit=10&offset=0&report_time=2017-10

2017-10-12 00:45:58_0.61402500 1507740358 :/standard/list_data

2017-10-12 00:45:58_0.94112400 1507740358 :/Standard/ajaxImportDataList?sort=id&order=asc&limit=10&offset=0

2017-10-12 00:45:59_0.12683700 1507740359 :/favicon.ico

2017-10-12 00:46:23_0.59413500 1507740383 :/Standard/ajaxImportDataList?sort=id&order=asc&limit=10&offset=0&report_time=2017-09

2017-10-12 00:57:15_0.06427700 1507741035 :/standard/list_data

2017-10-12 00:57:15_0.38409000 1507741035 :/Standard/ajaxImportDataList?sort=id&order=asc&limit=10&offset=0

2017-10-12 00:57:15_0.58112600 1507741035 :/favicon.ico

2017-10-12 00:57:16_0.80993500 1507741036 :/standard/list_data

2017-10-12 00:57:17_0.10994000 1507741037 :/Standard/ajaxImportDataList?sort=id&order=asc&limit=10&offset=0

2017-10-12 00:57:17_0.29756800 1507741037 :/favicon.ico

2017-10-12 00:57:18_0.21148000 1507741038 :/standard/list_data

2017-10-12 00:57:18_0.51287500 1507741038 :/Standard/ajaxImportDataList?sort=id&order=asc&limit=10&offset=0

2017-10-12 00:57:18_0.70398900 1507741038 :/favicon.ico

2017-10-12 00:57:32_0.78959300 1507741052 :/standard/list_data

2017-10-12 00:57:33_0.10439100 1507741053 :/Standard/ajaxImportDataList?sort=id&order=asc&limit=10&offset=0

2017-10-12 00:57:33_0.30312400 1507741053 :/favicon.ico

2017-10-12 00:57:43_0.51144300 1507741063 :/standard/list_data

2017-10-12 00:57:43_0.83144800 1507741063 :/Standard/ajaxImportDataList?sort=id&order=asc&limit=10&offset=0

2017-10-12 00:57:44_0.02348200 1507741064 :/favicon.ico

2017-10-12 00:58:21_0.12017200 1507741101 :/standard/list_data

2017-10-12 00:58:21_0.42740300 1507741101 :/Standard/ajaxImportDataList?sort=id&order=asc&limit=10&offset=0

2017-10-12 00:58:21_0.62959000 1507741101 :/favicon.ico

2017-10-12 01:18:06_0.85682400 1507742286 :/standard/list_data

2017-10-12 01:18:07_0.19084000 1507742287 :/Standard/ajaxImportDataList?sort=id&order=asc&limit=10&offset=0

2017-10-12 01:18:07_0.39101100 1507742287 :/favicon.ico

2017-10-12 01:18:15_0.48717100 1507742295 :/standard/list_data

2017-10-12 01:18:15_0.79677600 1507742295 :/Standard/ajaxImportDataList?sort=id&order=asc&limit=10&offset=0

2017-10-12 01:18:15_0.98555600 1507742295 :/favicon.ico

2017-10-12 01:18:31_0.35891300 1507742311 :/Standard/ajaxImportDataList?sort=id&order=asc&limit=10&offset=0

2017-10-12 01:18:31_0.64766300 1507742311 :/favicon.ico

2017-10-12 01:20:54_0.77302200 1507742454 :/Standard/ajaxImportDataList?sort=id&order=asc&limit=10&offset=0

2017-10-12 01:20:54_0.99911900 1507742454 :/favicon.ico

2017-10-12 01:22:47_0.00189100 1507742567 :/Standard/ajaxImportDataList?sort=id&order=asc&limit=10&offset=0

2017-10-12 01:22:47_0.07912300 1507742567 :/favicon.ico

2017-10-12 01:23:11_0.33931500 1507742591 :/Standard/ajaxImportDataList?sort=id&order=asc&limit=10&offset=0

2017-10-12 01:23:11_0.49667000 1507742591 :/favicon.ico

2017-10-12 01:30:48_0.88961300 1507743048 :/Standard/ajaxImportDataList?sort=id&order=asc&limit=10&offset=0

2017-10-12 01:30:49_0.09831400 1507743049 :/favicon.ico

2017-10-12 01:32:37_0.29746400 1507743157 :/Standard/ajaxImportDataList?sort=id&order=asc&limit=10&offset=0

2017-10-12 01:32:37_0.51620600 1507743157 :/favicon.ico

2017-10-12 01:35:36_0.51628700 1507743336 :/Standard/ajaxImportDataList?sort=id&order=asc&limit=10&offset=0

2017-10-12 01:35:36_0.72134400 1507743336 :/favicon.ico

2017-10-12 01:36:04_0.35028500 1507743364 :/Standard/ajaxImportDataList?sort=id&order=asc&limit=10&offset=0

2017-10-12 01:36:04_0.55401000 1507743364 :/favicon.ico

2017-10-12 01:36:19_0.25757900 1507743379 :/standard/list_data

2017-10-12 01:36:19_0.57213500 1507743379 :/Standard/ajaxImportDataList?sort=id&order=asc&limit=10&offset=0

2017-10-12 01:36:19_0.77540500 1507743379 :/favicon.ico

2017-10-12 01:36:49_0.13367800 1507743409 :/standard/list_data

2017-10-12 01:36:49_0.46962500 1507743409 :/Standard/ajaxImportDataList?sort=id&order=asc&limit=10&offset=0

2017-10-12 01:36:49_0.67933900 1507743409 :/favicon.ico

2017-10-12 01:36:50_0.90571400 1507743410 :/standard/list_data

2017-10-12 01:36:51_0.21649100 1507743411 :/Standard/ajaxImportDataList?sort=id&order=asc&limit=10&offset=0

2017-10-12 01:36:51_0.41036600 1507743411 :/favicon.ico

2017-10-12 01:36:52_0.36810800 1507743412 :/standard/list_data

2017-10-12 01:36:52_0.67585500 1507743412 :/Standard/ajaxImportDataList?sort=id&order=asc&limit=10&offset=0

2017-10-12 01:36:52_0.91321600 1507743412 :/favicon.ico

2017-10-12 01:37:12_0.15453200 1507743432 :/standard/list_data

2017-10-12 01:37:12_0.48356300 1507743432 :/Standard/ajaxImportDataList?sort=id&order=asc&limit=10&offset=0

2017-10-12 01:37:12_0.69406100 1507743432 :/favicon.ico

2017-10-12 01:37:36_0.05460500 1507743456 :/Standard/ajaxImportDataList?sort=id&order=asc&limit=10&offset=0&report_time=2017-09

2017-10-12 01:37:54_0.29624600 1507743474 :/standard/import_data

2017-10-12 01:37:54_0.62406800 1507743474 :/Standard/ajaxGetExportDictionary

2017-10-12 01:37:54_0.85082400 1507743474 :/favicon.ico

2017-10-12 01:37:55_0.37600400 1507743475 :/standard/edit_data

2017-10-12 01:37:55_0.53927900 1507743475 :/Standard/ajaxImportDataList?sort=id&order=asc&limit=10&offset=0

2017-10-12 01:37:55_0.63440700 1507743475 :/favicon.ico

2017-10-12 01:38:00_0.53305800 1507743480 :/standard/edit_data

2017-10-12 01:38:00_0.64937500 1507743480 :/Standard/ajaxImportDataList?sort=id&order=asc&limit=10&offset=0

2017-10-12 01:38:00_0.74183900 1507743480 :/favicon.ico

2017-10-12 01:38:12_0.88197100 1507743492 :/Standard/ajaxImportDataList?sort=id&order=asc&limit=10&offset=0&report_time=2017-09

2017-10-12 01:38:32_0.30313900 1507743512 :/standard/list_data

2017-10-12 01:38:32_0.51561900 1507743512 :/Standard/ajaxImportDataList?sort=id&order=asc&limit=10&offset=0

2017-10-12 01:38:32_0.68463800 1507743512 :/favicon.ico

2017-10-12 01:38:53_0.93109300 1507743533 :/standard/import_data

2017-10-12 01:38:54_0.20092200 1507743534 :/Standard/ajaxGetExportDictionary

2017-10-12 01:38:54_0.35942400 1507743534 :/favicon.ico

2017-10-12 01:38:55_0.61020500 1507743535 :/standard/edit_data

2017-10-12 01:38:55_0.78273700 1507743535 :/Standard/ajaxImportDataList?sort=id&order=asc&limit=10&offset=0

2017-10-12 01:38:55_0.87294600 1507743535 :/favicon.ico

2017-10-12 01:42:11_0.59844400 1507743731 :/standard/list_data

2017-10-12 01:42:11_0.80736500 1507743731 :/Standard/ajaxImportDataList?sort=id&order=asc&limit=10&offset=0

2017-10-12 01:42:11_0.97476800 1507743731 :/favicon.ico

2017-10-12 01:48:49_0.83747500 1507744129 :/standard/list_data

2017-10-12 01:48:50_0.04985800 1507744130 :/Standard/ajaxImportDataList?sort=id&order=asc&limit=10&offset=0

2017-10-12 01:48:50_0.21585100 1507744130 :/favicon.ico

2017-10-12 01:48:56_0.08775400 1507744136 :/standard/edit_data

2017-10-12 01:48:56_0.24477300 1507744136 :/Standard/ajaxImportDataList?sort=id&order=asc&limit=10&offset=0

2017-10-12 01:48:56_0.35095800 1507744136 :/favicon.ico

2017-10-12 01:48:58_0.00873300 1507744138 :/standard/edit_data

2017-10-12 01:48:58_0.14338300 1507744138 :/Standard/ajaxImportDataList?sort=id&order=asc&limit=10&offset=0

2017-10-12 01:48:58_0.23132400 1507744138 :/favicon.ico

2017-10-12 01:49:04_0.91785200 1507744144 :/Standard/ajaxImportDataList?sort=id&order=asc&limit=10&offset=0&report_time=2017-09

2017-10-12 01:49:54_0.44557200 1507744194 :/standard/edit_data

2017-10-12 01:49:54_0.66652700 1507744194 :/Standard/ajaxEditDataList?sort=id&order=asc&limit=10&offset=0

2017-10-12 01:49:54_0.83654500 1507744194 :/favicon.ico

2017-10-12 01:50:09_0.65017000 1507744209 :/Standard/ajaxEditDataList?sort=id&order=asc&limit=10&offset=0&report_time=2017-09

2017-10-12 01:50:13_0.67818100 1507744213 :/Standard/ajaxEditDataList?sort=id&order=asc&limit=10&offset=0&report_time=2017-09

2017-10-12 01:50:15_0.26613900 1507744215 :/Standard/ajaxEditDataList?sort=id&order=asc&limit=10&offset=0&report_time=2017-10

2017-10-12 01:50:17_0.18585400 1507744217 :/Standard/ajaxEditDataList?sort=id&order=asc&limit=10&offset=0&report_time=2017-09

2017-10-12 01:50:19_0.60419100 1507744219 :/Standard/ajaxEditDataList?sort=id&order=asc&limit=10&offset=0&report_time=2017-10

2017-10-12 01:50:21_0.77624100 1507744221 :/Standard/ajaxEditDataList?sort=id&order=asc&limit=10&offset=0&report_time=2017-09

2017-10-12 01:52:40_0.27231400 1507744360 :/standard/edit_data

2017-10-12 01:52:40_0.49448400 1507744360 :/Standard/ajaxEditDataList?sort=id&order=asc&limit=10&offset=0

2017-10-12 01:52:40_0.66414500 1507744360 :/favicon.ico

2017-10-12 01:52:42_0.20100900 1507744362 :/standard/edit_data

2017-10-12 01:52:42_0.33213500 1507744362 :/Standard/ajaxEditDataList?sort=id&order=asc&limit=10&offset=0

2017-10-12 01:52:42_0.42544200 1507744362 :/favicon.ico

2017-10-12 01:52:47_0.20472400 1507744367 :/standard/edit_data

2017-10-12 01:52:47_0.56948400 1507744367 :/Standard/ajaxEditDataList?sort=id&order=asc&limit=10&offset=0

2017-10-12 01:52:47_0.80283000 1507744367 :/favicon.ico

2017-10-12 01:53:07_0.78943100 1507744387 :/standard/edit_data

2017-10-12 01:53:08_0.10569900 1507744388 :/Standard/ajaxEditDataList?sort=id&order=asc&limit=10&offset=0

2017-10-12 01:53:08_0.30911900 1507744388 :/favicon.ico

2017-10-12 01:53:10_0.53320100 1507744390 :/standard/edit_data

2017-10-12 01:53:10_0.89855800 1507744390 :/Standard/ajaxEditDataList?sort=id&order=asc&limit=10&offset=0

2017-10-12 01:53:11_0.13079200 1507744391 :/favicon.ico

2017-10-12 01:54:05_0.00956400 1507744445 :/standard/edit_data

2017-10-12 01:54:05_0.37303600 1507744445 :/Standard/ajaxEditDataList?sort=id&order=asc&limit=10&offset=0

2017-10-12 01:54:05_0.58642800 1507744445 :/favicon.ico

2017-10-12 01:54:07_0.27656700 1507744447 :/standard/edit_data

2017-10-12 01:54:07_0.62660300 1507744447 :/Standard/ajaxEditDataList?sort=id&order=asc&limit=10&offset=0

2017-10-12 01:54:07_0.83484200 1507744447 :/favicon.ico

2017-10-12 01:54:08_0.81771100 1507744448 :/Standard/ajaxEditDataList?sort=id&order=asc&limit=10&offset=0&report_time=2017-09

2017-10-12 01:56:14_0.83869200 1507744574 :/standard/edit_data

2017-10-12 01:56:15_0.20347800 1507744575 :/Standard/ajaxEditDataList?sort=id&order=asc&limit=10&offset=0

2017-10-12 01:56:15_0.40211000 1507744575 :/favicon.ico

2017-10-12 01:56:17_0.40986000 1507744577 :/standard/edit_data

2017-10-12 01:56:17_0.71837800 1507744577 :/Standard/ajaxEditImportDataList?sort=id&order=asc&limit=10&offset=0

2017-10-12 01:56:17_0.92347800 1507744577 :/favicon.ico

2017-10-12 01:56:24_0.46748400 1507744584 :/Standard/ajaxImportDataDelete

2017-10-12 01:56:24_0.48326200 1507744584 :/Standard/ajaxEditImportDataList?sort=id&order=asc&limit=10&offset=0&report_time=2017-10

2017-10-12 01:57:17_0.30440000 1507744637 :/standard/edit_data

2017-10-12 01:57:17_0.64325700 1507744637 :/Standard/ajaxEditImportDataList?sort=id&order=asc&limit=10&offset=0

2017-10-12 01:57:17_0.85105600 1507744637 :/favicon.ico

2017-10-12 01:57:20_0.47663700 1507744640 :/Standard/ajaxImportDataDelete

2017-10-12 01:57:20_0.49515200 1507744640 :/Standard/ajaxEditImportDataList?sort=id&order=asc&limit=10&offset=0&report_time=2017-10

2017-10-12 01:57:23_0.02962700 1507744643 :/standard/edit_data

2017-10-12 01:57:23_0.33869000 1507744643 :/Standard/ajaxEditImportDataList?sort=id&order=asc&limit=10&offset=0

2017-10-12 01:57:23_0.54039700 1507744643 :/favicon.ico

2017-10-12 01:57:24_0.22325900 1507744644 :/standard/edit_data

2017-10-12 01:57:24_0.52130600 1507744644 :/Standard/ajaxEditImportDataList?sort=id&order=asc&limit=10&offset=0

2017-10-12 01:57:24_0.73380200 1507744644 :/favicon.ico

2017-10-12 01:57:25_0.14524400 1507744645 :/standard/edit_data

2017-10-12 01:57:25_0.43846000 1507744645 :/Standard/ajaxEditImportDataList?sort=id&order=asc&limit=10&offset=0

2017-10-12 01:57:25_0.64781500 1507744645 :/favicon.ico

2017-10-12 01:57:28_0.58460600 1507744648 :/Standard/ajaxImportDataDelete

2017-10-12 01:57:28_0.60201000 1507744648 :/Standard/ajaxEditImportDataList?sort=id&order=asc&limit=10&offset=0&report_time=2017-10

2017-10-12 01:57:31_0.84758600 1507744651 :/Standard/ajaxImportDataDelete

2017-10-12 01:57:31_0.86102000 1507744651 :/Standard/ajaxEditImportDataList?sort=id&order=asc&limit=10&offset=0&report_time=2017-10

2017-10-12 01:57:40_0.36946100 1507744660 :/Standard/ajaxImportDataDelete

2017-10-12 01:57:40_0.38576600 1507744660 :/Standard/ajaxEditImportDataList?sort=id&order=asc&limit=10&offset=0&report_time=2017-10

2017-10-12 01:57:44_0.34314800 1507744664 :/Standard/ajaxImportDataDelete

2017-10-12 01:57:44_0.35692400 1507744664 :/Standard/ajaxEditImportDataList?sort=id&order=asc&limit=10&offset=0&report_time=2017-10

2017-10-12 01:58:12_0.30836000 1507744692 :/Standard/ajaxImportDataDelete

2017-10-12 01:58:12_0.32187400 1507744692 :/Standard/ajaxEditImportDataList?sort=id&order=asc&limit=10&offset=0&report_time=2017-10

2017-10-12 01:58:16_0.65197700 1507744696 :/Standard/ajaxImportDataDelete

2017-10-12 01:58:16_0.66808100 1507744696 :/Standard/ajaxEditImportDataList?sort=id&order=asc&limit=10&offset=0&report_time=2017-10

2017-10-12 01:59:23_0.66957100 1507744763 :/favicon.ico

2017-10-12 01:59:25_0.06792100 1507744765 :/favicon.ico

2017-10-12 02:05:25_0.26201100 1507745125 :/Standard/ajaxEditImportDataList?sort=id&order=asc&limit=10&offset=0&report_time=2022-07

2017-10-12 02:05:31_0.81561400 1507745131 :/Standard/ajaxEditImportDataList?sort=id&order=asc&limit=10&offset=0&report_time=2027-07

2017-10-12 02:05:37_0.67797200 1507745137 :/Standard/ajaxEditImportDataList?sort=id&order=asc&limit=10&offset=0&report_time=2022-11

2017-10-12 02:05:39_0.02737100 1507745139 :/standard/edit_data

2017-10-12 02:05:39_0.35254400 1507745139 :/Standard/ajaxEditImportDataList?sort=id&order=asc&limit=10&offset=0

2017-10-12 02:05:39_0.56167100 1507745139 :/favicon.ico

2017-10-12 02:06:51_0.32381900 1507745211 :/standard/edit_data

2017-10-12 02:06:51_0.72590000 1507745211 :/Standard/ajaxEditImportDataList?sort=id&order=asc&limit=10&offset=0

2017-10-12 02:06:51_0.96033700 1507745211 :/favicon.ico

2017-10-12 02:07:45_0.22478400 1507745265 :/standard/edit_data

2017-10-12 02:07:45_0.56007300 1507745265 :/Standard/ajaxEditImportDataList?sort=id&order=asc&limit=10&offset=0

2017-10-12 02:07:45_0.76222800 1507745265 :/favicon.ico

2017-10-12 02:07:46_0.31321800 1507745266 :/standard/edit_data

2017-10-12 02:07:46_0.62011600 1507745266 :/Standard/ajaxEditImportDataList?sort=id&order=asc&limit=10&offset=0

2017-10-12 02:07:46_0.82195300 1507745266 :/favicon.ico

2017-10-12 02:07:53_0.39822700 1507745273 :/standard/edit_data

2017-10-12 02:07:53_0.69444900 1507745273 :/Standard/ajaxEditImportDataList?sort=id&order=asc&limit=10&offset=0

2017-10-12 02:07:53_0.88912600 1507745273 :/favicon.ico

2017-10-12 02:08:07_0.73541200 1507745287 :/standard/edit_data

2017-10-12 02:08:08_0.03748800 1507745288 :/Standard/ajaxEditImportDataList?sort=id&order=asc&limit=10&offset=0

2017-10-12 02:08:08_0.23756700 1507745288 :/favicon.ico

2017-10-12 02:09:50_0.93324900 1507745390 :/favicon.ico

2017-10-12 02:14:57_0.28043600 1507745697 :/standard/edit_data

2017-10-12 02:14:57_0.61769700 1507745697 :/Standard/ajaxEditImportDataList?sort=id&order=asc&limit=10&offset=0

2017-10-12 02:14:57_0.82272800 1507745697 :/favicon.ico

2017-10-12 02:14:59_0.28259600 1507745699 :/favicon.ico

2017-10-12 02:15:01_0.54358200 1507745701 :/favicon.ico

2017-10-12 02:15:03_0.35171200 1507745703 :/standard/edit_data

2017-10-12 02:15:03_0.67022600 1507745703 :/Standard/ajaxEditImportDataList?sort=id&order=asc&limit=10&offset=0

2017-10-12 02:15:03_0.87177200 1507745703 :/favicon.ico

2017-10-12 02:15:04_0.98729100 1507745704 :/standard/summary_month

2017-10-12 02:15:05_0.29898100 1507745705 :/Standard/ajaxEditImportDataList?sort=id&order=asc&limit=10&offset=0

2017-10-12 02:15:05_0.50196500 1507745705 :/favicon.ico

2017-10-12 02:15:50_0.50446300 1507745750 :/standard/summary_month

2017-10-12 02:15:50_0.82518800 1507745750 :/Standard/ajaxEditImportDataList?sort=id&order=asc&limit=10&offset=0

2017-10-12 02:15:51_0.03466700 1507745751 :/favicon.ico

2017-10-12 02:15:52_0.91321900 1507745752 :/standard/summary_month

2017-10-12 02:15:53_0.24515100 1507745753 :/Standard/ajaxEditImportDataList?sort=id&order=asc&limit=10&offset=0

2017-10-12 02:15:53_0.46816000 1507745753 :/favicon.ico

2017-10-12 02:15:54_0.62730500 1507745754 :/standard/summary_month

2017-10-12 02:15:54_0.93728700 1507745754 :/Standard/ajaxEditImportDataList?sort=id&order=asc&limit=10&offset=0

2017-10-12 02:15:55_0.14329000 1507745755 :/favicon.ico

2017-10-12 02:16:36_0.56491300 1507745796 :/standard/summary_month

2017-10-12 02:16:36_0.88079500 1507745796 :/Standard/ajaxEditImportDataList?sort=id&order=asc&limit=10&offset=0

2017-10-12 02:16:37_0.09331200 1507745797 :/favicon.ico

2017-10-12 02:16:39_0.45474600 1507745799 :/standard/summary_month

2017-10-12 02:16:39_0.77939100 1507745799 :/Standard/ajaxEditImportDataList?sort=id&order=asc&limit=10&offset=0

2017-10-12 02:16:40_0.01271900 1507745800 :/favicon.ico

2017-10-12 02:16:47_0.42697100 1507745807 :/standard/summary_month

2017-10-12 02:16:47_0.72508000 1507745807 :/Standard/ajaxEditImportDataList?sort=id&order=asc&limit=10&offset=0

2017-10-12 02:16:47_0.93071700 1507745807 :/favicon.ico

2017-10-12 02:16:53_0.19801200 1507745813 :/standard/summary_month

2017-10-12 02:16:53_0.48873900 1507745813 :/Standard/ajaxEditImportDataList?sort=id&order=asc&limit=10&offset=0

2017-10-12 02:16:53_0.69266400 1507745813 :/favicon.ico

2017-10-12 02:16:55_0.34559300 1507745815 :/standard/summary_month

2017-10-12 02:16:55_0.63855400 1507745815 :/Standard/ajaxEditImportDataList?sort=id&order=asc&limit=10&offset=0

2017-10-12 02:16:55_0.82767800 1507745815 :/favicon.ico

2017-10-12 02:17:01_0.76201300 1507745821 :/standard/summary_section

2017-10-12 02:17:02_0.05559900 1507745822 :/Standard/ajaxEditImportDataList?sort=id&order=asc&limit=10&offset=0

2017-10-12 02:17:02_0.23421500 1507745822 :/favicon.ico

2017-10-12 02:17:04_0.48594600 1507745824 :/standard/summary_section

2017-10-12 02:17:04_0.78535900 1507745824 :/Standard/ajaxEditImportDataList?sort=id&order=asc&limit=10&offset=0

2017-10-12 02:17:04_0.95988600 1507745824 :/favicon.ico

2017-10-12 02:18:22_0.83520800 1507745902 :/standard/summary_month

2017-10-12 02:18:23_0.14483500 1507745903 :/Standard/ajaxEditImportDataList?sort=id&order=asc&limit=10&offset=0

2017-10-12 02:18:23_0.36093800 1507745903 :/favicon.ico

2017-10-12 02:18:24_0.16734800 1507745904 :/standard/summary_month

2017-10-12 02:18:24_0.46733700 1507745904 :/Standard/ajaxEditImportDataList?sort=id&order=asc&limit=10&offset=0

2017-10-12 02:18:24_0.66652300 1507745904 :/favicon.ico

2017-10-12 02:18:25_0.01983900 1507745905 :/standard/summary_month

2017-10-12 02:18:25_0.30814700 1507745905 :/Standard/ajaxEditImportDataList?sort=id&order=asc&limit=10&offset=0

2017-10-12 02:18:25_0.50879200 1507745905 :/favicon.ico

2017-10-12 02:18:25_0.89365200 1507745905 :/standard/summary_month

2017-10-12 02:18:26_0.18760100 1507745906 :/Standard/ajaxEditImportDataList?sort=id&order=asc&limit=10&offset=0

2017-10-12 02:18:26_0.38881500 1507745906 :/favicon.ico

2017-10-12 02:20:02_0.41856400 1507746002 :/standard/summary_month

2017-10-12 02:20:02_0.73911000 1507746002 :/Standard/ajaxEditImportDataList?sort=id&order=asc&limit=10&offset=0

2017-10-12 02:20:02_0.94644800 1507746002 :/favicon.ico

2017-10-12 02:20:05_0.24777500 1507746005 :/standard/summary_month

2017-10-12 02:20:05_0.61764900 1507746005 :/Standard/ajaxEditImportDataList?sort=id&order=asc&limit=10&offset=0

2017-10-12 02:20:05_0.84856400 1507746005 :/favicon.ico

2017-10-12 02:20:14_0.90872300 1507746014 :/standard/summary_month

2017-10-12 02:20:15_0.19435700 1507746015 :/Standard/ajaxEditImportDataList?sort=id&order=asc&limit=10&offset=0

2017-10-12 02:20:15_0.40210200 1507746015 :/favicon.ico

2017-10-12 02:20:17_0.01362700 1507746017 :/standard/summary_month

2017-10-12 02:20:17_0.30982400 1507746017 :/Standard/ajaxEditImportDataList?sort=id&order=asc&limit=10&offset=0

2017-10-12 02:20:17_0.50673500 1507746017 :/favicon.ico

2017-10-12 02:20:19_0.36972400 1507746019 :/standard/summary_month

2017-10-12 02:20:19_0.66291900 1507746019 :/Standard/ajaxEditImportDataList?sort=id&order=asc&limit=10&offset=0

2017-10-12 02:20:19_0.83893800 1507746019 :/favicon.ico

2017-10-12 02:21:25_0.16656700 1507746085 :/standard/summary_month

2017-10-12 02:21:25_0.48552600 1507746085 :/Standard/ajaxEditImportDataList?sort=id&order=asc&limit=10&offset=0

2017-10-12 02:21:25_0.69610800 1507746085 :/favicon.ico

2017-10-12 02:21:27_0.31243200 1507746087 :/standard/summary_month

2017-10-12 02:21:27_0.61382100 1507746087 :/Standard/ajaxEditImportDataList?sort=id&order=asc&limit=10&offset=0

2017-10-12 02:21:27_0.81505300 1507746087 :/favicon.ico

2017-10-12 02:21:29_0.92984400 1507746089 :/standard/summary_month

2017-10-12 02:21:30_0.25179300 1507746090 :/Standard/ajaxEditImportDataList?sort=id&order=asc&limit=10&offset=0

2017-10-12 02:21:30_0.47512300 1507746090 :/favicon.ico

2017-10-12 02:21:31_0.86027200 1507746091 :/standard/summary_month

2017-10-12 02:21:32_0.15679700 1507746092 :/Standard/ajaxEditImportDataList?sort=id&order=asc&limit=10&offset=0

2017-10-12 02:21:32_0.35528500 1507746092 :/favicon.ico

2017-10-12 02:22:07_0.70653500 1507746127 :/standard/summary_month

2017-10-12 02:22:08_0.02126700 1507746128 :/Standard/ajaxEditImportDataList?sort=id&order=asc&limit=10&offset=0

2017-10-12 02:22:08_0.22911100 1507746128 :/favicon.ico

2017-10-12 02:22:09_0.17869400 1507746129 :/standard/summary_month

2017-10-12 02:22:09_0.48900300 1507746129 :/Standard/ajaxEditImportDataList?sort=id&order=asc&limit=10&offset=0

2017-10-12 02:22:09_0.69196800 1507746129 :/favicon.ico

2017-10-12 02:22:10_0.85851000 1507746130 :/standard/summary_month

2017-10-12 02:22:11_0.14915700 1507746131 :/Standard/ajaxEditImportDataList?sort=id&order=asc&limit=10&offset=0

2017-10-12 02:22:11_0.35013600 1507746131 :/favicon.ico

2017-10-12 02:22:34_0.03384800 1507746154 :/

2017-10-12 02:22:34_0.07475000 1507746154 :/system/captcha

2017-10-12 02:22:34_0.29739200 1507746154 :/favicon.ico

2017-10-12 02:22:38_0.02545700 1507746158 :/system/ajaxLogin

2017-10-12 02:22:38_0.03094800 1507746158 :/system/captcha?0.4105928509663822

2017-10-12 02:22:42_0.23520400 1507746162 :/system/ajaxLogin

2017-10-12 02:22:42_0.24137600 1507746162 :/system/captcha?0.4034419532818816

2017-10-12 02:22:48_0.37785200 1507746168 :/system/ajaxLogin

2017-10-12 02:22:48_0.39180800 1507746168 :/welcome/index

2017-10-12 02:22:55_0.53692500 1507746175 :/standard/import_data

2017-10-12 02:22:55_0.97476100 1507746175 :/Standard/ajaxGetExportDictionary

2017-10-12 02:23:21_0.62329500 1507746201 :/standard/import_data

2017-10-12 02:23:24_0.27805600 1507746204 :/Standard/ajaxGetExportDictionary

2017-10-12 02:23:27_0.70646500 1507746207 :/standard/summary_month

2017-10-12 02:23:28_0.32055400 1507746208 :/Standard/ajaxEditImportDataList?sort=id&order=asc&limit=10&offset=0

2017-10-12 02:23:31_0.51701800 1507746211 :/standard/summary_month

2017-10-12 02:23:31_0.87547800 1507746211 :/Standard/ajaxEditImportDataList?sort=id&order=asc&limit=10&offset=0

2017-10-12 02:23:44_0.57909300 1507746224 :/standard/list_data

2017-10-12 02:23:44_0.99431800 1507746224 :/Standard/ajaxImportDataList?sort=id&order=asc&limit=10&offset=0

2017-10-12 02:23:57_0.03897300 1507746237 :/abnormal/piping

2017-10-12 02:23:57_0.48336200 1507746237 :/Abnormal/ajaxPipingList?sort=id&order=desc&limit=10&offset=0

2017-10-12 02:27:05_0.95694000 1507746425 :/standard/summary_month

2017-10-12 02:27:06_0.29468600 1507746426 :/Standard/ajaxEditImportDataList?sort=id&order=asc&limit=10&offset=0

2017-10-12 02:27:06_0.55874900 1507746426 :/favicon.ico

2017-10-12 02:27:08_0.93787000 1507746428 :/standard/summary_month

2017-10-12 02:27:09_0.24824400 1507746429 :/Standard/ajaxEditImportDataList?sort=id&order=asc&limit=10&offset=0

2017-10-12 02:27:09_0.45640300 1507746429 :/favicon.ico

2017-10-12 02:27:46_0.31481000 1507746466 :/standard/summary_month

2017-10-12 02:27:46_0.63778000 1507746466 :/Standard/ajaxEditImportDataList?sort=id&order=asc&limit=10&offset=0

2017-10-12 02:27:46_0.85328200 1507746466 :/favicon.ico

2017-10-12 02:28:15_0.65608100 1507746495 :/standard/summary_month

2017-10-12 02:28:15_0.97430200 1507746495 :/Standard/ajaxEditImportDataList?sort=id&order=asc&limit=10&offset=0

2017-10-12 02:28:16_0.18816100 1507746496 :/favicon.ico

2017-10-12 03:02:32_0.07773800 1507748552 :/standard/list_data

2017-10-12 03:02:32_0.39370300 1507748552 :/Standard/ajaxImportDataList?sort=id&order=asc&limit=10&offset=0

2017-10-12 03:02:32_0.58339900 1507748552 :/favicon.ico

2017-10-12 03:02:36_0.84868000 1507748556 :/Standard/ajaxImportDataList?sort=id&order=asc&limit=10&offset=0&report_time=2017-09

2017-10-12 03:02:45_0.67521000 1507748565 :/Standard/ajaxImportDataList?sort=id&order=asc&limit=10&offset=0&report_time=2017-10

2017-10-12 03:02:52_0.59854700 1507748572 :/standard/edit_data

2017-10-12 03:02:52_0.89685200 1507748572 :/Standard/ajaxEditImportDataList?sort=id&order=asc&limit=10&offset=0

2017-10-12 03:02:53_0.07883400 1507748573 :/favicon.ico

2017-10-12 03:02:57_0.68291700 1507748577 :/Standard/ajaxEditImportDataList?sort=id&order=asc&limit=10&offset=0&report_time=2017-09

2017-10-12 03:02:59_0.81336100 1507748579 :/Standard/ajaxEditImportDataList?sort=id&order=asc&limit=10&offset=0&report_time=2017-10

2017-10-12 03:03:07_0.99327400 1507748587 :/standard/summary_month

2017-10-12 03:03:08_0.28432800 1507748588 :/Standard/ajaxEditImportDataList?sort=id&order=asc&limit=10&offset=0

2017-10-12 03:03:08_0.48194800 1507748588 :/favicon.ico

2017-10-12 03:03:11_0.72025800 1507748591 :/standard/summary_section

2017-10-12 03:03:12_0.01195100 1507748592 :/Standard/ajaxEditImportDataList?sort=id&order=asc&limit=10&offset=0

2017-10-12 03:03:12_0.23815200 1507748592 :/favicon.ico

2017-10-12 03:03:14_0.31058300 1507748594 :/standard/summary_month

2017-10-12 03:03:14_0.60016800 1507748594 :/Standard/ajaxEditImportDataList?sort=id&order=asc&limit=10&offset=0

2017-10-12 03:03:14_0.79868400 1507748594 :/favicon.ico

2017-10-12 03:05:48_0.91696600 1507748748 :/standard/summary_month

2017-10-12 03:05:49_0.23891300 1507748749 :/Standard/ajaxEditImportDataList?sort=id&order=asc&limit=10&offset=0

2017-10-12 03:05:49_0.44133600 1507748749 :/favicon.ico

2017-10-12 03:06:15_0.54412200 1507748775 :/standard/summary_month

2017-10-12 03:06:15_0.85408200 1507748775 :/Standard/ajaxGetSummaryMonthList?sort=id&order=asc&limit=10&offset=0

2017-10-12 03:06:16_0.05383200 1507748776 :/favicon.ico

2017-10-12 03:06:17_0.58452100 1507748777 :/standard/summary_month

2017-10-12 03:06:17_0.88246000 1507748777 :/Standard/ajaxGetSummaryMonthList?sort=id&order=asc&limit=10&offset=0

2017-10-12 03:06:18_0.06222400 1507748778 :/favicon.ico

2017-10-12 03:06:18_0.93460300 1507748778 :/standard/summary_month

2017-10-12 03:06:19_0.28462700 1507748779 :/Standard/ajaxGetSummaryMonthList?sort=id&order=asc&limit=10&offset=0

2017-10-12 03:06:19_0.47991400 1507748779 :/favicon.ico

2017-10-12 03:06:20_0.02147900 1507748780 :/standard/summary_month

2017-10-12 03:06:20_0.31591300 1507748780 :/Standard/ajaxGetSummaryMonthList?sort=id&order=asc&limit=10&offset=0

2017-10-12 03:06:20_0.50574800 1507748780 :/favicon.ico

2017-10-12 03:07:00_0.63770900 1507748820 :/standard/summary_month

2017-10-12 03:07:01_0.21510900 1507748821 :/Standard/ajaxGetSummaryMonthList?sort=id&order=asc&limit=10&offset=0

2017-10-12 03:07:01_0.48824900 1507748821 :/favicon.ico

2017-10-12 03:07:04_0.69339500 1507748824 :/standard/ajaxGetSummaryMonthList

2017-10-12 03:07:04_0.80037200 1507748824 :/favicon.ico

2017-10-12 03:07:31_0.69311800 1507748851 :/standard/ajaxGetSummaryMonthList

2017-10-12 03:07:31_0.85912400 1507748851 :/favicon.ico

2017-10-12 03:08:56_0.90937200 1507748936 :/standard/ajaxGetSummaryMonthList

2017-10-12 03:08:57_0.07407100 1507748937 :/favicon.ico

2017-10-12 03:08:58_0.28750400 1507748938 :/standard/ajaxGetSummaryMonthList

2017-10-12 03:08:58_0.36132100 1507748938 :/favicon.ico

2017-10-12 03:08:59_0.64694100 1507748939 :/standard/ajaxGetSummaryMonthList

2017-10-12 03:08:59_0.71815000 1507748939 :/favicon.ico

2017-10-12 03:09:08_0.28056200 1507748948 :/standard/ajaxGetSummaryMonthList

2017-10-12 03:09:08_0.34984500 1507748948 :/favicon.ico

2017-10-12 03:09:17_0.21651800 1507748957 :/standard/summary_month

2017-10-12 03:09:17_0.54698500 1507748957 :/Standard/ajaxGetSummaryMonthList?sort=id&order=asc&limit=10&offset=0

2017-10-12 03:09:17_0.74227200 1507748957 :/favicon.ico

2017-10-12 03:09:19_0.02188200 1507748959 :/standard/summary_month

2017-10-12 03:09:19_0.32586100 1507748959 :/Standard/ajaxGetSummaryMonthList?sort=id&order=asc&limit=10&offset=0

2017-10-12 03:09:19_0.51062200 1507748959 :/favicon.ico

2017-10-12 03:10:44_0.36934700 1507749044 :/standard/summary_month

2017-10-12 03:10:44_0.67456000 1507749044 :/Standard/ajaxGetSummaryMonthList?sort=id&order=asc&limit=10&offset=0

2017-10-12 03:10:44_0.88964000 1507749044 :/favicon.ico

2017-10-12 03:23:22_0.24074100 1507749802 :/standard/summary_month

2017-10-12 03:23:22_0.56606000 1507749802 :/Standard/ajaxGetSummaryMonthList?sort=id&order=asc&limit=10&offset=0

2017-10-12 03:23:22_0.76232500 1507749802 :/favicon.ico

2017-10-12 03:23:30_0.46115600 1507749810 :/standard/ajaxGetSummaryMonthList

2017-10-12 03:23:30_0.53379100 1507749810 :/favicon.ico

2017-10-12 03:23:50_0.60056800 1507749830 :/standard/ajaxGetSummaryMonthList

2017-10-12 03:23:50_0.78601000 1507749830 :/favicon.ico

2017-10-12 03:24:15_0.38764900 1507749855 :/standard/ajaxGetSummaryMonthList

2017-10-12 03:24:15_0.56241800 1507749855 :/favicon.ico

2017-10-12 03:30:28_0.57976500 1507750228 :/standard/summary_month

2017-10-12 03:30:28_0.89456100 1507750228 :/Standard/ajaxGetSummaryMonthList?sort=id&order=asc&limit=10&offset=0

2017-10-12 03:30:29_0.08895400 1507750229 :/favicon.ico

2017-10-12 03:30:30_0.86367200 1507750230 :/standard/summary_month

2017-10-12 03:30:31_0.16473200 1507750231 :/Standard/ajaxGetSummaryMonthList?sort=id&order=asc&limit=10&offset=0

2017-10-12 03:30:31_0.34855500 1507750231 :/favicon.ico

2017-10-12 03:30:41_0.95755100 1507750241 :/standard/summary_month

2017-10-12 03:30:42_0.27336500 1507750242 :/Standard/ajaxGetSummaryMonthList?sort=id&order=asc&limit=10&offset=0

2017-10-12 03:30:42_0.46615100 1507750242 :/favicon.ico

2017-10-12 03:31:01_0.64824400 1507750261 :/standard/ajaxGetSummaryMonthList

2017-10-12 03:31:01_0.81863800 1507750261 :/favicon.ico

2017-10-12 03:31:42_0.23390000 1507750302 :/standard/ajaxGetSummaryMonthList

2017-10-12 03:31:42_0.39785000 1507750302 :/favicon.ico

2017-10-12 03:31:44_0.95959600 1507750304 :/standard/summary_month

2017-10-12 03:31:45_0.29313900 1507750305 :/Standard/ajaxGetSummaryMonthList?sort=id&order=asc&limit=10&offset=0

2017-10-12 03:31:45_0.50160900 1507750305 :/favicon.ico

2017-10-12 03:38:20_0.49969600 1507750700 :/standard/dictionaries

2017-10-12 03:38:20_0.84791800 1507750700 :/Standard/ajaxDictionaryList?sort=id&order=asc&limit=10&offset=0

2017-10-12 03:38:21_0.05936600 1507750701 :/favicon.ico

2017-10-12 03:38:22_0.88738600 1507750702 :/Standard/ajaxDictionaryChildList/id/1?sort=id&order=asc&limit=10&offset=0

2017-10-12 03:38:28_0.93543000 1507750708 :/Standard/ajaxDictionaryChildAddUpdate

2017-10-12 03:38:28_0.95275700 1507750708 :/Standard/ajaxDictionaryChildList/id/1?sort=id&order=asc&limit=10&offset=0

2017-10-12 03:38:28_0.95643000 1507750708 :/Standard/ajaxDictionaryList?sort=id&order=asc&limit=10&offset=0

2017-10-12 03:43:25_0.17493700 1507751005 :/Standard/ajaxDictionaryChildAddUpdate

2017-10-12 03:43:25_0.19111700 1507751005 :/Standard/ajaxDictionaryChildList/id/1?sort=id&order=asc&limit=10&offset=0

2017-10-12 03:43:25_0.19504300 1507751005 :/Standard/ajaxDictionaryList?sort=id&order=asc&limit=10&offset=0

2017-10-12 03:43:31_0.59888900 1507751011 :/Standard/ajaxDictionaryChildAddUpdate

2017-10-12 03:43:31_0.61290300 1507751011 :/Standard/ajaxDictionaryChildList/id/1?sort=id&order=asc&limit=10&offset=0

2017-10-12 03:43:31_0.61691800 1507751011 :/Standard/ajaxDictionaryList?sort=id&order=asc&limit=10&offset=0

2017-10-12 03:44:16_0.73279900 1507751056 :/favicon.ico

2017-10-12 03:44:18_0.37008900 1507751058 :/standard/list_data

2017-10-12 03:44:18_0.70082300 1507751058 :/Standard/ajaxImportDataList?sort=id&order=asc&limit=10&offset=0

2017-10-12 03:44:18_0.97710800 1507751058 :/favicon.ico

2017-10-12 03:44:22_0.00623200 1507751062 :/standard/summary_month

2017-10-12 03:44:22_0.31566300 1507751062 :/Standard/ajaxGetSummaryMonthList?sort=id&order=asc&limit=10&offset=0

2017-10-12 03:44:22_0.51941700 1507751062 :/favicon.ico

2017-10-12 03:45:08_0.12615300 1507751108 :/standard/summary_month

2017-10-12 03:45:08_0.45843700 1507751108 :/Standard/ajaxGetSummaryMonthList?sort=id&order=asc&limit=10&offset=0

2017-10-12 03:45:08_0.67793600 1507751108 :/favicon.ico

2017-10-12 03:45:13_0.12760000 1507751113 :/standard/summary_month

2017-10-12 03:45:13_0.36926100 1507751113 :/Standard/ajaxGetSummaryMonthList?sort=id&order=asc&limit=10&offset=0

2017-10-12 03:45:13_0.54887600 1507751113 :/favicon.ico

2017-10-12 03:45:23_0.56803300 1507751123 :/standard/

2017-10-12 03:45:23_0.82762200 1507751123 :/Standard/ajaxDictionaryList?sort=id&order=asc&limit=10&offset=0

2017-10-12 03:45:24_0.01335100 1507751124 :/favicon.ico

2017-10-12 03:45:26_0.82292900 1507751126 :/standard/dictionaries

2017-10-12 03:45:26_0.95899700 1507751126 :/Standard/ajaxDictionaryList?sort=id&order=asc&limit=10&offset=0

2017-10-12 03:45:27_0.05684000 1507751127 :/favicon.ico

2017-10-12 03:45:28_0.43175200 1507751128 :/Standard/ajaxDictionaryChildList/id/1?sort=id&order=asc&limit=10&offset=0

2017-10-12 03:45:34_0.70536700 1507751134 :/Standard/ajaxDictionaryChildAddUpdate

2017-10-12 03:45:34_0.72410900 1507751134 :/Standard/ajaxDictionaryChildList/id/1?sort=id&order=asc&limit=10&offset=0

2017-10-12 03:45:34_0.72732400 1507751134 :/Standard/ajaxDictionaryList?sort=id&order=asc&limit=10&offset=0

2017-10-12 03:45:40_0.87174600 1507751140 :/Standard/ajaxDictionaryChildAddUpdate

2017-10-12 03:45:40_0.88581200 1507751140 :/Standard/ajaxDictionaryChildList/id/1?sort=id&order=asc&limit=10&offset=0

2017-10-12 03:45:40_0.88896600 1507751140 :/Standard/ajaxDictionaryList?sort=id&order=asc&limit=10&offset=0

2017-10-12 03:45:44_0.61987100 1507751144 :/standard/summary_month

2017-10-12 03:45:44_0.83769900 1507751144 :/Standard/ajaxGetSummaryMonthList?sort=id&order=asc&limit=10&offset=0

2017-10-12 03:45:45_0.00472000 1507751145 :/favicon.ico

2017-10-12 03:45:46_0.41963800 1507751146 :/standard/summary_month

2017-10-12 03:45:46_0.55155000 1507751146 :/Standard/ajaxGetSummaryMonthList?sort=id&order=asc&limit=10&offset=0

2017-10-12 03:45:46_0.64860100 1507751146 :/favicon.ico

2017-10-12 03:46:49_0.00526900 1507751209 :/standard/summary_month

2017-10-12 03:46:49_0.21952000 1507751209 :/Standard/ajaxGetSummaryMonthList?sort=id&order=asc&limit=10&offset=0

2017-10-12 03:46:49_0.38357300 1507751209 :/favicon.ico

2017-10-12 03:46:56_0.45174100 1507751216 :/standard/summary_month

2017-10-12 03:46:56_0.58912700 1507751216 :/Standard/ajaxGetSummaryMonthList?sort=id&order=asc&limit=10&offset=0

2017-10-12 03:46:56_0.68935800 1507751216 :/favicon.ico

2017-10-12 03:47:28_0.77107700 1507751248 :/standard/summary_month

2017-10-12 03:47:29_0.14725700 1507751249 :/Standard/ajaxGetSummaryMonthList?sort=id&order=asc&limit=10&offset=0

2017-10-12 03:47:29_0.35154200 1507751249 :/favicon.ico

2017-10-12 03:47:31_0.95849300 1507751251 :/standard/summary_month

2017-10-12 03:47:32_0.33907200 1507751252 :/Standard/ajaxGetSummaryMonthList?sort=id&order=asc&limit=10&offset=0

2017-10-12 03:47:32_0.57147900 1507751252 :/favicon.ico

2017-10-12 03:50:15_0.45540400 1507751415 :/standard/summary_month

2017-10-12 03:50:15_0.81520200 1507751415 :/Standard/ajaxGetSummaryMonthList?sort=id&order=asc&limit=10&offset=0

2017-10-12 03:50:16_0.02190300 1507751416 :/favicon.ico

2017-10-12 03:50:18_0.07368400 1507751418 :/standard/summary_month

2017-10-12 03:50:18_0.45240000 1507751418 :/Standard/ajaxGetSummaryMonthList?sort=id&order=asc&limit=10&offset=0

2017-10-12 03:50:18_0.68755800 1507751418 :/favicon.ico

2017-10-12 03:53:29_0.73854400 1507751609 :/standard/summary_month

2017-10-12 03:53:30_0.06846500 1507751610 :/Standard/ajaxGetSummaryMonthList?sort=id&order=asc&limit=10&offset=0

2017-10-12 03:53:30_0.36440200 1507751610 :/favicon.ico

2017-10-12 03:55:28_0.02204800 1507751728 :/standard/summary_month

2017-10-12 03:55:28_0.35542900 1507751728 :/Standard/ajaxGetSummaryMonthList?sort=id&order=asc&limit=10&offset=0

2017-10-12 03:55:28_0.57702600 1507751728 :/favicon.ico

2017-10-12 03:58:33_0.36361500 1507751913 :/standard/summary_month

2017-10-12 03:58:33_0.71385500 1507751913 :/Standard/ajaxGetSummaryMonthList?sort=id&order=asc&limit=10&offset=0

2017-10-12 03:58:33_0.91710400 1507751913 :/favicon.ico

2017-10-12 04:03:36_0.06693000 1507752216 :/Standard/ajaxGetSummaryMonthList?sort=id&order=asc&limit=10&offset=0

2017-10-12 04:03:36_0.25588000 1507752216 :/favicon.ico

2017-10-12 04:03:49_0.89275300 1507752229 :/Standard/ajaxGetSummaryMonthList?sort=id&order=asc&limit=10&offset=0

2017-10-12 04:03:50_0.05940800 1507752230 :/favicon.ico

2017-10-12 04:04:04_0.73560800 1507752244 :/Standard/ajaxGetSummaryMonthList?sort=id&order=asc&limit=10&offset=0

2017-10-12 04:04:04_0.90504200 1507752244 :/favicon.ico

2017-10-12 04:04:05_0.57530300 1507752245 :/Standard/ajaxGetSummaryMonthList?sort=id&order=asc&limit=10&offset=0

2017-10-12 04:04:05_0.64362300 1507752245 :/favicon.ico

2017-10-12 04:04:06_0.15680200 1507752246 :/Standard/ajaxGetSummaryMonthList?sort=id&order=asc&limit=10&offset=0

2017-10-12 04:04:06_0.22714100 1507752246 :/favicon.ico

2017-10-12 04:04:06_0.49041900 1507752246 :/Standard/ajaxGetSummaryMonthList?sort=id&order=asc&limit=10&offset=0

2017-10-12 04:04:06_0.55736600 1507752246 :/favicon.ico

2017-10-12 04:04:06_0.90869200 1507752246 :/Standard/ajaxGetSummaryMonthList?sort=id&order=asc&limit=10&offset=0

2017-10-12 04:04:06_0.97141600 1507752246 :/favicon.ico

2017-10-12 04:04:07_0.46695900 1507752247 :/Standard/ajaxGetSummaryMonthList?sort=id&order=asc&limit=10&offset=0

2017-10-12 04:04:07_0.54300700 1507752247 :/favicon.ico

2017-10-12 04:04:08_0.99206400 1507752248 :/Standard/ajaxGetSummaryMonthList?sort=id&order=asc&limit=10&offset=0

2017-10-12 04:04:09_0.05577200 1507752249 :/favicon.ico

2017-10-12 04:04:33_0.83791800 1507752273 :/standard/ajaxGetSummaryMonthList

2017-10-12 04:04:33_0.93866100 1507752273 :/favicon.ico

2017-10-12 04:05:08_0.87534800 1507752308 :/standard/ajaxGetSummaryMonthList

2017-10-12 04:05:09_0.03833300 1507752309 :/favicon.ico

2017-10-12 04:05:20_0.88361000 1507752320 :/standard/ajaxGetSummaryMonthList

2017-10-12 04:05:21_0.05974600 1507752321 :/favicon.ico

2017-10-12 04:05:43_0.40436300 1507752343 :/standard/ajaxGetSummaryMonthList

2017-10-12 04:05:43_0.57547900 1507752343 :/favicon.ico

2017-10-12 04:05:58_0.35458700 1507752358 :/standard/ajaxGetSummaryMonthList

2017-10-12 04:05:58_0.51286400 1507752358 :/favicon.ico

2017-10-12 04:07:02_0.82428300 1507752422 :/standard/ajaxGetSummaryMonthList

2017-10-12 04:07:02_0.98605300 1507752422 :/favicon.ico

2017-10-12 04:08:37_0.60320200 1507752517 :/standard/ajaxGetSummaryMonthList

2017-10-12 04:08:37_0.77133800 1507752517 :/favicon.ico

2017-10-12 04:11:47_0.16129800 1507752707 :/standard/summary_month

2017-10-12 04:11:47_0.48627900 1507752707 :/Standard/ajaxGetSummaryMonthList?sort=id&order=asc&limit=10&offset=0

2017-10-12 04:11:47_0.69320700 1507752707 :/favicon.ico

2017-10-12 04:11:47_0.96792100 1507752707 :/standard/summary_month

2017-10-12 04:11:48_0.27503700 1507752708 :/Standard/ajaxGetSummaryMonthList?sort=id&order=asc&limit=10&offset=0

2017-10-12 04:11:48_0.47907800 1507752708 :/favicon.ico

2017-10-12 04:11:48_0.80163100 1507752708 :/standard/summary_month

2017-10-12 04:11:49_0.12706500 1507752709 :/Standard/ajaxGetSummaryMonthList?sort=id&order=asc&limit=10&offset=0

2017-10-12 04:11:49_0.32896400 1507752709 :/favicon.ico

2017-10-12 04:11:49_0.62474400 1507752709 :/standard/summary_month

2017-10-12 04:11:49_0.94064900 1507752709 :/Standard/ajaxGetSummaryMonthList?sort=id&order=asc&limit=10&offset=0

2017-10-12 04:11:50_0.13810900 1507752710 :/favicon.ico

2017-10-12 04:11:50_0.48180500 1507752710 :/standard/summary_month

2017-10-12 04:11:50_0.76922300 1507752710 :/Standard/ajaxGetSummaryMonthList?sort=id&order=asc&limit=10&offset=0

2017-10-12 04:11:50_0.94155100 1507752710 :/favicon.ico

2017-10-12 04:11:51_0.29749800 1507752711 :/standard/summary_month

2017-10-12 04:11:51_0.59464100 1507752711 :/Standard/ajaxGetSummaryMonthList?sort=id&order=asc&limit=10&offset=0

2017-10-12 04:11:51_0.80431300 1507752711 :/favicon.ico

2017-10-12 04:12:01_0.87201500 1507752721 :/standard/summary_month

2017-10-12 04:12:02_0.18556000 1507752722 :/Standard/ajaxGetSummaryMonthList?sort=id&order=asc&limit=10&offset=0

2017-10-12 04:12:02_0.35527800 1507752722 :/favicon.ico

2017-10-12 04:12:02_0.99212200 1507752722 :/standard/summary_month

2017-10-12 04:12:03_0.30604000 1507752723 :/Standard/ajaxGetSummaryMonthList?sort=id&order=asc&limit=10&offset=0

2017-10-12 04:12:03_0.47466100 1507752723 :/favicon.ico

2017-10-12 04:12:03_0.96693200 1507752723 :/standard/summary_month

2017-10-12 04:12:04_0.26499600 1507752724 :/Standard/ajaxGetSummaryMonthList?sort=id&order=asc&limit=10&offset=0

2017-10-12 04:12:04_0.43997100 1507752724 :/favicon.ico

2017-10-12 04:12:04_0.96696000 1507752724 :/standard/summary_month

2017-10-12 04:12:05_0.26296300 1507752725 :/Standard/ajaxGetSummaryMonthList?sort=id&order=asc&limit=10&offset=0

2017-10-12 04:12:05_0.44248100 1507752725 :/favicon.ico

2017-10-12 04:13:21_0.96005100 1507752801 :/standard/summary_month

2017-10-12 04:13:22_0.27780300 1507752802 :/Standard/ajaxGetSummaryMonthList?sort=id&order=asc&limit=10&offset=0

2017-10-12 04:13:22_0.48181100 1507752802 :/favicon.ico

2017-10-12 04:13:24_0.02119000 1507752804 :/standard/summary_month

2017-10-12 04:13:24_0.31389500 1507752804 :/Standard/ajaxGetSummaryMonthList?sort=id&order=asc&limit=10&offset=0

2017-10-12 04:13:24_0.52168700 1507752804 :/favicon.ico

2017-10-12 04:14:02_0.31055600 1507752842 :/standard/summary_month

2017-10-12 04:14:02_0.62815500 1507752842 :/Standard/ajaxGetSummaryMonthList?sort=id&order=asc&limit=10&offset=0

2017-10-12 04:14:02_0.83275500 1507752842 :/favicon.ico

2017-10-12 04:14:03_0.34763300 1507752843 :/standard/summary_month

2017-10-12 04:14:03_0.64685600 1507752843 :/Standard/ajaxGetSummaryMonthList?sort=id&order=asc&limit=10&offset=0

2017-10-12 04:14:03_0.85602100 1507752843 :/favicon.ico

2017-10-12 04:14:04_0.29152900 1507752844 :/standard/summary_month

2017-10-12 04:14:04_0.60036600 1507752844 :/Standard/ajaxGetSummaryMonthList?sort=id&order=asc&limit=10&offset=0

2017-10-12 04:14:04_0.79872300 1507752844 :/favicon.ico

2017-10-12 04:14:05_0.21945600 1507752845 :/standard/summary_month

2017-10-12 04:14:05_0.55206100 1507752845 :/Standard/ajaxGetSummaryMonthList?sort=id&order=asc&limit=10&offset=0

2017-10-12 04:14:05_0.78508800 1507752845 :/favicon.ico

2017-10-12 04:14:06_0.14759300 1507752846 :/standard/summary_month

2017-10-12 04:14:06_0.43607200 1507752846 :/Standard/ajaxGetSummaryMonthList?sort=id&order=asc&limit=10&offset=0

2017-10-12 04:14:06_0.62005300 1507752846 :/favicon.ico

2017-10-12 04:14:17_0.65192000 1507752857 :/standard/summary_month

2017-10-12 04:14:17_0.94754300 1507752857 :/Standard/ajaxGetSummaryMonthList?sort=id&order=asc&limit=10&offset=0

2017-10-12 04:14:18_0.13090600 1507752858 :/favicon.ico

2017-10-12 04:14:19_0.32363600 1507752859 :/standard/summary_month

2017-10-12 04:14:19_0.64368600 1507752859 :/Standard/ajaxGetSummaryMonthList?sort=id&order=asc&limit=10&offset=0

2017-10-12 04:14:19_0.85213600 1507752859 :/favicon.ico

2017-10-12 04:14:20_0.22054400 1507752860 :/standard/summary_month

2017-10-12 04:14:20_0.52796000 1507752860 :/Standard/ajaxGetSummaryMonthList?sort=id&order=asc&limit=10&offset=0

2017-10-12 04:14:20_0.72524400 1507752860 :/favicon.ico

2017-10-12 04:14:21_0.07553100 1507752861 :/standard/summary_month

2017-10-12 04:14:21_0.37615000 1507752861 :/Standard/ajaxGetSummaryMonthList?sort=id&order=asc&limit=10&offset=0

2017-10-12 04:14:21_0.60680300 1507752861 :/favicon.ico

2017-10-12 04:14:21_0.91537500 1507752861 :/standard/summary_month

2017-10-12 04:14:22_0.21416900 1507752862 :/Standard/ajaxGetSummaryMonthList?sort=id&order=asc&limit=10&offset=0

2017-10-12 04:14:22_0.40296600 1507752862 :/favicon.ico

2017-10-12 04:14:49_0.58459900 1507752889 :/standard/summary_section

2017-10-12 04:14:49_0.83897500 1507752889 :/Standard/ajaxEditImportDataList?sort=id&order=asc&limit=10&offset=0

2017-10-12 04:14:50_0.00298100 1507752890 :/favicon.ico

2017-10-12 04:15:21_0.93614800 1507752921 :/standard/summary_month

2017-10-12 04:15:22_0.15645900 1507752922 :/Standard/ajaxGetSummaryMonthList?sort=id&order=asc&limit=10&offset=0

2017-10-12 04:15:22_0.33531300 1507752922 :/favicon.ico

2017-10-12 04:16:04_0.68820900 1507752964 :/standard/summary_month

2017-10-12 04:16:04_0.91016700 1507752964 :/Standard/ajaxGetSummaryMonthList?sort=id&order=asc&limit=10&offset=0

2017-10-12 04:16:05_0.09610500 1507752965 :/favicon.ico

2017-10-12 04:16:06_0.74990600 1507752966 :/standard/summary_section

2017-10-12 04:16:06_0.88082900 1507752966 :/Standard/ajaxEditImportDataList?sort=id&order=asc&limit=10&offset=0

2017-10-12 04:16:06_0.96992900 1507752966 :/favicon.ico

2017-10-12 04:16:08_0.05104300 1507752968 :/standard/summary_section

2017-10-12 04:16:08_0.17667600 1507752968 :/Standard/ajaxEditImportDataList?sort=id&order=asc&limit=10&offset=0

2017-10-12 04:16:08_0.26379300 1507752968 :/favicon.ico

2017-10-12 04:18:21_0.06851400 1507753101 :/standard/summary_section

2017-10-12 04:18:21_0.28486800 1507753101 :/Standard/ajaxEditImportDataList?sort=id&order=asc&limit=10&offset=0

2017-10-12 04:18:21_0.44094600 1507753101 :/favicon.ico

2017-10-12 04:20:59_0.41034300 1507753259 :/standard/summary_section

2017-10-12 04:20:59_0.65800600 1507753259 :/Standard/ajaxEditImportDataList?sort=id&order=asc&limit=10&offset=0

2017-10-12 04:20:59_0.82151300 1507753259 :/favicon.ico

2017-10-12 04:21:02_0.49877800 1507753262 :/standard/summary_section

2017-10-12 04:21:02_0.62938700 1507753262 :/Standard/ajaxGetSummarySectionList?sort=id&order=asc&limit=10&offset=0

2017-10-12 04:21:02_0.71999400 1507753262 :/favicon.ico

2017-10-12 04:21:03_0.27222800 1507753263 :/standard/summary_section

2017-10-12 04:21:03_0.39418000 1507753263 :/Standard/ajaxGetSummarySectionList?sort=id&order=asc&limit=10&offset=0

2017-10-12 04:21:03_0.48575400 1507753263 :/favicon.ico

2017-10-12 04:21:47_0.95969000 1507753307 :/standard/summary_section

2017-10-12 04:21:48_0.19582600 1507753308 :/Standard/ajaxGetSummarySectionList?sort=id&order=asc&limit=10&offset=0

2017-10-12 04:21:48_0.35553000 1507753308 :/favicon.ico

2017-10-12 04:21:49_0.59716100 1507753309 :/standard/summary_section

2017-10-12 04:21:49_0.74087600 1507753309 :/Standard/ajaxGetSummarySectionList?sort=id&order=asc&limit=10&offset=0

2017-10-12 04:21:49_0.82411500 1507753309 :/favicon.ico

2017-10-12 04:21:50_0.74778800 1507753310 :/standard/summary_section

2017-10-12 04:21:50_0.87493500 1507753310 :/Standard/ajaxGetSummarySectionList?sort=id&order=asc&limit=10&offset=0

2017-10-12 04:21:50_0.96241800 1507753310 :/favicon.ico

2017-10-12 04:21:51_0.38091000 1507753311 :/standard/summary_section

2017-10-12 04:21:51_0.50869300 1507753311 :/Standard/ajaxGetSummarySectionList?sort=id&order=asc&limit=10&offset=0

2017-10-12 04:21:51_0.59410000 1507753311 :/favicon.ico

2017-10-12 04:22:05_0.38960400 1507753325 :/standard/report_department

2017-10-12 04:22:05_0.63913000 1507753325 :/Standard/ajaxGetReportDepartment

2017-10-12 04:22:05_0.80301100 1507753325 :/favicon.ico

2017-10-12 04:22:07_0.80807800 1507753327 :/Standard/ajaxSubmitReportDepartment

2017-10-12 04:22:11_0.29930300 1507753331 :/standard/summary_month

2017-10-12 04:22:11_0.44085200 1507753331 :/Standard/ajaxGetSummaryMonthList?sort=id&order=asc&limit=10&offset=0

2017-10-12 04:22:11_0.54473000 1507753331 :/favicon.ico

2017-10-12 04:22:13_0.56208900 1507753333 :/standard/summary_section

2017-10-12 04:22:13_0.68638100 1507753333 :/Standard/ajaxGetSummarySectionList?sort=id&order=asc&limit=10&offset=0

2017-10-12 04:22:13_0.77122600 1507753333 :/favicon.ico

2017-10-12 04:22:20_0.03132900 1507753340 :/standard/summary_section

2017-10-12 04:22:20_0.15205200 1507753340 :/Standard/ajaxGetSummarySectionList?sort=id&order=asc&limit=10&offset=0

2017-10-12 04:22:20_0.23641700 1507753340 :/favicon.ico

2017-10-12 04:22:21_0.64215000 1507753341 :/standard/summary_section

2017-10-12 04:22:21_0.76379700 1507753341 :/Standard/ajaxGetSummarySectionList?sort=id&order=asc&limit=10&offset=0

2017-10-12 04:22:21_0.84969400 1507753341 :/favicon.ico

2017-10-12 04:22:57_0.55571100 1507753377 :/standard/export_dictionary

2017-10-12 04:22:57_0.81073000 1507753377 :/Standard/ajaxGetExportDictionary

2017-10-12 04:22:57_0.94739100 1507753377 :/favicon.ico

2017-10-12 04:23:02_0.14251100 1507753382 :/standard/report_department

2017-10-12 04:23:02_0.29979500 1507753382 :/Standard/ajaxGetReportDepartment

2017-10-12 04:23:02_0.40366400 1507753382 :/favicon.ico

2017-10-12 04:23:11_0.06169200 1507753391 :/Standard/ajaxSubmitReportDepartment

2017-10-12 04:23:12_0.65180300 1507753392 :/standard/export_dictionary

2017-10-12 04:23:12_0.90215200 1507753392 :/Standard/ajaxGetExportDictionary

2017-10-12 04:23:13_0.02931600 1507753393 :/favicon.ico

2017-10-12 04:23:15_0.01790200 1507753395 :/Standard/ajaxExportDictionarySubmit

2017-10-12 04:23:16_0.61123300 1507753396 :/standard/edit_data

2017-10-12 04:23:16_0.75245300 1507753396 :/Standard/ajaxEditImportDataList?sort=id&order=asc&limit=10&offset=0

2017-10-12 04:23:16_0.85174400 1507753396 :/favicon.ico

2017-10-12 04:23:17_0.95277000 1507753397 :/standard/summary_section

2017-10-12 04:23:18_0.16864200 1507753398 :/favicon.ico

2017-10-12 04:23:28_0.02891800 1507753408 :/standard/edit_data

2017-10-12 04:23:28_0.14984100 1507753408 :/Standard/ajaxEditImportDataList?sort=id&order=asc&limit=10&offset=0

2017-10-12 04:23:28_0.24500200 1507753408 :/favicon.ico

2017-10-12 04:23:29_0.46555700 1507753409 :/standard/export_dictionary

2017-10-12 04:23:29_0.61706200 1507753409 :/Standard/ajaxGetExportDictionary

2017-10-12 04:23:29_0.70877200 1507753409 :/favicon.ico

2017-10-12 04:23:32_0.06068600 1507753412 :/Standard/ajaxExportDictionarySubmit

2017-10-12 04:23:36_0.13409100 1507753416 :/standard/list_data

2017-10-12 04:23:36_0.27171700 1507753416 :/Standard/ajaxImportDataList?sort=id&order=asc&limit=10&offset=0

2017-10-12 04:23:36_0.37137900 1507753416 :/favicon.ico

2017-10-12 04:23:37_0.49141900 1507753417 :/standard/summary_section

2017-10-12 04:23:37_0.62493100 1507753417 :/Standard/ajaxGetSummarySectionList?sort=id&order=asc&limit=10&offset=0

2017-10-12 04:23:37_0.71404800 1507753417 :/favicon.ico

2017-10-12 04:23:57_0.40081000 1507753437 :/standard/export_dictionary

2017-10-12 04:23:57_0.65008200 1507753437 :/Standard/ajaxGetExportDictionary

2017-10-12 04:23:57_0.80032600 1507753437 :/favicon.ico

2017-10-12 04:24:19_0.31432500 1507753459 :/standard/summary_section

2017-10-12 04:24:19_0.55203300 1507753459 :/Standard/ajaxGetSummarySectionList?sort=id&order=asc&limit=10&offset=0

2017-10-12 04:24:19_0.72455900 1507753459 :/favicon.ico

2017-10-12 04:26:22_0.20804900 1507753582 :/standard/list_data

2017-10-12 04:26:22_0.46254100 1507753582 :/Standard/ajaxImportDataList?sort=id&order=asc&limit=10&offset=0

2017-10-12 04:26:22_0.63806200 1507753582 :/favicon.ico

2017-10-12 04:26:28_0.16390400 1507753588 :/standard/list_data

2017-10-12 04:26:28_0.31187600 1507753588 :/Standard/ajaxImportDataList?sort=id&order=asc&limit=10&offset=0

2017-10-12 04:26:28_0.40869000 1507753588 :/favicon.ico

2017-10-12 04:26:31_0.61019200 1507753591 :/standard/list_data

2017-10-12 04:26:31_0.74584600 1507753591 :/Standard/ajaxImportDataList?sort=id&order=asc&limit=10&offset=0

2017-10-12 04:26:31_0.84794600 1507753591 :/favicon.ico

2017-10-12 04:26:36_0.13039300 1507753596 :/standard/export_dictionary

2017-10-12 04:26:36_0.28472000 1507753596 :/Standard/ajaxGetExportDictionary

2017-10-12 04:26:36_0.38041100 1507753596 :/favicon.ico

2017-10-12 04:26:38_0.46450600 1507753598 :/Standard/ajaxExportDictionarySubmit

2017-10-12 04:26:41_0.01674000 1507753601 :/standard/list_data

2017-10-12 04:26:41_0.14904200 1507753601 :/Standard/ajaxImportDataList?sort=id&order=asc&limit=10&offset=0

2017-10-12 04:26:41_0.25711500 1507753601 :/favicon.ico

2017-10-12 04:27:17_0.04366000 1507753637 :/standard/list_data

2017-10-12 04:27:17_0.28464100 1507753637 :/Standard/ajaxImportDataList?sort=id&order=asc&limit=10&offset=0

2017-10-12 04:27:17_0.45258700 1507753637 :/favicon.ico

2017-10-12 04:27:19_0.60187900 1507753639 :/standard/summary_section

2017-10-12 04:27:19_0.82183800 1507753639 :/favicon.ico

2017-10-12 04:27:22_0.52670500 1507753642 :/standard/summary_section

2017-10-12 04:27:22_0.66908200 1507753642 :/Standard/ajaxGetSummarySectionList?sort=id&order=asc&limit=10&offset=0

2017-10-12 04:27:22_0.77661000 1507753642 :/favicon.ico

2017-10-12 04:31:25_0.65260600 1507753885 :/standard/ajaxGetSummarySectionList

2017-10-12 04:31:25_0.98798500 1507753885 :/favicon.ico

2017-10-12 04:32:28_0.01022000 1507753948 :/standard/ajaxGetSummarySectionList

2017-10-12 04:32:28_0.08907500 1507753948 :/favicon.ico

2017-10-12 04:34:09_0.00306700 1507754049 :/standard/summary_section

2017-10-12 04:34:09_0.25151400 1507754049 :/Standard/ajaxGetSummarySectionList?sort=id&order=asc&limit=10&offset=0

2017-10-12 04:34:09_0.40459000 1507754049 :/favicon.ico

2017-10-12 04:37:07_0.23930100 1507754227 :/standard/summary_section

2017-10-12 04:37:07_0.47528200 1507754227 :/Standard/ajaxGetSummarySectionList?sort=id&order=asc&limit=10&offset=0

2017-10-12 04:37:07_0.63106200 1507754227 :/favicon.ico

2017-10-12 04:37:22_0.91341200 1507754242 :/standard/summary_section

2017-10-12 04:37:23_0.14404800 1507754243 :/Standard/ajaxGetSummarySectionList?sort=id&order=asc&limit=10&offset=0

2017-10-12 04:37:23_0.29302000 1507754243 :/favicon.ico

2017-10-12 04:37:29_0.00700400 1507754249 :/standard/ajaxGetSummarySectionList

2017-10-12 04:37:29_0.20701900 1507754249 :/favicon.ico

2017-10-12 04:37:56_0.43061100 1507754276 :/standard/ajaxGetSummarySectionList

2017-10-12 04:37:56_0.62413400 1507754276 :/favicon.ico

2017-10-12 04:38:23_0.19480300 1507754303 :/standard/ajaxGetSummarySectionList

2017-10-12 04:38:23_0.36088600 1507754303 :/favicon.ico

2017-10-12 04:38:28_0.10487000 1507754308 :/standard/summary_section

2017-10-12 04:38:28_0.34034100 1507754308 :/Standard/ajaxGetSummarySectionList?sort=id&order=asc&limit=10&offset=0

2017-10-12 04:38:28_0.51671500 1507754308 :/favicon.ico

2017-10-12 04:38:42_0.32256400 1507754322 :/standard/summary_section

2017-10-12 04:38:42_0.55290100 1507754322 :/Standard/ajaxGetSummarySectionList?sort=id&order=asc&limit=10&offset=0

2017-10-12 04:38:42_0.70643400 1507754322 :/favicon.ico

2017-10-12 04:39:19_0.11868900 1507754359 :/standard/summary_section

2017-10-12 04:39:19_0.35971200 1507754359 :/Standard/ajaxGetSummarySectionList?sort=id&order=asc&limit=10&offset=0

2017-10-12 04:39:19_0.52445100 1507754359 :/favicon.ico

2017-10-12 04:39:37_0.21992700 1507754377 :/standard/summary_section

2017-10-12 04:39:37_0.45725900 1507754377 :/Standard/ajaxGetSummarySectionList?sort=id&order=asc&limit=10&offset=0

2017-10-12 04:39:37_0.63257900 1507754377 :/favicon.ico

2017-10-12 04:41:56_0.93791800 1507754516 :/standard/summary_section

2017-10-12 04:41:57_0.18046300 1507754517 :/Standard/ajaxGetSummarySectionList?sort=id&order=asc&limit=10&offset=0

2017-10-12 04:41:57_0.35814400 1507754517 :/favicon.ico

2017-10-12 04:42:02_0.71231700 1507754522 :/standard/summary_section

2017-10-12 04:42:02_0.86243700 1507754522 :/Standard/ajaxGetSummarySectionList?sort=id&order=asc&limit=10&offset=0

2017-10-12 04:42:02_0.97629000 1507754522 :/favicon.ico

2017-10-12 04:42:13_0.97191400 1507754533 :/standard/summary_section

2017-10-12 04:42:14_0.23321300 1507754534 :/Standard/ajaxGetSummarySectionList?sort=id&order=asc&limit=10&offset=0

2017-10-12 04:42:14_0.40867200 1507754534 :/favicon.ico

2017-10-12 04:42:17_0.83844400 1507754537 :/standard/summary_section

2017-10-12 04:42:17_0.98415800 1507754537 :/Standard/ajaxGetSummarySectionList?sort=id&order=asc&limit=10&offset=0

2017-10-12 04:42:18_0.09386400 1507754538 :/favicon.ico

2017-10-12 04:42:35_0.51804000 1507754555 :/standard/summary_section

2017-10-12 04:42:35_0.77201100 1507754555 :/Standard/ajaxGetSummarySectionList?sort=id&order=asc&limit=10&offset=0

2017-10-12 04:42:35_0.94019000 1507754555 :/favicon.ico

2017-10-12 04:42:36_0.50520100 1507754556 :/standard/summary_section

2017-10-12 04:42:36_0.66973200 1507754556 :/Standard/ajaxGetSummarySectionList?sort=id&order=asc&limit=10&offset=0

2017-10-12 04:42:36_0.77496100 1507754556 :/favicon.ico

2017-10-12 04:42:39_0.01418300 1507754559 :/standard/summary_section

2017-10-12 04:42:39_0.15210900 1507754559 :/Standard/ajaxGetSummarySectionList?sort=id&order=asc&limit=10&offset=0

2017-10-12 04:42:39_0.24825600 1507754559 :/favicon.ico

2017-10-12 04:44:06_0.70565300 1507754646 :/standard/list_data

2017-10-12 04:44:06_0.95361800 1507754646 :/Standard/ajaxImportDataList?sort=id&order=asc&limit=10&offset=0

2017-10-12 04:44:07_0.19998400 1507754647 :/favicon.ico

2017-10-12 04:44:07_0.90564100 1507754647 :/standard/list_data

2017-10-12 04:44:08_0.05789500 1507754648 :/Standard/ajaxImportDataList?sort=id&order=asc&limit=10&offset=0

2017-10-12 04:44:08_0.15720500 1507754648 :/favicon.ico

2017-10-12 04:44:08_0.61680800 1507754648 :/standard/list_data

2017-10-12 04:44:08_0.77321800 1507754648 :/Standard/ajaxImportDataList?sort=id&order=asc&limit=10&offset=0

2017-10-12 04:44:08_0.88454300 1507754648 :/favicon.ico

2017-10-12 04:44:09_0.33880900 1507754649 :/standard/list_data

2017-10-12 04:44:09_0.47393200 1507754649 :/Standard/ajaxImportDataList?sort=id&order=asc&limit=10&offset=0

2017-10-12 04:44:09_0.57934200 1507754649 :/favicon.ico

2017-10-12 04:44:10_0.01318600 1507754650 :/standard/list_data

2017-10-12 04:44:10_0.15310500 1507754650 :/Standard/ajaxImportDataList?sort=id&order=asc&limit=10&offset=0

2017-10-12 04:44:10_0.25399900 1507754650 :/favicon.ico

2017-10-12 04:44:10_0.67053300 1507754650 :/standard/list_data

2017-10-12 04:44:10_0.80495200 1507754650 :/Standard/ajaxImportDataList?sort=id&order=asc&limit=10&offset=0

2017-10-12 04:44:10_0.90542800 1507754650 :/favicon.ico

2017-10-12 04:44:11_0.28252900 1507754651 :/standard/list_data

2017-10-12 04:44:11_0.41752300 1507754651 :/Standard/ajaxImportDataList?sort=id&order=asc&limit=10&offset=0

2017-10-12 04:44:11_0.51290400 1507754651 :/favicon.ico

2017-10-12 04:44:16_0.90715900 1507754656 :/Standard/ajaxImportDataList?sort=id&order=asc&limit=10&offset=0&report_time=2017-09

2017-10-12 04:44:22_0.67804700 1507754662 :/standard/summary_section

2017-10-12 04:44:22_0.81723300 1507754662 :/Standard/ajaxGetSummarySectionList?sort=id&order=asc&limit=10&offset=0

2017-10-12 04:44:22_0.91119500 1507754662 :/favicon.ico

2017-10-12 04:44:24_0.36942500 1507754664 :/standard/summary_section

2017-10-12 04:44:24_0.50196600 1507754664 :/Standard/ajaxGetSummarySectionList?sort=id&order=asc&limit=10&offset=0

2017-10-12 04:44:24_0.59959200 1507754664 :/favicon.ico

2017-10-12 04:44:32_0.41166000 1507754672 :/standard/list_data

2017-10-12 04:44:32_0.54997000 1507754672 :/Standard/ajaxImportDataList?sort=id&order=asc&limit=10&offset=0

2017-10-12 04:44:32_0.65041700 1507754672 :/favicon.ico

2017-10-12 04:44:58_0.68572600 1507754698 :/standard/export_data

2017-10-12 04:44:58_0.90463000 1507754698 :/base/ajaxSectionList?sort=id&order=desc&limit=10&offset=0

2017-10-12 04:44:59_0.06694000 1507754699 :/favicon.ico

2017-10-12 04:45:02_0.81708900 1507754702 :/standard/export_data

2017-10-12 04:45:02_0.93618400 1507754702 :/base/ajaxSectionList?sort=id&order=desc&limit=10&offset=0

2017-10-12 04:45:03_0.02859000 1507754703 :/favicon.ico

2017-10-12 04:46:08_0.32557600 1507754768 :/standard/export_data

2017-10-12 04:46:08_0.53462000 1507754768 :/base/ajaxSectionList?sort=id&order=desc&limit=10&offset=0

2017-10-12 04:46:08_0.69957500 1507754768 :/favicon.ico

2017-10-12 04:46:17_0.24017000 1507754777 :/standard/summary_section

2017-10-12 04:46:17_0.39122300 1507754777 :/Standard/ajaxGetSummarySectionList?sort=id&order=asc&limit=10&offset=0

2017-10-12 04:46:17_0.52913200 1507754777 :/favicon.ico

2017-10-12 04:46:22_0.78846500 1507754782 :/standard/summary_month

2017-10-12 04:46:22_0.92021800 1507754782 :/Standard/ajaxGetSummaryMonthList?sort=id&order=asc&limit=10&offset=0

2017-10-12 04:46:23_0.02998100 1507754783 :/favicon.ico

2017-10-12 04:47:32_0.07573300 1507754852 :/standard/summary_month

2017-10-12 04:47:32_0.28769800 1507754852 :/Standard/ajaxGetSummaryMonthList?sort=id&order=asc&limit=10&offset=0

2017-10-12 04:47:32_0.44531600 1507754852 :/favicon.ico

2017-10-12 04:47:34_0.61918100 1507754854 :/standard/summary_section

2017-10-12 04:47:34_0.76212900 1507754854 :/Standard/ajaxGetSummarySectionList?sort=id&order=asc&limit=10&offset=0

2017-10-12 04:47:34_0.86574300 1507754854 :/favicon.ico

2017-10-12 04:47:58_0.82864600 1507754878 :/standard/ajaxGetSummarySectionList

2017-10-12 04:47:58_0.98893300 1507754878 :/favicon.ico

2017-10-12 04:48:05_0.38751200 1507754885 :/standard/summary_section

2017-10-12 04:48:05_0.61807800 1507754885 :/Standard/ajaxGetSummarySectionList?sort=id&order=asc&limit=10&offset=0

2017-10-12 04:48:05_0.79133100 1507754885 :/favicon.ico

2017-10-12 04:48:06_0.82232700 1507754886 :/standard/summary_month

2017-10-12 04:48:06_0.94866000 1507754886 :/Standard/ajaxGetSummaryMonthList?sort=id&order=asc&limit=10&offset=0

2017-10-12 04:48:07_0.04197900 1507754887 :/favicon.ico

2017-10-12 04:48:15_0.56101400 1507754895 :/standard/export_data

2017-10-12 04:48:15_0.68464800 1507754895 :/base/ajaxSectionList?sort=id&order=desc&limit=10&offset=0

2017-10-12 04:48:15_0.78270400 1507754895 :/favicon.ico

2017-10-12 04:48:21_0.15675600 1507754901 :/favicon.ico

2017-10-12 04:48:22_0.21455500 1507754902 :/favicon.ico

2017-10-12 04:48:23_0.42960100 1507754903 :/favicon.ico

2017-10-12 04:48:24_0.45168000 1507754904 :/favicon.ico

2017-10-12 04:48:25_0.19918600 1507754905 :/standard/report_indicators

2017-10-12 04:48:25_0.41228300 1507754905 :/Standard/ajaxGetReportIndicators?sort=id&order=asc&limit=10&offset=0

2017-10-12 04:48:25_0.42496000 1507754905 :/Standard/ajaxDictionaryGetAllChild?sort=id&order=asc&limit=10&offset=0

2017-10-12 04:48:25_0.59775100 1507754905 :/favicon.ico

2017-10-12 04:48:26_0.92837600 1507754906 :/favicon.ico

2017-10-12 04:48:27_0.59044900 1507754907 :/favicon.ico

2017-10-12 14:24:47_0.58473800 1507789487 :/

2017-10-12 14:24:48_0.12987400 1507789488 :/system/account/list

2017-10-12 14:24:48_0.30957100 1507789488 :/system/ajaxAccountGetList?sort=sort_weight&order=desc

2017-10-12 14:24:48_0.52779100 1507789488 :/favicon.ico

2017-10-12 14:24:50_0.98831300 1507789490 :/system/account/list

2017-10-12 14:24:51_0.10157400 1507789491 :/system/ajaxAccountGetList?sort=sort_weight&order=desc

2017-10-12 14:24:51_0.19577500 1507789491 :/favicon.ico

2017-10-12 14:24:52_0.32798400 1507789492 :/system/account/list

2017-10-12 14:24:52_0.43919100 1507789492 :/system/ajaxAccountGetList?sort=sort_weight&order=desc

2017-10-12 14:24:52_0.52038000 1507789492 :/favicon.ico

2017-10-12 14:24:54_0.99000500 1507789494 :/system/logout

2017-10-12 14:24:54_0.99424200 1507789494 :/system/

2017-10-12 14:24:55_0.02272800 1507789495 :/system/captcha

2017-10-12 14:24:55_0.15911200 1507789495 :/favicon.ico

2017-10-12 14:24:56_0.90824200 1507789496 :/system/

2017-10-12 14:24:56_0.92773800 1507789496 :/system/captcha

2017-10-12 14:24:57_0.05958900 1507789497 :/favicon.ico

2017-10-12 14:24:58_0.60681900 1507789498 :/system/

2017-10-12 14:24:58_0.62794700 1507789498 :/system/captcha

2017-10-12 14:24:58_0.73831200 1507789498 :/favicon.ico

2017-10-12 14:25:04_0.84934500 1507789504 :/system/ajaxLogin

2017-10-12 14:25:04_0.86435300 1507789504 :/welcome/index

2017-10-12 14:25:05_0.07084100 1507789505 :/favicon.ico

2017-10-12 14:25:07_0.88672300 1507789507 :/system/power/list

2017-10-12 14:25:08_0.00069300 1507789508 :/system/ajaxPowerGetList?sort=sort_weight&order=desc

2017-10-12 14:25:08_0.07563000 1507789508 :/favicon.ico

2017-10-12 14:25:12_0.12835800 1507789512 :/system/role/list

2017-10-12 14:25:12_0.25924100 1507789512 :/system/ajaxRoleGetList?sort=sort_weight&order=desc

2017-10-12 14:25:12_0.34215300 1507789512 :/favicon.ico

2017-10-12 14:25:16_0.23635800 1507789516 :/system/ajaxGetPower

2017-10-12 14:25:19_0.86047100 1507789519 :/system/ajaxRoleUpdate

2017-10-12 14:25:19_0.86997000 1507789519 :/system/ajaxRoleGetList?sort=sort_weight&order=desc

2017-10-12 14:25:22_0.75688500 1507789522 :/system/ajaxGetPower

2017-10-12 14:25:25_0.14907500 1507789525 :/system/account/list

2017-10-12 14:25:25_0.36096000 1507789525 :/system/ajaxAccountGetList?sort=sort_weight&order=desc

2017-10-12 14:25:25_0.52567800 1507789525 :/favicon.ico

2017-10-12 14:25:42_0.93418900 1507789542 :/system/ajaxAccountAdd

2017-10-12 14:25:42_0.95179900 1507789542 :/system/ajaxAccountGetList?sort=sort_weight&order=desc

2017-10-12 14:25:42_0.96893900 1507789542 :/system/account/list

2017-10-12 14:25:43_0.21704100 1507789543 :/system/ajaxAccountGetList?sort=sort_weight&order=desc

2017-10-12 14:25:43_0.40152100 1507789543 :/favicon.ico

2017-10-12 14:25:46_0.31635900 1507789546 :/system/ajaxAccountGetOne

2017-10-12 14:25:48_0.74384300 1507789548 :/system/role/list

2017-10-12 14:25:48_0.85804600 1507789548 :/system/ajaxRoleGetList?sort=sort_weight&order=desc

2017-10-12 14:25:48_0.95379400 1507789548 :/favicon.ico

2017-10-12 14:25:51_0.75841900 1507789551 :/system/ajaxGetPower

2017-10-12 14:26:01_0.02762900 1507789561 :/system/ajaxRoleUpdate

2017-10-12 14:26:01_0.03544700 1507789561 :/system/ajaxRoleGetList?sort=sort_weight&order=desc

2017-10-12 14:26:03_0.72718800 1507789563 :/system/power/list

2017-10-12 14:26:03_0.92605400 1507789563 :/system/ajaxPowerGetList?sort=sort_weight&order=desc

2017-10-12 14:26:04_0.07367100 1507789564 :/favicon.ico

2017-10-12 14:26:05_0.01058100 1507789565 :/system/account/list

2017-10-12 14:26:05_0.12639100 1507789565 :/system/ajaxAccountGetList?sort=sort_weight&order=desc

2017-10-12 14:26:05_0.21686000 1507789565 :/favicon.ico

2017-10-12 14:26:08_0.25978100 1507789568 :/system/ajaxAccountGetOne

2017-10-12 14:26:14_0.63568400 1507789574 :/system/logout

2017-10-12 14:26:14_0.64015800 1507789574 :/system/

2017-10-12 14:26:14_0.66744600 1507789574 :/system/captcha

2017-10-12 14:26:14_0.93236500 1507789574 :/favicon.ico

2017-10-12 14:26:18_0.99112500 1507789578 :/system/ajaxLogin

2017-10-12 14:26:18_0.99709200 1507789578 :/system/captcha?0.2800782320740762

2017-10-12 14:26:22_0.22929200 1507789582 :/system/ajaxLogin

2017-10-12 14:26:22_0.24423800 1507789582 :/welcome/index

2017-10-12 14:26:22_0.24660100 1507789582 request_uri:/welcome/

2017-10-12 14:26:22_0.24671500 1507789582 list:["\/base\/","\/welcome\/",null,null,"\/abnormal\/","\/standard\/"]

2017-10-12 14:26:22_0.44442100 1507789582 :/favicon.ico

2017-10-12 14:26:22_0.45284300 1507789582 request_uri:/favicon.ico/

2017-10-12 14:26:22_0.45834200 1507789582 list:["\/base\/","\/welcome\/",null,null,"\/abnormal\/","\/standard\/"]

2017-10-12 14:26:24_0.49980800 1507789584 :/favicon.ico

2017-10-12 14:26:25_0.99795400 1507789585 :/standard/list_data

2017-10-12 14:26:26_0.01955100 1507789586 :/system/captcha

2017-10-12 14:26:26_0.13865800 1507789586 :/favicon.ico

2017-10-12 14:26:44_0.13112100 1507789604 :/welcome/index

2017-10-12 14:26:44_0.42311600 1507789604 :/favicon.ico

2017-10-12 14:26:46_0.91011200 1507789606 :/system/ajaxLogin

2017-10-12 14:26:46_0.92292000 1507789606 :/welcome/index

2017-10-12 14:26:46_0.92496300 1507789606 request_uri:/welcome/

2017-10-12 14:26:46_0.92503000 1507789606 list:["\/base\/","\/welcome\/",null,null,"\/abnormal\/","\/standard\/"]

2017-10-12 14:26:47_0.14054900 1507789607 :/favicon.ico

2017-10-12 14:26:47_0.14867700 1507789607 request_uri:/favicon.ico/

2017-10-12 14:26:47_0.15283900 1507789607 list:["\/base\/","\/welcome\/",null,null,"\/abnormal\/","\/standard\/"]

2017-10-12 14:26:48_0.86486000 1507789608 :/standard/list_data

2017-10-12 14:26:48_0.88669100 1507789608 :/system/captcha

2017-10-12 14:26:49_0.00683000 1507789609 :/favicon.ico

2017-10-12 14:26:53_0.65276300 1507789613 :/system/ajaxLogin

2017-10-12 14:26:53_0.66701300 1507789613 :/welcome/index

2017-10-12 14:26:53_0.66921700 1507789613 request_uri:/welcome/

2017-10-12 14:26:53_0.66929400 1507789613 list:["\/base\/","\/welcome\/",null,null,"\/abnormal\/","\/standard\/"]

2017-10-12 14:26:53_0.84116200 1507789613 :/favicon.ico

2017-10-12 14:26:53_0.84941200 1507789613 request_uri:/favicon.ico/

2017-10-12 14:26:53_0.85472000 1507789613 list:["\/base\/","\/welcome\/",null,null,"\/abnormal\/","\/standard\/"]

2017-10-12 14:26:55_0.53476800 1507789615 :/welcome/index

2017-10-12 14:26:55_0.55419300 1507789615 :/system/captcha

2017-10-12 14:26:55_0.67381900 1507789615 :/favicon.ico

2017-10-12 14:27:03_0.63628500 1507789623 :/system/ajaxLogin

2017-10-12 14:27:03_0.64232400 1507789623 :/system/captcha?0.0449969047417087

2017-10-12 14:27:07_0.32381600 1507789627 :/system/ajaxLogin

2017-10-12 14:27:07_0.33899500 1507789627 :/welcome/index

2017-10-12 14:27:07_0.34142300 1507789627 request_uri:/welcome/

2017-10-12 14:27:07_0.34149700 1507789627 list:["\/base\/","\/welcome\/",null,null,"\/abnormal\/","\/standard\/"]

2017-10-12 14:27:07_0.67147200 1507789627 :/favicon.ico

2017-10-12 14:27:07_0.67902000 1507789627 request_uri:/favicon.ico/

2017-10-12 14:27:07_0.67910800 1507789627 list:["\/base\/","\/welcome\/",null,null,"\/abnormal\/","\/standard\/"]

2017-10-12 14:27:13_0.29375100 1507789633 :/welcome/index

2017-10-12 14:27:13_0.31182900 1507789633 :/system/captcha

2017-10-12 14:27:13_0.68061000 1507789633 :/favicon.ico

2017-10-12 14:28:24_0.22678100 1507789704 :/system/ajaxLogin

2017-10-12 14:28:24_0.23323300 1507789704 :/system/captcha?0.25329219417484294

2017-10-12 14:28:28_0.91261200 1507789708 :/system/ajaxLogin

2017-10-12 14:28:28_0.92838800 1507789708 :/welcome/index

2017-10-12 14:28:29_0.44769000 1507789709 :/favicon.ico

2017-10-12 14:28:31_0.85351200 1507789711 :/system/account/list

2017-10-12 14:28:32_0.15038000 1507789712 :/system/ajaxAccountGetList?sort=sort_weight&order=desc

2017-10-12 14:28:32_0.34709600 1507789712 :/favicon.ico

2017-10-12 14:28:34_0.02553300 1507789714 :/system/ajaxAccountGetOne

2017-10-12 14:28:39_0.05867600 1507789719 :/system/ajaxAccountUpdate

2017-10-12 14:28:39_0.07333600 1507789719 :/system/ajaxAccountGetList?sort=sort_weight&order=desc

2017-10-12 14:28:39_0.08923900 1507789719 :/system/account/list

2017-10-12 14:28:39_0.41224600 1507789719 :/system/ajaxAccountGetList?sort=sort_weight&order=desc

2017-10-12 14:28:39_0.62163300 1507789719 :/favicon.ico

2017-10-12 14:28:41_0.46194400 1507789721 :/system/ajaxAccountGetOne

2017-10-12 14:28:43_0.55282100 1507789723 :/system/role/list

2017-10-12 14:28:43_0.88174600 1507789723 :/system/ajaxRoleGetList?sort=sort_weight&order=desc

2017-10-12 14:28:44_0.06418400 1507789724 :/favicon.ico

2017-10-12 14:28:46_0.20035000 1507789726 :/system/ajaxGetPower

2017-10-12 14:29:02_0.73676000 1507789742 :/system/ajaxRoleUpdate

2017-10-12 14:29:02_0.74656400 1507789742 :/system/ajaxRoleGetList?sort=sort_weight&order=desc

2017-10-12 14:29:46_0.12300700 1507789786 :/system/power/list

2017-10-12 14:29:46_0.46624800 1507789786 :/system/ajaxPowerGetList?sort=sort_weight&order=desc

2017-10-12 14:29:46_0.66431200 1507789786 :/favicon.ico

2017-10-12 14:30:08_0.08286700 1507789808 :/system/ajaxPowerUpdate

2017-10-12 14:30:08_0.09156600 1507789808 :/system/ajaxPowerGetList?sort=sort_weight&order=desc

2017-10-12 14:30:08_0.10692500 1507789808 :/favicon.ico

2017-10-12 14:30:11_0.38944700 1507789811 :/system/role/list

2017-10-12 14:30:11_0.75955700 1507789811 :/system/ajaxRoleGetList?sort=sort_weight&order=desc

2017-10-12 14:30:11_0.95236800 1507789811 :/favicon.ico

2017-10-12 14:30:13_0.42218900 1507789813 :/system/account/list

2017-10-12 14:30:13_0.78525400 1507789813 :/system/ajaxAccountGetList?sort=sort_weight&order=desc

2017-10-12 14:30:13_0.98858900 1507789813 :/favicon.ico

2017-10-12 14:30:16_0.03562500 1507789816 :/system/logout

2017-10-12 14:30:16_0.03998700 1507789816 :/system/

2017-10-12 14:30:16_0.06963100 1507789816 :/system/captcha

2017-10-12 14:30:16_0.43386100 1507789816 :/favicon.ico

2017-10-12 14:30:21_0.75791200 1507789821 :/system/ajaxLogin

2017-10-12 14:30:21_0.77384400 1507789821 :/welcome/index

2017-10-12 14:30:21_0.77545300 1507789821 request_uri:/welcome/

2017-10-12 14:30:21_0.77552200 1507789821 list:["\/base\/","\/abnormal\/","\/standard\/","\/welcome\/"]

2017-10-12 14:30:22_0.20871700 1507789822 :/favicon.ico

2017-10-12 14:30:22_0.21531700 1507789822 request_uri:/favicon.ico/

2017-10-12 14:30:22_0.22109200 1507789822 list:["\/base\/","\/abnormal\/","\/standard\/","\/welcome\/"]

2017-10-12 14:30:23_0.71885700 1507789823 :/welcome/index

2017-10-12 14:30:23_0.74443000 1507789823 :/system/captcha

2017-10-12 14:30:24_0.09968600 1507789824 :/favicon.ico

2017-10-12 14:30:40_0.43721700 1507789840 :/system/ajaxLogin

2017-10-12 14:30:40_0.45305300 1507789840 :/welcome/index

2017-10-12 14:30:40_0.45465500 1507789840 request_uri:/welcome/

2017-10-12 14:30:40_0.45472900 1507789840 list:["\/base\/","\/abnormal\/","\/standard\/","\/welcome\/"]

2017-10-12 14:30:40_0.96194800 1507789840 :/favicon.ico

2017-10-12 14:30:40_0.96959400 1507789840 request_uri:/favicon.ico/

2017-10-12 14:30:40_0.97544900 1507789840 list:["\/base\/","\/abnormal\/","\/standard\/","\/welcome\/"]

2017-10-12 14:32:22_0.76328800 1507789942 :/welcome/index

2017-10-12 14:32:22_0.79584700 1507789942 :/system/captcha

2017-10-12 14:32:23_0.16347800 1507789943 :/favicon.ico

2017-10-12 14:32:27_0.44139700 1507789947 :/system/ajaxLogin

2017-10-12 14:32:27_0.45477300 1507789947 :/welcome/index

2017-10-12 14:32:27_0.45625300 1507789947 request_uri:/welcome/

2017-10-12 14:32:27_0.45632200 1507789947 list:["\/base\/","\/abnormal\/","\/standard\/","\/welcome\/"]

2017-10-12 14:32:27_0.94946800 1507789947 :/favicon.ico

2017-10-12 14:32:27_0.95720600 1507789947 request_uri:/favicon.ico/

2017-10-12 14:32:27_0.96277000 1507789947 list:["\/base\/","\/abnormal\/","\/standard\/","\/welcome\/"]

2017-10-12 14:32:30_0.98471800 1507789950 :/welcome/index

2017-10-12 14:32:30_0.98639200 1507789950 request_uri:/welcome/

2017-10-12 14:32:30_0.98665000 1507789950 list:["\/base\/","\/abnormal\/","\/standard\/","\/welcome\/"]

2017-10-12 14:32:31_0.53940400 1507789951 :/favicon.ico

2017-10-12 14:32:31_0.54226700 1507789951 request_uri:/favicon.ico/

2017-10-12 14:32:31_0.54237200 1507789951 list:["\/base\/","\/abnormal\/","\/standard\/","\/welcome\/"]

2017-10-12 14:32:33_0.28007300 1507789953 :/welcome/index

2017-10-12 14:32:33_0.28210200 1507789953 request_uri:/welcome/

2017-10-12 14:32:33_0.28228500 1507789953 list:["\/base\/","\/abnormal\/","\/standard\/","\/welcome\/"]

2017-10-12 14:32:33_0.76236000 1507789953 :/favicon.ico

2017-10-12 14:32:33_0.76390900 1507789953 request_uri:/favicon.ico/

2017-10-12 14:32:33_0.76423200 1507789953 list:["\/base\/","\/abnormal\/","\/standard\/","\/welcome\/"]

2017-10-12 14:32:34_0.79565400 1507789954 :/base/section

2017-10-12 14:32:34_0.79740000 1507789954 request_uri:/base/

2017-10-12 14:32:34_0.79748500 1507789954 list:["\/base\/","\/abnormal\/","\/standard\/","\/welcome\/"]

2017-10-12 14:32:34_0.79911800 1507789954 request_uri:/base/

2017-10-12 14:32:34_0.79927200 1507789954 list:["\/base\/","\/abnormal\/","\/standard\/","\/welcome\/"]

2017-10-12 14:32:35_0.12484300 1507789955 :/base/ajaxSectionList?sort=id&order=desc&limit=10&offset=0

2017-10-12 14:32:35_0.12646600 1507789955 request_uri:/base/

2017-10-12 14:32:35_0.12669300 1507789955 list:["\/base\/","\/abnormal\/","\/standard\/","\/welcome\/"]

2017-10-12 14:32:35_0.32947500 1507789955 :/favicon.ico

2017-10-12 14:32:35_0.33114800 1507789955 request_uri:/favicon.ico/

2017-10-12 14:32:35_0.33145000 1507789955 list:["\/base\/","\/abnormal\/","\/standard\/","\/welcome\/"]

2017-10-12 14:32:36_0.82869000 1507789956 :/abnormal/piping

2017-10-12 14:32:36_0.83024500 1507789956 request_uri:/abnormal/

2017-10-12 14:32:36_0.83032000 1507789956 list:["\/base\/","\/abnormal\/","\/standard\/","\/welcome\/"]

2017-10-12 14:32:37_0.16698200 1507789957 :/Abnormal/ajaxPipingList?sort=id&order=desc&limit=10&offset=0

2017-10-12 14:32:37_0.16911000 1507789957 request_uri:/abnormal/

2017-10-12 14:32:37_0.16919200 1507789957 list:["\/base\/","\/abnormal\/","\/standard\/","\/welcome\/"]

2017-10-12 14:32:37_0.49518900 1507789957 :/favicon.ico

2017-10-12 14:32:37_0.49658400 1507789957 request_uri:/favicon.ico/

2017-10-12 14:32:37_0.49695300 1507789957 list:["\/base\/","\/abnormal\/","\/standard\/","\/welcome\/"]

2017-10-12 14:32:39_0.32088400 1507789959 :/favicon.ico

2017-10-12 14:32:39_0.32261500 1507789959 request_uri:/favicon.ico/

2017-10-12 14:32:39_0.32268700 1507789959 list:["\/base\/","\/abnormal\/","\/standard\/","\/welcome\/"]

2017-10-12 14:32:41_0.03035300 1507789961 :/favicon.ico

2017-10-12 14:32:41_0.03198900 1507789961 request_uri:/favicon.ico/

2017-10-12 14:32:41_0.03223800 1507789961 list:["\/base\/","\/abnormal\/","\/standard\/","\/welcome\/"]

2017-10-12 14:32:41_0.51296200 1507789961 :/standard/import_data

2017-10-12 14:32:41_0.51579000 1507789961 request_uri:/standard/

2017-10-12 14:32:41_0.51599200 1507789961 list:["\/base\/","\/abnormal\/","\/standard\/","\/welcome\/"]

2017-10-12 14:32:41_0.51761500 1507789961 request_uri:/standard/

2017-10-12 14:32:41_0.51769000 1507789961 list:["\/base\/","\/abnormal\/","\/standard\/","\/welcome\/"]

2017-10-12 14:32:42_0.06642600 1507789962 :/Standard/ajaxGetExportDictionary

2017-10-12 14:32:42_0.07141700 1507789962 request_uri:/standard/

2017-10-12 14:32:42_0.07152600 1507789962 list:["\/base\/","\/abnormal\/","\/standard\/","\/welcome\/"]

2017-10-12 14:32:42_0.37107900 1507789962 :/favicon.ico

2017-10-12 14:32:42_0.37282200 1507789962 request_uri:/favicon.ico/

2017-10-12 14:32:42_0.37289300 1507789962 list:["\/base\/","\/abnormal\/","\/standard\/","\/welcome\/"]

2017-10-12 14:32:58_0.91393400 1507789978 :/standard/import_data

2017-10-12 14:32:58_0.91650700 1507789978 request_uri:/standard/

2017-10-12 14:32:58_0.91656700 1507789978 list:["\/base\/","\/abnormal\/","\/standard\/","\/welcome\/"]

2017-10-12 14:32:58_0.91817500 1507789978 request_uri:/standard/

2017-10-12 14:32:58_0.91823600 1507789978 list:["\/base\/","\/abnormal\/","\/standard\/","\/welcome\/"]

2017-10-12 14:32:59_0.44324700 1507789979 :/Standard/ajaxGetExportDictionary

2017-10-12 14:32:59_0.44582100 1507789979 request_uri:/standard/

2017-10-12 14:32:59_0.44589300 1507789979 list:["\/base\/","\/abnormal\/","\/standard\/","\/welcome\/"]

2017-10-12 14:32:59_0.65846300 1507789979 :/favicon.ico

2017-10-12 14:32:59_0.66061600 1507789979 request_uri:/favicon.ico/

2017-10-12 14:32:59_0.66075900 1507789979 list:["\/base\/","\/abnormal\/","\/standard\/","\/welcome\/"]

