2017-10-04 16:25:53_0.62256300 1507105553 :/abnormal/other

2017-10-04 16:25:54_0.00532100 1507105554 :/Abnormal/ajaxOtherList?sort=id&order=desc&limit=10&offset=0

2017-10-04 16:25:59_0.38211500 1507105559 :/favicon.ico

2017-10-04 16:28:41_0.15766200 1507105721 :/abnormal/other

2017-10-04 16:28:41_0.49457000 1507105721 :/Abnormal/ajaxOtherList?sort=id&order=desc&limit=10&offset=0

2017-10-04 16:28:41_0.78981800 1507105721 :/favicon.ico

2017-10-04 16:28:43_0.37821700 1507105723 :/abnormal/other

2017-10-04 16:28:43_0.67796100 1507105723 :/Abnormal/ajaxOtherList?sort=id&order=desc&limit=10&offset=0

2017-10-04 16:28:43_0.97397200 1507105723 :/favicon.ico

2017-10-04 16:28:45_0.38465600 1507105725 :/abnormal/other

2017-10-04 16:28:45_0.70249700 1507105725 :/Abnormal/ajaxOtherList?sort=id&order=desc&limit=10&offset=0

2017-10-04 16:28:47_0.80843900 1507105727 :/favicon.ico

2017-10-04 16:29:29_0.68396400 1507105769 :/abnormal/other

2017-10-04 16:29:30_0.01426700 1507105770 :/Abnormal/ajaxOtherList?sort=id&order=desc&limit=10&offset=0

2017-10-04 16:29:30_0.33647800 1507105770 :/favicon.ico

2017-10-04 16:29:31_0.96177200 1507105771 :/abnormal/other

2017-10-04 16:29:32_0.26866600 1507105772 :/Abnormal/ajaxOtherList?sort=id&order=desc&limit=10&offset=0

2017-10-04 16:29:32_0.56247800 1507105772 :/favicon.ico

2017-10-04 16:29:33_0.37341800 1507105773 :/abnormal/other

2017-10-04 16:29:33_0.66425100 1507105773 :/Abnormal/ajaxOtherList?sort=id&order=desc&limit=10&offset=0

2017-10-04 16:29:33_0.96031100 1507105773 :/favicon.ico

2017-10-04 16:30:20_0.18596200 1507105820 :/abnormal/other

2017-10-04 16:30:20_0.49922300 1507105820 :/Abnormal/ajaxOtherList?sort=id&order=desc&limit=10&offset=0

2017-10-04 16:30:20_0.84030800 1507105820 :/favicon.ico

2017-10-04 16:30:21_0.95384700 1507105821 :/abnormal/other

2017-10-04 16:30:22_0.25704600 1507105822 :/Abnormal/ajaxOtherList?sort=id&order=desc&limit=10&offset=0

2017-10-04 16:30:22_0.54567400 1507105822 :/favicon.ico

2017-10-04 16:30:22_0.89767300 1507105822 :/abnormal/other

2017-10-04 16:30:23_0.20759600 1507105823 :/Abnormal/ajaxOtherList?sort=id&order=desc&limit=10&offset=0

2017-10-04 16:30:23_0.50433100 1507105823 :/favicon.ico

2017-10-04 16:30:24_0.77171000 1507105824 :/abnormal/other

2017-10-04 16:30:25_0.06128500 1507105825 :/Abnormal/ajaxOtherList?sort=id&order=desc&limit=10&offset=0

2017-10-04 16:30:25_0.35201300 1507105825 :/favicon.ico

2017-10-04 16:31:35_0.98850500 1507105895 :/abnormal/other

2017-10-04 16:31:36_0.36770100 1507105896 :/Abnormal/ajaxOtherList?sort=id&order=desc&limit=10&offset=0

2017-10-04 16:31:37_0.08267000 1507105897 :/favicon.ico

2017-10-04 16:31:37_0.58705700 1507105897 :/abnormal/other

2017-10-04 16:31:37_0.89001900 1507105897 :/Abnormal/ajaxOtherList?sort=id&order=desc&limit=10&offset=0

2017-10-04 16:31:38_0.18852200 1507105898 :/favicon.ico

2017-10-04 16:31:40_0.02116100 1507105900 :/abnormal/other

2017-10-04 16:31:40_0.33284700 1507105900 :/Abnormal/ajaxOtherList?sort=id&order=desc&limit=10&offset=0

2017-10-04 16:31:40_0.62116600 1507105900 :/favicon.ico

2017-10-04 16:31:55_0.18086000 1507105915 :/favicon.ico

2017-10-04 16:32:27_0.20687500 1507105947 :/abnormal/other

2017-10-04 16:32:27_0.57768400 1507105947 :/Abnormal/ajaxOtherList?sort=id&order=desc&limit=10&offset=0

2017-10-04 16:32:27_0.91433600 1507105947 :/favicon.ico

2017-10-04 16:32:29_0.17043000 1507105949 :/welcome/index

2017-10-04 16:32:29_0.59919000 1507105949 :/favicon.ico

2017-10-04 16:32:30_0.95753300 1507105950 :/system/account/list

2017-10-04 16:32:31_0.29902100 1507105951 :/system/ajaxAccountGetList?sort=sort_weight&order=desc

2017-10-04 16:32:31_0.48277200 1507105951 :/favicon.ico

2017-10-04 16:32:31_0.96721700 1507105951 :/system/role/list

2017-10-04 16:32:32_0.23225700 1507105952 :/system/ajaxRoleGetList?sort=sort_weight&order=desc

2017-10-04 16:32:32_0.41617600 1507105952 :/favicon.ico

2017-10-04 16:32:32_0.92995300 1507105952 :/system/power/list

2017-10-04 16:32:33_0.24485600 1507105953 :/system/ajaxPowerGetList?sort=sort_weight&order=desc

2017-10-04 16:32:33_0.41346200 1507105953 :/favicon.ico

2017-10-04 16:32:35_0.05611700 1507105955 :/base/section

2017-10-04 16:32:35_0.37679600 1507105955 :/base/ajaxSectionList?sort=id&order=desc&limit=10&offset=0

2017-10-04 16:32:36_0.12298600 1507105956 :/favicon.ico

2017-10-04 16:32:36_0.73224900 1507105956 :/abnormal/piping

2017-10-04 16:32:37_0.06113600 1507105957 :/Abnormal/ajaxPipingList?sort=id&order=desc&limit=10&offset=0

2017-10-04 16:32:37_0.36870900 1507105957 :/favicon.ico

2017-10-04 16:32:39_0.59398800 1507105959 :/favicon.ico

2017-10-04 16:32:41_0.06329600 1507105961 :/abnormal/piping

2017-10-04 16:32:41_0.34209900 1507105961 :/Abnormal/ajaxPipingList?sort=id&order=desc&limit=10&offset=0

2017-10-04 16:32:41_0.65114400 1507105961 :/favicon.ico

2017-10-04 16:34:34_0.33922300 1507106074 :/system/account/list

2017-10-04 16:34:34_0.68679200 1507106074 :/system/ajaxAccountGetList?sort=sort_weight&order=desc

2017-10-04 16:34:34_0.92016700 1507106074 :/favicon.ico

2017-10-04 16:34:35_0.59865900 1507106075 :/system/role/list

2017-10-04 16:34:35_0.88645500 1507106075 :/system/ajaxRoleGetList?sort=sort_weight&order=desc

2017-10-04 16:34:36_0.06716000 1507106076 :/favicon.ico

2017-10-04 16:34:36_0.73763800 1507106076 :/system/power/list

2017-10-04 16:34:37_0.06273400 1507106077 :/system/ajaxPowerGetList?sort=sort_weight&order=desc

2017-10-04 16:34:37_0.25487500 1507106077 :/favicon.ico

2017-10-04 16:34:38_0.52933300 1507106078 :/base/section

2017-10-04 16:34:38_0.86275000 1507106078 :/base/ajaxSectionList?sort=id&order=desc&limit=10&offset=0

2017-10-04 16:34:39_0.04399900 1507106079 :/favicon.ico

2017-10-04 16:34:40_0.58452100 1507106080 :/abnormal/piping

2017-10-04 16:34:40_0.86407700 1507106080 :/Abnormal/ajaxPipingList?sort=id&order=desc&limit=10&offset=0

2017-10-04 16:34:41_0.68803800 1507106081 :/abnormal/medicine

2017-10-04 16:34:41_0.97125200 1507106081 :/Abnormal/ajaxMedicineList?sort=id&order=desc&limit=10&offset=0

2017-10-04 16:34:42_0.64668800 1507106082 :/favicon.ico

2017-10-04 16:34:43_0.25261700 1507106083 :/abnormal/stab

2017-10-04 16:34:43_0.53792700 1507106083 :/Abnormal/ajaxStabList?sort=id&order=desc&limit=10&offset=0

2017-10-04 16:34:43_0.84030200 1507106083 :/favicon.ico

2017-10-04 16:34:45_0.64212600 1507106085 :/Abnormal/ajaxGetOneAnalysis

2017-10-04 16:34:47_0.89748700 1507106087 :/Abnormal/ajaxGetOneEvaluation

2017-10-04 16:34:50_0.64200000 1507106090 :/abnormal/piping

2017-10-04 16:34:50_0.92968600 1507106090 :/Abnormal/ajaxPipingList?sort=id&order=desc&limit=10&offset=0

2017-10-04 16:34:51_0.22530300 1507106091 :/favicon.ico

2017-10-04 16:34:52_0.18193100 1507106092 :/Abnormal/ajaxGetOneEvaluation

2017-10-04 16:37:12_0.46567800 1507106232 :/favicon.ico

2017-10-04 16:38:25_0.31950700 1507106305 :/standard/dictionaries

2017-10-04 16:38:25_0.53017700 1507106305 :/favicon.ico

2017-10-04 16:38:26_0.85400400 1507106306 :/standard/dictionaries

2017-10-04 16:38:27_0.05031800 1507106307 :/favicon.ico

2017-10-04 16:39:07_0.51859200 1507106347 :/standard/dictionaries

2017-10-04 16:39:07_0.83256700 1507106347 :/favicon.ico

2017-10-04 16:39:08_0.97980900 1507106348 :/standard/dictionaries

2017-10-04 16:39:09_0.16829000 1507106349 :/favicon.ico

2017-10-04 16:39:13_0.17406000 1507106353 :/standard/dictionaries

2017-10-04 16:39:13_0.50452300 1507106353 :/base/ajaxSectionList?sort=id&order=desc&limit=10&offset=0

2017-10-04 16:39:13_0.70295500 1507106353 :/favicon.ico

2017-10-04 16:39:19_0.32137200 1507106359 :/base/section

2017-10-04 16:39:19_0.60661500 1507106359 :/base/ajaxSectionList?sort=id&order=desc&limit=10&offset=0

2017-10-04 16:39:21_0.42127200 1507106361 :/favicon.ico

2017-10-04 16:39:23_0.11305300 1507106363 :/standard/dictionaries

2017-10-04 16:39:23_0.39651300 1507106363 :/base/ajaxSectionList?sort=id&order=desc&limit=10&offset=0

2017-10-04 16:39:23_0.56984700 1507106363 :/favicon.ico

2017-10-04 16:42:34_0.63180500 1507106554 :/standard/dictionaries

2017-10-04 16:42:34_0.93238500 1507106554 :/base/ajaxSectionList?sort=id&order=desc&limit=10&offset=0

2017-10-04 16:42:36_0.05387800 1507106556 :/standard/dictionaries

2017-10-04 16:42:36_0.34294800 1507106556 :/base/ajaxSectionList?sort=id&order=desc&limit=10&offset=0

2017-10-04 16:42:36_0.61133200 1507106556 :/favicon.ico

2017-10-04 16:42:36_0.88578700 1507106556 :/standard/dictionaries

2017-10-04 16:42:37_0.17316300 1507106557 :/base/ajaxSectionList?sort=id&order=desc&limit=10&offset=0

2017-10-04 16:42:37_0.34415100 1507106557 :/favicon.ico

2017-10-04 16:42:37_0.68499700 1507106557 :/standard/dictionaries

2017-10-04 16:42:37_0.95797300 1507106557 :/base/ajaxSectionList?sort=id&order=desc&limit=10&offset=0

2017-10-04 16:42:38_0.13356100 1507106558 :/favicon.ico

2017-10-04 16:42:46_0.18960300 1507106566 :/abnormal/piping

2017-10-04 16:42:46_0.49072200 1507106566 :/Abnormal/ajaxPipingList?sort=id&order=desc&limit=10&offset=0

2017-10-04 16:42:46_0.79408000 1507106566 :/favicon.ico

2017-10-04 16:42:51_0.61921600 1507106571 :/abnormal/piping

2017-10-04 16:42:52_0.16559500 1507106572 :/favicon.ico

2017-10-04 16:43:01_0.81921300 1507106581 :/standard/dictionaries

2017-10-04 16:43:02_0.10831500 1507106582 :/base/ajaxSectionList?sort=id&order=desc&limit=10&offset=0

2017-10-04 16:43:02_0.29477100 1507106582 :/favicon.ico

2017-10-04 16:43:21_0.35095900 1507106601 :/abnormal/piping

2017-10-04 16:43:21_0.66104900 1507106601 :/Abnormal/ajaxPipingList?sort=id&order=desc&limit=10&offset=0

2017-10-04 16:43:21_0.96102700 1507106601 :/favicon.ico

2017-10-04 16:43:23_0.47195200 1507106603 :/abnormal/medicine

2017-10-04 16:43:23_0.77731900 1507106603 :/Abnormal/ajaxMedicineList?sort=id&order=desc&limit=10&offset=0

2017-10-04 16:43:24_0.07263400 1507106604 :/favicon.ico

2017-10-04 20:47:55_0.26462400 1507121275 :/standard/dictionaries

2017-10-04 20:47:55_0.62690100 1507121275 :/base/ajaxSectionList?sort=id&order=desc&limit=10&offset=0

2017-10-04 20:47:57_0.50460700 1507121277 :/favicon.ico

